-- The C compiler identification is GNU 11.3.0
-- The CXX compiler identification is GNU 11.3.0
-- Detecting C compiler ABI info
-- Detecting C compiler ABI info - done
-- Check for working C compiler: /usr/bin/cc - skipped
-- Detecting C compile features
-- Detecting C compile features - done
-- Detecting CXX compiler ABI info
-- Detecting CXX compiler ABI info - done
-- Check for working CXX compiler: /usr/bin/c++ - skipped
-- Detecting CXX compile features
-- Detecting CXX compile features - done
-- Found ament_cmake: 1.3.4 (/opt/ros/humble/share/ament_cmake/cmake)
-- Found Python3: /usr/bin/python3.10 (found version "3.10.6") found components: Interpreter 
-- Found rclcpp: 16.0.4 (/opt/ros/humble/share/rclcpp/cmake)
-- Found rosidl_generator_c: 3.1.4 (/opt/ros/humble/share/rosidl_generator_c/cmake)
-- Found rosidl_adapter: 3.1.4 (/opt/ros/humble/share/rosidl_adapter/cmake)
-- Found rosidl_generator_cpp: 3.1.4 (/opt/ros/humble/share/rosidl_generator_cpp/cmake)
-- Using all available rosidl_typesupport_c: rosidl_typesupport_fastrtps_c;rosidl_typesupport_introspection_c
-- Using all available rosidl_typesupport_cpp: rosidl_typesupport_fastrtps_cpp;rosidl_typesupport_introspection_cpp
-- Found rmw_implementation_cmake: 6.1.1 (/opt/ros/humble/share/rmw_implementation_cmake/cmake)
-- Found rmw_fastrtps_cpp: 6.2.2 (/opt/ros/humble/share/rmw_fastrtps_cpp/cmake)
-- Found OpenSSL: /usr/lib/x86_64-linux-gnu/libcrypto.so (found version "3.0.2")  
-- Found FastRTPS: /opt/ros/humble/include  
-- Using RMW implementation 'rmw_fastrtps_cpp' as default
-- Looking for pthread.h
-- Looking for pthread.h - found
-- Performing Test CMAKE_HAVE_LIBC_PTHREAD
-- Performing Test CMAKE_HAVE_LIBC_PTHREAD - Success
-- Found Threads: TRUE  
-- Found rclpy: 3.3.8 (/opt/ros/humble/share/rclpy/cmake)
-- Found geometry_msgs: 4.2.3 (/home/simulations/ros2_sims_ws/install/geometry_msgs/share/geometry_msgs/cmake)
-- Found tf2: 0.25.2 (/opt/ros/humble/share/tf2/cmake)
-- Found tf2_ros: 0.25.2 (/opt/ros/humble/share/tf2_ros/cmake)
-- Found rosidl_default_generators: 1.2.0 (/home/simulations/ros2_sims_ws/install/rosidl_default_generators/share/rosidl_default_generators/cmake)
-- Found ament_cmake_ros: 0.10.0 (/opt/ros/humble/share/ament_cmake_ros/cmake)
-- Using all available rosidl_typesupport_c: rosidl_typesupport_fastrtps_c;rosidl_typesupport_introspection_c
-- Using all available rosidl_typesupport_cpp: rosidl_typesupport_fastrtps_cpp;rosidl_typesupport_introspection_cpp
-- Found PythonInterp: /usr/bin/python3 (found suitable version "3.10.6", minimum required is "3.6") 
-- Found python_cmake_module: 0.10.0 (/opt/ros/humble/share/python_cmake_module/cmake)
-- Found PythonLibs: /usr/lib/x86_64-linux-gnu/libpython3.10.so (found suitable version "3.10.6", minimum required is "3.5") 
-- Using PYTHON_EXECUTABLE: /usr/bin/python3
-- Using PYTHON_INCLUDE_DIRS: /usr/include/python3.10
-- Using PYTHON_LIBRARIES: /usr/lib/x86_64-linux-gnu/libpython3.10.so
-- Found PythonExtra: .so  
-- Found ament_lint_auto: 0.12.6 (/opt/ros/humble/share/ament_lint_auto/cmake)
-- Added test 'copyright' to check source files copyright and LICENSE
-- Added test 'flake8' to check Python code syntax and style conventions
-- Added test 'lint_cmake' to check CMake code style
-- Added test 'pep257' to check Python code against some of the docstring style conventions in PEP 257
-- Added test 'xmllint' to check XML markup files
-- Configuring done
-- Generating done
-- Build files have been written to: /home/user/FinalProject/ros2_ws/build/hole_detector
[  3%] [34m[1mGenerating Rust code for ROS interfaces[0m
[  3%] Built target hole_detector__rs
[  3%] Built target ament_cmake_python_copy_hole_detector
[  6%] [34m[1mGenerating C++ code for ROS interfaces[0m
[  6%] Built target hole_detector__cpp
running egg_info
creating hole_detector.egg-info
writing hole_detector.egg-info/PKG-INFO
writing dependency_links to hole_detector.egg-info/dependency_links.txt
writing top-level names to hole_detector.egg-info/top_level.txt
writing manifest file 'hole_detector.egg-info/SOURCES.txt'
reading manifest file 'hole_detector.egg-info/SOURCES.txt'
writing manifest file 'hole_detector.egg-info/SOURCES.txt'
[  6%] Built target ament_cmake_python_build_hole_detector_egg
[  9%] [34m[1mGenerating C++ type support dispatch for ROS interfaces[0m
[ 12%] [32mBuilding CXX object CMakeFiles/hole_detector__rosidl_typesupport_cpp.dir/rosidl_typesupport_cpp/hole_detector/srv/hole_coordinates__type_support.cpp.o[0m
[ 15%] [32m[1mLinking CXX shared library libhole_detector__rosidl_typesupport_cpp.so[0m
[ 15%] Built target hole_detector__rosidl_typesupport_cpp
[ 18%] [34m[1mGenerating C++ introspection for ROS interfaces[0m
[ 21%] [32mBuilding CXX object CMakeFiles/hole_detector__rosidl_typesupport_introspection_cpp.dir/rosidl_typesupport_introspection_cpp/hole_detector/srv/detail/hole_coordinates__type_support.cpp.o[0m
[ 25%] [32m[1mLinking CXX shared library libhole_detector__rosidl_typesupport_introspection_cpp.so[0m
[ 25%] Built target hole_detector__rosidl_typesupport_introspection_cpp
[ 28%] [34m[1mGenerating C++ type support for eProsima Fast-RTPS[0m
[ 31%] [32mBuilding CXX object CMakeFiles/hole_detector__rosidl_typesupport_fastrtps_cpp.dir/rosidl_typesupport_fastrtps_cpp/hole_detector/srv/detail/dds_fastrtps/hole_coordinates__type_support.cpp.o[0m
[ 34%] [32m[1mLinking CXX shared library libhole_detector__rosidl_typesupport_fastrtps_cpp.so[0m
[ 34%] Built target hole_detector__rosidl_typesupport_fastrtps_cpp
[ 37%] [34m[1mGenerating C code for ROS interfaces[0m
[ 40%] [32mBuilding C object CMakeFiles/hole_detector__rosidl_generator_c.dir/rosidl_generator_c/hole_detector/srv/detail/hole_coordinates__functions.c.o[0m
[ 43%] [32m[1mLinking C shared library libhole_detector__rosidl_generator_c.so[0m
[ 43%] Built target hole_detector__rosidl_generator_c
[ 46%] [34m[1mGenerating C type support for eProsima Fast-RTPS[0m
[ 50%] [32mBuilding CXX object CMakeFiles/hole_detector__rosidl_typesupport_fastrtps_c.dir/rosidl_typesupport_fastrtps_c/hole_detector/srv/detail/hole_coordinates__type_support_c.cpp.o[0m
[ 53%] [32m[1mLinking CXX shared library libhole_detector__rosidl_typesupport_fastrtps_c.so[0m
[ 53%] Built target hole_detector__rosidl_typesupport_fastrtps_c
[ 56%] [34m[1mGenerating C type support dispatch for ROS interfaces[0m
[ 59%] [32mBuilding CXX object CMakeFiles/hole_detector__rosidl_typesupport_c.dir/rosidl_typesupport_c/hole_detector/srv/hole_coordinates__type_support.cpp.o[0m
[ 62%] [32m[1mLinking CXX shared library libhole_detector__rosidl_typesupport_c.so[0m
[ 62%] Built target hole_detector__rosidl_typesupport_c
[ 65%] [34m[1mGenerating C introspection for ROS interfaces[0m
[ 68%] [32mBuilding C object CMakeFiles/hole_detector__rosidl_typesupport_introspection_c.dir/rosidl_typesupport_introspection_c/hole_detector/srv/detail/hole_coordinates__type_support.c.o[0m
[ 71%] [32m[1mLinking C shared library libhole_detector__rosidl_typesupport_introspection_c.so[0m
[ 71%] Built target hole_detector__rosidl_typesupport_introspection_c
[ 71%] Built target hole_detector
[ 75%] [34m[1mGenerating Python code for ROS interfaces[0m
[ 75%] Built target hole_detector__py
[ 78%] [32mBuilding C object CMakeFiles/hole_detector__rosidl_generator_py.dir/rosidl_generator_py/hole_detector/srv/_hole_coordinates_s.c.o[0m
[ 81%] [32m[1mLinking C shared library rosidl_generator_py/hole_detector/libhole_detector__rosidl_generator_py.so[0m
[ 81%] Built target hole_detector__rosidl_generator_py
[ 84%] [32mBuilding C object CMakeFiles/hole_detector__rosidl_typesupport_fastrtps_c__pyext.dir/rosidl_generator_py/hole_detector/_hole_detector_s.ep.rosidl_typesupport_fastrtps_c.c.o[0m
[ 87%] [32m[1mLinking C shared library rosidl_generator_py/hole_detector/hole_detector_s__rosidl_typesupport_fastrtps_c.cpython-310-x86_64-linux-gnu.so[0m
[ 87%] Built target hole_detector__rosidl_typesupport_fastrtps_c__pyext
[ 90%] [32mBuilding C object CMakeFiles/hole_detector__rosidl_typesupport_c__pyext.dir/rosidl_generator_py/hole_detector/_hole_detector_s.ep.rosidl_typesupport_c.c.o[0m
[ 93%] [32m[1mLinking C shared library rosidl_generator_py/hole_detector/hole_detector_s__rosidl_typesupport_c.cpython-310-x86_64-linux-gnu.so[0m
[ 93%] Built target hole_detector__rosidl_typesupport_c__pyext
[ 96%] [32mBuilding C object CMakeFiles/hole_detector__rosidl_typesupport_introspection_c__pyext.dir/rosidl_generator_py/hole_detector/_hole_detector_s.ep.rosidl_typesupport_introspection_c.c.o[0m
[100%] [32m[1mLinking C shared library rosidl_generator_py/hole_detector/hole_detector_s__rosidl_typesupport_introspection_c.cpython-310-x86_64-linux-gnu.so[0m
[100%] Built target hole_detector__rosidl_typesupport_introspection_c__pyext
-- Install configuration: ""
-- Installing: /home/user/FinalProject/ros2_ws/install/hole_detector/share/ament_index/resource_index/rosidl_interfaces/hole_detector
-- Installing: /home/user/FinalProject/ros2_ws/install/hole_detector/include/hole_detector/hole_detector
-- Installing: /home/user/FinalProject/ros2_ws/install/hole_detector/include/hole_detector/hole_detector/srv
-- Installing: /home/user/FinalProject/ros2_ws/install/hole_detector/include/hole_detector/hole_detector/srv/detail
-- Installing: /home/user/FinalProject/ros2_ws/install/hole_detector/include/hole_detector/hole_detector/srv/detail/hole_coordinates__type_support.h
-- Installing: /home/user/FinalProject/ros2_ws/install/hole_detector/include/hole_detector/hole_detector/srv/detail/hole_coordinates__functions.c
-- Installing: /home/user/FinalProject/ros2_ws/install/hole_detector/include/hole_detector/hole_detector/srv/detail/hole_coordinates__struct.h
-- Installing: /home/user/FinalProject/ros2_ws/install/hole_detector/include/hole_detector/hole_detector/srv/detail/hole_coordinates__functions.h
-- Installing: /home/user/FinalProject/ros2_ws/install/hole_detector/include/hole_detector/hole_detector/srv/hole_coordinates.h
-- Installing: /home/user/FinalProject/ros2_ws/install/hole_detector/include/hole_detector/hole_detector/msg
-- Installing: /home/user/FinalProject/ros2_ws/install/hole_detector/include/hole_detector/hole_detector/msg/rosidl_generator_c__visibility_control.h
-- Installing: /home/user/FinalProject/ros2_ws/install/hole_detector/share/hole_detector/environment/library_path.sh
-- Installing: /home/user/FinalProject/ros2_ws/install/hole_detector/share/hole_detector/environment/library_path.dsv
-- Installing: /home/user/FinalProject/ros2_ws/install/hole_detector/lib/libhole_detector__rosidl_generator_c.so
-- Set runtime path of "/home/user/FinalProject/ros2_ws/install/hole_detector/lib/libhole_detector__rosidl_generator_c.so" to ""
-- Up-to-date: /home/user/FinalProject/ros2_ws/install/hole_detector/include/hole_detector/hole_detector
-- Up-to-date: /home/user/FinalProject/ros2_ws/install/hole_detector/include/hole_detector/hole_detector/srv
-- Up-to-date: /home/user/FinalProject/ros2_ws/install/hole_detector/include/hole_detector/hole_detector/srv/detail
-- Installing: /home/user/FinalProject/ros2_ws/install/hole_detector/include/hole_detector/hole_detector/srv/detail/hole_coordinates__rosidl_typesupport_fastrtps_c.h
-- Up-to-date: /home/user/FinalProject/ros2_ws/install/hole_detector/include/hole_detector/hole_detector/msg
-- Installing: /home/user/FinalProject/ros2_ws/install/hole_detector/include/hole_detector/hole_detector/msg/rosidl_typesupport_fastrtps_c__visibility_control.h
-- Installing: /home/user/FinalProject/ros2_ws/install/hole_detector/lib/libhole_detector__rosidl_typesupport_fastrtps_c.so
-- Set runtime path of "/home/user/FinalProject/ros2_ws/install/hole_detector/lib/libhole_detector__rosidl_typesupport_fastrtps_c.so" to ""
-- Up-to-date: /home/user/FinalProject/ros2_ws/install/hole_detector/include/hole_detector/hole_detector
-- Up-to-date: /home/user/FinalProject/ros2_ws/install/hole_detector/include/hole_detector/hole_detector/srv
-- Up-to-date: /home/user/FinalProject/ros2_ws/install/hole_detector/include/hole_detector/hole_detector/srv/detail
-- Installing: /home/user/FinalProject/ros2_ws/install/hole_detector/include/hole_detector/hole_detector/srv/detail/hole_coordinates__traits.hpp
-- Installing: /home/user/FinalProject/ros2_ws/install/hole_detector/include/hole_detector/hole_detector/srv/detail/hole_coordinates__builder.hpp
-- Installing: /home/user/FinalProject/ros2_ws/install/hole_detector/include/hole_detector/hole_detector/srv/detail/hole_coordinates__struct.hpp
-- Installing: /home/user/FinalProject/ros2_ws/install/hole_detector/include/hole_detector/hole_detector/srv/hole_coordinates.hpp
-- Up-to-date: /home/user/FinalProject/ros2_ws/install/hole_detector/include/hole_detector/hole_detector
-- Up-to-date: /home/user/FinalProject/ros2_ws/install/hole_detector/include/hole_detector/hole_detector/srv
-- Up-to-date: /home/user/FinalProject/ros2_ws/install/hole_detector/include/hole_detector/hole_detector/srv/detail
-- Installing: /home/user/FinalProject/ros2_ws/install/hole_detector/include/hole_detector/hole_detector/srv/detail/dds_fastrtps
-- Installing: /home/user/FinalProject/ros2_ws/install/hole_detector/include/hole_detector/hole_detector/srv/detail/hole_coordinates__rosidl_typesupport_fastrtps_cpp.hpp
-- Up-to-date: /home/user/FinalProject/ros2_ws/install/hole_detector/include/hole_detector/hole_detector/msg
-- Installing: /home/user/FinalProject/ros2_ws/install/hole_detector/include/hole_detector/hole_detector/msg/rosidl_typesupport_fastrtps_cpp__visibility_control.h
-- Installing: /home/user/FinalProject/ros2_ws/install/hole_detector/lib/libhole_detector__rosidl_typesupport_fastrtps_cpp.so
-- Set runtime path of "/home/user/FinalProject/ros2_ws/install/hole_detector/lib/libhole_detector__rosidl_typesupport_fastrtps_cpp.so" to ""
-- Up-to-date: /home/user/FinalProject/ros2_ws/install/hole_detector/include/hole_detector/hole_detector
-- Up-to-date: /home/user/FinalProject/ros2_ws/install/hole_detector/include/hole_detector/hole_detector/srv
-- Up-to-date: /home/user/FinalProject/ros2_ws/install/hole_detector/include/hole_detector/hole_detector/srv/detail
-- Installing: /home/user/FinalProject/ros2_ws/install/hole_detector/include/hole_detector/hole_detector/srv/detail/hole_coordinates__type_support.c
-- Installing: /home/user/FinalProject/ros2_ws/install/hole_detector/include/hole_detector/hole_detector/srv/detail/hole_coordinates__rosidl_typesupport_introspection_c.h
-- Up-to-date: /home/user/FinalProject/ros2_ws/install/hole_detector/include/hole_detector/hole_detector/msg
-- Installing: /home/user/FinalProject/ros2_ws/install/hole_detector/include/hole_detector/hole_detector/msg/rosidl_typesupport_introspection_c__visibility_control.h
-- Installing: /home/user/FinalProject/ros2_ws/install/hole_detector/lib/libhole_detector__rosidl_typesupport_introspection_c.so
-- Set runtime path of "/home/user/FinalProject/ros2_ws/install/hole_detector/lib/libhole_detector__rosidl_typesupport_introspection_c.so" to ""
-- Installing: /home/user/FinalProject/ros2_ws/install/hole_detector/lib/libhole_detector__rosidl_typesupport_c.so
-- Set runtime path of "/home/user/FinalProject/ros2_ws/install/hole_detector/lib/libhole_detector__rosidl_typesupport_c.so" to ""
-- Up-to-date: /home/user/FinalProject/ros2_ws/install/hole_detector/include/hole_detector/hole_detector
-- Up-to-date: /home/user/FinalProject/ros2_ws/install/hole_detector/include/hole_detector/hole_detector/srv
-- Up-to-date: /home/user/FinalProject/ros2_ws/install/hole_detector/include/hole_detector/hole_detector/srv/detail
-- Installing: /home/user/FinalProject/ros2_ws/install/hole_detector/include/hole_detector/hole_detector/srv/detail/hole_coordinates__rosidl_typesupport_introspection_cpp.hpp
-- Installing: /home/user/FinalProject/ros2_ws/install/hole_detector/include/hole_detector/hole_detector/srv/detail/hole_coordinates__type_support.cpp
-- Installing: /home/user/FinalProject/ros2_ws/install/hole_detector/lib/libhole_detector__rosidl_typesupport_introspection_cpp.so
-- Set runtime path of "/home/user/FinalProject/ros2_ws/install/hole_detector/lib/libhole_detector__rosidl_typesupport_introspection_cpp.so" to ""
-- Installing: /home/user/FinalProject/ros2_ws/install/hole_detector/lib/libhole_detector__rosidl_typesupport_cpp.so
-- Set runtime path of "/home/user/FinalProject/ros2_ws/install/hole_detector/lib/libhole_detector__rosidl_typesupport_cpp.so" to ""
-- Installing: /home/user/FinalProject/ros2_ws/install/hole_detector/share/ament_index/resource_index/rust_packages/hole_detector
-- Installing: /home/user/FinalProject/ros2_ws/install/hole_detector/share/hole_detector/rust
-- Installing: /home/user/FinalProject/ros2_ws/install/hole_detector/share/hole_detector/rust/Cargo.toml
-- Installing: /home/user/FinalProject/ros2_ws/install/hole_detector/share/hole_detector/rust/src
-- Installing: /home/user/FinalProject/ros2_ws/install/hole_detector/share/hole_detector/rust/src/srv.rs
-- Installing: /home/user/FinalProject/ros2_ws/install/hole_detector/share/hole_detector/rust/src/lib.rs
-- Installing: /home/user/FinalProject/ros2_ws/install/hole_detector/share/hole_detector/rust/build.rs
-- Up-to-date: /home/user/FinalProject/ros2_ws/install/hole_detector/share/hole_detector/rust
-- Up-to-date: /home/user/FinalProject/ros2_ws/install/hole_detector/share/hole_detector/rust/Cargo.toml
-- Up-to-date: /home/user/FinalProject/ros2_ws/install/hole_detector/share/hole_detector/rust/src
-- Up-to-date: /home/user/FinalProject/ros2_ws/install/hole_detector/share/hole_detector/rust/src/srv.rs
-- Up-to-date: /home/user/FinalProject/ros2_ws/install/hole_detector/share/hole_detector/rust/src/lib.rs
-- Up-to-date: /home/user/FinalProject/ros2_ws/install/hole_detector/share/hole_detector/rust/build.rs
-- Up-to-date: /home/user/FinalProject/ros2_ws/install/hole_detector/share/hole_detector/rust
-- Up-to-date: /home/user/FinalProject/ros2_ws/install/hole_detector/share/hole_detector/rust/Cargo.toml
-- Up-to-date: /home/user/FinalProject/ros2_ws/install/hole_detector/share/hole_detector/rust/src
-- Up-to-date: /home/user/FinalProject/ros2_ws/install/hole_detector/share/hole_detector/rust/src/srv.rs
-- Up-to-date: /home/user/FinalProject/ros2_ws/install/hole_detector/share/hole_detector/rust/src/lib.rs
-- Up-to-date: /home/user/FinalProject/ros2_ws/install/hole_detector/share/hole_detector/rust/build.rs
-- Installing: /home/user/FinalProject/ros2_ws/install/hole_detector/share/hole_detector/environment/pythonpath.sh
-- Installing: /home/user/FinalProject/ros2_ws/install/hole_detector/share/hole_detector/environment/pythonpath.dsv
-- Installing: /home/user/FinalProject/ros2_ws/install/hole_detector/local/lib/python3.10/dist-packages/hole_detector-0.0.0-py3.10.egg-info
-- Installing: /home/user/FinalProject/ros2_ws/install/hole_detector/local/lib/python3.10/dist-packages/hole_detector-0.0.0-py3.10.egg-info/PKG-INFO
-- Installing: /home/user/FinalProject/ros2_ws/install/hole_detector/local/lib/python3.10/dist-packages/hole_detector-0.0.0-py3.10.egg-info/top_level.txt
-- Installing: /home/user/FinalProject/ros2_ws/install/hole_detector/local/lib/python3.10/dist-packages/hole_detector-0.0.0-py3.10.egg-info/SOURCES.txt
-- Installing: /home/user/FinalProject/ros2_ws/install/hole_detector/local/lib/python3.10/dist-packages/hole_detector-0.0.0-py3.10.egg-info/dependency_links.txt
-- Installing: /home/user/FinalProject/ros2_ws/install/hole_detector/local/lib/python3.10/dist-packages/hole_detector
-- Installing: /home/user/FinalProject/ros2_ws/install/hole_detector/local/lib/python3.10/dist-packages/hole_detector/srv
-- Installing: /home/user/FinalProject/ros2_ws/install/hole_detector/local/lib/python3.10/dist-packages/hole_detector/srv/_hole_coordinates_s.c
-- Installing: /home/user/FinalProject/ros2_ws/install/hole_detector/local/lib/python3.10/dist-packages/hole_detector/srv/__init__.py
-- Installing: /home/user/FinalProject/ros2_ws/install/hole_detector/local/lib/python3.10/dist-packages/hole_detector/srv/_hole_coordinates.py
-- Installing: /home/user/FinalProject/ros2_ws/install/hole_detector/local/lib/python3.10/dist-packages/hole_detector/libhole_detector__rosidl_generator_py.so
-- Installing: /home/user/FinalProject/ros2_ws/install/hole_detector/local/lib/python3.10/dist-packages/hole_detector/_hole_detector_s.ep.rosidl_typesupport_introspection_c.c
-- Installing: /home/user/FinalProject/ros2_ws/install/hole_detector/local/lib/python3.10/dist-packages/hole_detector/hole_detector_s__rosidl_typesupport_c.cpython-310-x86_64-linux-gnu.so
-- Installing: /home/user/FinalProject/ros2_ws/install/hole_detector/local/lib/python3.10/dist-packages/hole_detector/__init__.py
-- Installing: /home/user/FinalProject/ros2_ws/install/hole_detector/local/lib/python3.10/dist-packages/hole_detector/hole_detector_s__rosidl_typesupport_introspection_c.cpython-310-x86_64-linux-gnu.so
-- Installing: /home/user/FinalProject/ros2_ws/install/hole_detector/local/lib/python3.10/dist-packages/hole_detector/_hole_detector_s.ep.rosidl_typesupport_fastrtps_c.c
-- Installing: /home/user/FinalProject/ros2_ws/install/hole_detector/local/lib/python3.10/dist-packages/hole_detector/_hole_detector_s.ep.rosidl_typesupport_c.c
-- Installing: /home/user/FinalProject/ros2_ws/install/hole_detector/local/lib/python3.10/dist-packages/hole_detector/hole_detector_s__rosidl_typesupport_fastrtps_c.cpython-310-x86_64-linux-gnu.so
Listing '/home/user/FinalProject/ros2_ws/install/hole_detector/local/lib/python3.10/dist-packages/hole_detector'...
Compiling '/home/user/FinalProject/ros2_ws/install/hole_detector/local/lib/python3.10/dist-packages/hole_detector/__init__.py'...
Listing '/home/user/FinalProject/ros2_ws/install/hole_detector/local/lib/python3.10/dist-packages/hole_detector/srv'...
Compiling '/home/user/FinalProject/ros2_ws/install/hole_detector/local/lib/python3.10/dist-packages/hole_detector/srv/__init__.py'...
Compiling '/home/user/FinalProject/ros2_ws/install/hole_detector/local/lib/python3.10/dist-packages/hole_detector/srv/_hole_coordinates.py'...
-- Installing: /home/user/FinalProject/ros2_ws/install/hole_detector/local/lib/python3.10/dist-packages/hole_detector/hole_detector_s__rosidl_typesupport_fastrtps_c.cpython-310-x86_64-linux-gnu.so
-- Set runtime path of "/home/user/FinalProject/ros2_ws/install/hole_detector/local/lib/python3.10/dist-packages/hole_detector/hole_detector_s__rosidl_typesupport_fastrtps_c.cpython-310-x86_64-linux-gnu.so" to ""
-- Installing: /home/user/FinalProject/ros2_ws/install/hole_detector/local/lib/python3.10/dist-packages/hole_detector/hole_detector_s__rosidl_typesupport_introspection_c.cpython-310-x86_64-linux-gnu.so
-- Set runtime path of "/home/user/FinalProject/ros2_ws/install/hole_detector/local/lib/python3.10/dist-packages/hole_detector/hole_detector_s__rosidl_typesupport_introspection_c.cpython-310-x86_64-linux-gnu.so" to ""
-- Installing: /home/user/FinalProject/ros2_ws/install/hole_detector/local/lib/python3.10/dist-packages/hole_detector/hole_detector_s__rosidl_typesupport_c.cpython-310-x86_64-linux-gnu.so
-- Set runtime path of "/home/user/FinalProject/ros2_ws/install/hole_detector/local/lib/python3.10/dist-packages/hole_detector/hole_detector_s__rosidl_typesupport_c.cpython-310-x86_64-linux-gnu.so" to ""
-- Installing: /home/user/FinalProject/ros2_ws/install/hole_detector/lib/libhole_detector__rosidl_generator_py.so
-- Set runtime path of "/home/user/FinalProject/ros2_ws/install/hole_detector/lib/libhole_detector__rosidl_generator_py.so" to ""
-- Installing: /home/user/FinalProject/ros2_ws/install/hole_detector/share/hole_detector/srv/HoleCoordinates.idl
-- Installing: /home/user/FinalProject/ros2_ws/install/hole_detector/share/hole_detector/srv/HoleCoordinates.srv
-- Installing: /home/user/FinalProject/ros2_ws/install/hole_detector/share/hole_detector/srv/HoleCoordinates_Request.msg
-- Installing: /home/user/FinalProject/ros2_ws/install/hole_detector/share/hole_detector/srv/HoleCoordinates_Response.msg
-- Installing: /home/user/FinalProject/ros2_ws/install/hole_detector/lib/hole_detector/holedetector_sim.py
-- Installing: /home/user/FinalProject/ros2_ws/install/hole_detector/lib/hole_detector/holedetector_real.py
-- Installing: /home/user/FinalProject/ros2_ws/install/hole_detector/share/hole_detector/launch
-- Installing: /home/user/FinalProject/ros2_ws/install/hole_detector/share/hole_detector/launch/hole_detector_sim.launch.py
-- Installing: /home/user/FinalProject/ros2_ws/install/hole_detector/share/hole_detector/launch/hole_detector_real.launch.py
-- Installing: /home/user/FinalProject/ros2_ws/install/hole_detector/share/ament_index/resource_index/package_run_dependencies/hole_detector
-- Installing: /home/user/FinalProject/ros2_ws/install/hole_detector/share/ament_index/resource_index/parent_prefix_path/hole_detector
-- Installing: /home/user/FinalProject/ros2_ws/install/hole_detector/share/hole_detector/environment/ament_prefix_path.sh
-- Installing: /home/user/FinalProject/ros2_ws/install/hole_detector/share/hole_detector/environment/ament_prefix_path.dsv
-- Installing: /home/user/FinalProject/ros2_ws/install/hole_detector/share/hole_detector/environment/path.sh
-- Installing: /home/user/FinalProject/ros2_ws/install/hole_detector/share/hole_detector/environment/path.dsv
-- Installing: /home/user/FinalProject/ros2_ws/install/hole_detector/share/hole_detector/local_setup.bash
-- Installing: /home/user/FinalProject/ros2_ws/install/hole_detector/share/hole_detector/local_setup.sh
-- Installing: /home/user/FinalProject/ros2_ws/install/hole_detector/share/hole_detector/local_setup.zsh
-- Installing: /home/user/FinalProject/ros2_ws/install/hole_detector/share/hole_detector/local_setup.dsv
-- Installing: /home/user/FinalProject/ros2_ws/install/hole_detector/share/hole_detector/package.dsv
-- Installing: /home/user/FinalProject/ros2_ws/install/hole_detector/share/ament_index/resource_index/packages/hole_detector
-- Installing: /home/user/FinalProject/ros2_ws/install/hole_detector/share/hole_detector/cmake/export_hole_detector__rosidl_generator_cExport.cmake
-- Installing: /home/user/FinalProject/ros2_ws/install/hole_detector/share/hole_detector/cmake/export_hole_detector__rosidl_generator_cExport-noconfig.cmake
-- Installing: /home/user/FinalProject/ros2_ws/install/hole_detector/share/hole_detector/cmake/export_hole_detector__rosidl_typesupport_fastrtps_cExport.cmake
-- Installing: /home/user/FinalProject/ros2_ws/install/hole_detector/share/hole_detector/cmake/export_hole_detector__rosidl_typesupport_fastrtps_cExport-noconfig.cmake
-- Installing: /home/user/FinalProject/ros2_ws/install/hole_detector/share/hole_detector/cmake/export_hole_detector__rosidl_generator_cppExport.cmake
-- Installing: /home/user/FinalProject/ros2_ws/install/hole_detector/share/hole_detector/cmake/export_hole_detector__rosidl_typesupport_fastrtps_cppExport.cmake
-- Installing: /home/user/FinalProject/ros2_ws/install/hole_detector/share/hole_detector/cmake/export_hole_detector__rosidl_typesupport_fastrtps_cppExport-noconfig.cmake
-- Installing: /home/user/FinalProject/ros2_ws/install/hole_detector/share/hole_detector/cmake/hole_detector__rosidl_typesupport_introspection_cExport.cmake
-- Installing: /home/user/FinalProject/ros2_ws/install/hole_detector/share/hole_detector/cmake/hole_detector__rosidl_typesupport_introspection_cExport-noconfig.cmake
-- Installing: /home/user/FinalProject/ros2_ws/install/hole_detector/share/hole_detector/cmake/hole_detector__rosidl_typesupport_cExport.cmake
-- Installing: /home/user/FinalProject/ros2_ws/install/hole_detector/share/hole_detector/cmake/hole_detector__rosidl_typesupport_cExport-noconfig.cmake
-- Installing: /home/user/FinalProject/ros2_ws/install/hole_detector/share/hole_detector/cmake/hole_detector__rosidl_typesupport_introspection_cppExport.cmake
-- Installing: /home/user/FinalProject/ros2_ws/install/hole_detector/share/hole_detector/cmake/hole_detector__rosidl_typesupport_introspection_cppExport-noconfig.cmake
-- Installing: /home/user/FinalProject/ros2_ws/install/hole_detector/share/hole_detector/cmake/hole_detector__rosidl_typesupport_cppExport.cmake
-- Installing: /home/user/FinalProject/ros2_ws/install/hole_detector/share/hole_detector/cmake/hole_detector__rosidl_typesupport_cppExport-noconfig.cmake
-- Installing: /home/user/FinalProject/ros2_ws/install/hole_detector/share/hole_detector/cmake/export_hole_detector__rosidl_generator_pyExport.cmake
-- Installing: /home/user/FinalProject/ros2_ws/install/hole_detector/share/hole_detector/cmake/export_hole_detector__rosidl_generator_pyExport-noconfig.cmake
-- Installing: /home/user/FinalProject/ros2_ws/install/hole_detector/share/hole_detector/cmake/rosidl_cmake-extras.cmake
-- Installing: /home/user/FinalProject/ros2_ws/install/hole_detector/share/hole_detector/cmake/ament_cmake_export_dependencies-extras.cmake
-- Installing: /home/user/FinalProject/ros2_ws/install/hole_detector/share/hole_detector/cmake/ament_cmake_export_include_directories-extras.cmake
-- Installing: /home/user/FinalProject/ros2_ws/install/hole_detector/share/hole_detector/cmake/ament_cmake_export_libraries-extras.cmake
-- Installing: /home/user/FinalProject/ros2_ws/install/hole_detector/share/hole_detector/cmake/ament_cmake_export_targets-extras.cmake
-- Installing: /home/user/FinalProject/ros2_ws/install/hole_detector/share/hole_detector/cmake/rosidl_cmake_export_typesupport_targets-extras.cmake
-- Installing: /home/user/FinalProject/ros2_ws/install/hole_detector/share/hole_detector/cmake/rosidl_cmake_export_typesupport_libraries-extras.cmake
-- Installing: /home/user/FinalProject/ros2_ws/install/hole_detector/share/hole_detector/cmake/hole_detectorConfig.cmake
-- Installing: /home/user/FinalProject/ros2_ws/install/hole_detector/share/hole_detector/cmake/hole_detectorConfig-version.cmake
-- Installing: /home/user/FinalProject/ros2_ws/install/hole_detector/share/hole_detector/package.xml
