[35m[1mConsolidate compiler generated dependencies of target pick_and_place_perception_sim[0m
[ 50%] Built target pick_and_place_perception_sim
[35m[1mConsolidate compiler generated dependencies of target pick_and_place_perception[0m
[100%] Built target pick_and_place_perception
-- Install configuration: ""
-- Up-to-date: /home/user/FinalProject/ros2_ws/install/pick_and_place/lib/pick_and_place/pick_and_place_perception_sim
-- Up-to-date: /home/user/FinalProject/ros2_ws/install/pick_and_place/lib/pick_and_place/pick_and_place_perception
-- Up-to-date: /home/user/FinalProject/ros2_ws/install/pick_and_place/share/pick_and_place/launch
-- Up-to-date: /home/user/FinalProject/ros2_ws/install/pick_and_place/share/pick_and_place/launch/pick_and_place_perception_sim.launch.py
-- Up-to-date: /home/user/FinalProject/ros2_ws/install/pick_and_place/share/pick_and_place/launch/pick_and_place_perception_real.launch.py
-- Up-to-date: /home/user/FinalProject/ros2_ws/install/pick_and_place/share/pick_and_place/rviz
-- Up-to-date: /home/user/FinalProject/ros2_ws/install/pick_and_place/share/pick_and_place/rviz/rviz2.rviz
-- Up-to-date: /home/user/FinalProject/ros2_ws/install/pick_and_place/share/ament_index/resource_index/package_run_dependencies/pick_and_place
-- Up-to-date: /home/user/FinalProject/ros2_ws/install/pick_and_place/share/ament_index/resource_index/parent_prefix_path/pick_and_place
-- Up-to-date: /home/user/FinalProject/ros2_ws/install/pick_and_place/share/pick_and_place/environment/ament_prefix_path.sh
-- Up-to-date: /home/user/FinalProject/ros2_ws/install/pick_and_place/share/pick_and_place/environment/ament_prefix_path.dsv
-- Up-to-date: /home/user/FinalProject/ros2_ws/install/pick_and_place/share/pick_and_place/environment/path.sh
-- Up-to-date: /home/user/FinalProject/ros2_ws/install/pick_and_place/share/pick_and_place/environment/path.dsv
-- Up-to-date: /home/user/FinalProject/ros2_ws/install/pick_and_place/share/pick_and_place/local_setup.bash
-- Up-to-date: /home/user/FinalProject/ros2_ws/install/pick_and_place/share/pick_and_place/local_setup.sh
-- Up-to-date: /home/user/FinalProject/ros2_ws/install/pick_and_place/share/pick_and_place/local_setup.zsh
-- Up-to-date: /home/user/FinalProject/ros2_ws/install/pick_and_place/share/pick_and_place/local_setup.dsv
-- Installing: /home/user/FinalProject/ros2_ws/install/pick_and_place/share/pick_and_place/package.dsv
-- Up-to-date: /home/user/FinalProject/ros2_ws/install/pick_and_place/share/ament_index/resource_index/packages/pick_and_place
-- Up-to-date: /home/user/FinalProject/ros2_ws/install/pick_and_place/share/pick_and_place/cmake/pick_and_placeConfig.cmake
-- Up-to-date: /home/user/FinalProject/ros2_ws/install/pick_and_place/share/pick_and_place/cmake/pick_and_placeConfig-version.cmake
-- Up-to-date: /home/user/FinalProject/ros2_ws/install/pick_and_place/share/pick_and_place/package.xml
