[0.373s] Invoking command in '/home/user/FinalProject/ros2_ws/build/hole_detector': CMAKE_PREFIX_PATH=/home/user/FinalProject/ros2_ws/install/web_video_server:/home/user/FinalProject/ros2_ws/install/ur_simulation_gazebo:/home/user/FinalProject/ros2_ws/install/real_my_moveit_config:/home/user/FinalProject/ros2_ws/install/my_moveit_config:/home/user/FinalProject/ros2_ws/install/ur_description:/home/user/FinalProject/ros2_ws/install/the_construct_office_gazebo:/home/user/FinalProject/ros2_ws/install/robotnik_sensors:/home/user/FinalProject/ros2_ws/install/rg2_gripper_description:/home/user/FinalProject/ros2_ws/install/pick_and_place:/home/user/FinalProject/ros2_ws/install/hole_detector:/home/user/FinalProject/ros2_ws/install/gazebo_ros_pkgs:/home/user/FinalProject/ros2_ws/install/gazebo_plugins:/home/user/FinalProject/ros2_ws/install/gazebo_ros:/home/user/FinalProject/ros2_ws/install/gazebo_msgs:/home/user/FinalProject/ros2_ws/install/gazebo_dev:/home/simulations/ros2_sims_ws/install/common_interfaces:/home/simulations/ros2_sims_ws/install/visualization_msgs:/home/simulations/ros2_sims_ws/install/test_msgs:/home/simulations/ros2_sims_ws/install/example_interfaces:/home/simulations/ros2_sims_ws/install/action_msgs:/home/simulations/ros2_sims_ws/install/unique_identifier_msgs:/home/simulations/ros2_sims_ws/install/trajectory_msgs:/home/simulations/ros2_sims_ws/install/test_interface_files:/home/simulations/ros2_sims_ws/install/stereo_msgs:/home/simulations/ros2_sims_ws/install/std_srvs:/home/simulations/ros2_sims_ws/install/shape_msgs:/home/simulations/ros2_sims_ws/install/sensor_msgs:/home/simulations/ros2_sims_ws/install/nav_msgs:/home/simulations/ros2_sims_ws/install/diagnostic_msgs:/home/simulations/ros2_sims_ws/install/geometry_msgs:/home/simulations/ros2_sims_ws/install/actionlib_msgs:/home/simulations/ros2_sims_ws/install/std_msgs:/home/simulations/ros2_sims_ws/install/statistics_msgs:/home/simulations/ros2_sims_ws/install/rosgraph_msgs:/home/simulations/ros2_sims_ws/install/rclrs_example_msgs:/home/simulations/ros2_sims_ws/install/composition_interfaces:/home/simulations/ros2_sims_ws/install/rcl_interfaces:/home/simulations/ros2_sims_ws/install/lifecycle_msgs:/home/simulations/ros2_sims_ws/install/builtin_interfaces:/home/simulations/ros2_sims_ws/install/rosidl_default_runtime:/home/simulations/ros2_sims_ws/install/rosidl_default_generators:/home/simulations/ros2_sims_ws/install/rosidl_generator_rs:/home/user/ros2_ws/install/web_interface:/home/user/ros2_ws/install/web_video_server:/home/user/ros2_ws/install/ur_simulation_gazebo:/home/user/ros2_ws/install/ur3e_moveit_config:/home/user/ros2_ws/install/test_moveit_config:/home/user/ros2_ws/install/real_moveit_config:/home/user/ros2_ws/install/my_moveit_config:/home/user/ros2_ws/install/ur_description:/home/user/ros2_ws/install/the_construct_office_gazebo:/home/user/ros2_ws/install/tf2_web_republisher:/home/user/ros2_ws/install/ros_testing:/home/user/ros2_ws/install/robotnik_sensors_gazebo:/home/user/ros2_ws/install/robotnik_sensors:/home/user/ros2_ws/install/robotiq_85_gripper:/home/user/ros2_ws/install/robotiq_85_msgs:/home/user/ros2_ws/install/robotiq_85_description:/home/user/ros2_ws/install/rg2_gripper_description:/home/user/ros2_ws/install/pilz_industrial_motion_planner_testutils:/home/user/ros2_ws/install/moveit_runtime:/home/user/ros2_ws/install/moveit:/home/user/ros2_ws/install/moveit_planners:/home/user/ros2_ws/install/pilz_industrial_motion_planner:/home/user/ros2_ws/install/moveit_ros_control_interface:/home/user/ros2_ws/install/moveit_plugins:/home/user/ros2_ws/install/moveit_simple_controller_manager:/home/user/ros2_ws/install/moveit_setup_assistant:/home/user/ros2_ws/install/moveit_setup_srdf_plugins:/home/user/ros2_ws/install/moveit_setup_core_plugins:/home/user/ros2_ws/install/moveit_setup_controllers:/home/user/ros2_ws/install/moveit_setup_app_plugins:/home/user/ros2_ws/install/moveit_setup_framework:/home/user/ros2_ws/install/moveit_servo:/home/user/ros2_ws/install/moveit_ros:/home/user/ros2_ws/install/moveit_ros_visualization:/home/user/ros2_ws/install/moveit_hybrid_planning:/home/user/ros2_ws/install/moveit2_scripts:/home/user/ros2_ws/install/moveit_ros_planning_interface:/home/user/ros2_ws/install/moveit_ros_benchmarks:/home/user/ros2_ws/install/moveit_ros_warehouse:/home/user/ros2_ws/install/moveit_ros_robot_interaction:/home/user/ros2_ws/install/moveit_ros_perception:/home/user/ros2_ws/install/moveit_resources_prbt_pg70_support:/home/user/ros2_ws/install/moveit_resources_prbt_moveit_config:/home/user/ros2_ws/install/moveit_ros_move_group:/home/user/ros2_ws/install/moveit_planners_ompl:/home/user/ros2_ws/install/moveit_ros_planning:/home/user/ros2_ws/install/moveit_ros_occupancy_map_monitor:/home/user/ros2_ws/install/moveit_resources_prbt_support:/home/user/ros2_ws/install/moveit_resources_prbt_ikfast_manipulator_plugin:/home/user/ros2_ws/install/moveit_planners_chomp:/home/user/ros2_ws/install/moveit_kinematics:/home/user/ros2_ws/install/moveit_chomp_optimizer_adapter:/home/user/ros2_ws/install/chomp_motion_planner:/home/user/ros2_ws/install/moveit_core:/home/user/ros2_ws/install/moveit_common:/home/user/ros2_ws/install/main_navigation:/home/user/ros2_ws/install/get_cube_pose:/home/user/ros2_ws/install/gazebo_grasp_plugin_ros:/home/user/ros2_ws/install/gazebo_grasp_plugin:/home/user/ros2_ws/install/gazebo_version_helpers:/home/user/ros2_ws/install/gazebo_ros2_control_demos:/home/user/ros2_ws/install/gazebo_ros2_control:/home/user/ros2_ws/install/barista_table_finder:/home/user/ros2_ws/install/barista_gazebo:/home/user/ros2_ws/install/barista_extra_models:/home/user/ros2_ws/install/barista_dock_charger_station:/home/user/ros2_ws/install/barista_description:/home/user/ros2_ws/install/barista_alignment:/home/simulations/ros2_sims_ws/install/rclrs_tests:/home/simulations/ros2_sims_ws/install/examples_rclrs_minimal_client_service:/home/simulations/ros2_sims_ws/install/sensor_msgs_py:/home/simulations/ros2_sims_ws/install/examples_rclrs_minimal_pub_sub:/home/simulations/ros2_sims_ws/install/examples_rclrs_message_demo:/home/simulations/ros2_sims_ws/install/rclrs:/home/simulations/ros2_sims_ws/install/rosidl_runtime_rs:/home/user/ros2_ws/install/tf2_web_republisher_py:/home/user/ros2_ws/install/ros2test:/home/user/ros2_ws/install/robotiq_85_driver:/home/user/ros2_ws/install/path_planner_server:/home/user/ros2_ws/install/moveit_configs_utils:/home/user/ros2_ws/install/localization_server:/home/user/ros2_ws/install/cartographer_slam:/opt/ros/humble:/home/user/ros2_ws/install/async_web_server_cpp _=/usr/bin/env /usr/bin/cmake --build /home/user/FinalProject/ros2_ws/build/hole_detector -- -j8 -l8
[0.853s] [  3%] [34m[1mGenerating Rust code for ROS interfaces[0m
[1.877s] [  3%] Built target hole_detector__rs
[2.408s] [  3%] Built target ament_cmake_python_copy_hole_detector
[2.591s] [  6%] Built target hole_detector__cpp
[3.593s] running egg_info
[3.596s] writing hole_detector.egg-info/PKG-INFO
[3.596s] writing dependency_links to hole_detector.egg-info/dependency_links.txt
[3.597s] writing top-level names to hole_detector.egg-info/top_level.txt
[3.606s] reading manifest file 'hole_detector.egg-info/SOURCES.txt'
[3.606s] writing manifest file 'hole_detector.egg-info/SOURCES.txt'
[3.881s] [  6%] Built target ament_cmake_python_build_hole_detector_egg
[4.195s] [ 15%] Built target hole_detector__rosidl_typesupport_cpp
[4.426s] [ 25%] Built target hole_detector__rosidl_typesupport_introspection_cpp
[4.616s] [ 34%] Built target hole_detector__rosidl_typesupport_fastrtps_cpp
[4.747s] [ 43%] Built target hole_detector__rosidl_generator_c
[4.926s] [ 53%] Built target hole_detector__rosidl_typesupport_fastrtps_c
[5.210s] [ 62%] Built target hole_detector__rosidl_typesupport_c
[5.351s] [ 71%] Built target hole_detector__rosidl_typesupport_introspection_c
[5.454s] [ 71%] Built target hole_detector
[5.788s] [ 75%] Built target hole_detector__py
[5.880s] [ 81%] Built target hole_detector__rosidl_generator_py
[6.053s] [ 87%] Built target hole_detector__rosidl_typesupport_fastrtps_c__pyext
[6.213s] [ 93%] Built target hole_detector__rosidl_typesupport_c__pyext
[6.297s] [100%] Built target hole_detector__rosidl_typesupport_introspection_c__pyext
[6.337s] Invoked command in '/home/user/FinalProject/ros2_ws/build/hole_detector' returned '0': CMAKE_PREFIX_PATH=/home/user/FinalProject/ros2_ws/install/web_video_server:/home/user/FinalProject/ros2_ws/install/ur_simulation_gazebo:/home/user/FinalProject/ros2_ws/install/real_my_moveit_config:/home/user/FinalProject/ros2_ws/install/my_moveit_config:/home/user/FinalProject/ros2_ws/install/ur_description:/home/user/FinalProject/ros2_ws/install/the_construct_office_gazebo:/home/user/FinalProject/ros2_ws/install/robotnik_sensors:/home/user/FinalProject/ros2_ws/install/rg2_gripper_description:/home/user/FinalProject/ros2_ws/install/pick_and_place:/home/user/FinalProject/ros2_ws/install/hole_detector:/home/user/FinalProject/ros2_ws/install/gazebo_ros_pkgs:/home/user/FinalProject/ros2_ws/install/gazebo_plugins:/home/user/FinalProject/ros2_ws/install/gazebo_ros:/home/user/FinalProject/ros2_ws/install/gazebo_msgs:/home/user/FinalProject/ros2_ws/install/gazebo_dev:/home/simulations/ros2_sims_ws/install/common_interfaces:/home/simulations/ros2_sims_ws/install/visualization_msgs:/home/simulations/ros2_sims_ws/install/test_msgs:/home/simulations/ros2_sims_ws/install/example_interfaces:/home/simulations/ros2_sims_ws/install/action_msgs:/home/simulations/ros2_sims_ws/install/unique_identifier_msgs:/home/simulations/ros2_sims_ws/install/trajectory_msgs:/home/simulations/ros2_sims_ws/install/test_interface_files:/home/simulations/ros2_sims_ws/install/stereo_msgs:/home/simulations/ros2_sims_ws/install/std_srvs:/home/simulations/ros2_sims_ws/install/shape_msgs:/home/simulations/ros2_sims_ws/install/sensor_msgs:/home/simulations/ros2_sims_ws/install/nav_msgs:/home/simulations/ros2_sims_ws/install/diagnostic_msgs:/home/simulations/ros2_sims_ws/install/geometry_msgs:/home/simulations/ros2_sims_ws/install/actionlib_msgs:/home/simulations/ros2_sims_ws/install/std_msgs:/home/simulations/ros2_sims_ws/install/statistics_msgs:/home/simulations/ros2_sims_ws/install/rosgraph_msgs:/home/simulations/ros2_sims_ws/install/rclrs_example_msgs:/home/simulations/ros2_sims_ws/install/composition_interfaces:/home/simulations/ros2_sims_ws/install/rcl_interfaces:/home/simulations/ros2_sims_ws/install/lifecycle_msgs:/home/simulations/ros2_sims_ws/install/builtin_interfaces:/home/simulations/ros2_sims_ws/install/rosidl_default_runtime:/home/simulations/ros2_sims_ws/install/rosidl_default_generators:/home/simulations/ros2_sims_ws/install/rosidl_generator_rs:/home/user/ros2_ws/install/web_interface:/home/user/ros2_ws/install/web_video_server:/home/user/ros2_ws/install/ur_simulation_gazebo:/home/user/ros2_ws/install/ur3e_moveit_config:/home/user/ros2_ws/install/test_moveit_config:/home/user/ros2_ws/install/real_moveit_config:/home/user/ros2_ws/install/my_moveit_config:/home/user/ros2_ws/install/ur_description:/home/user/ros2_ws/install/the_construct_office_gazebo:/home/user/ros2_ws/install/tf2_web_republisher:/home/user/ros2_ws/install/ros_testing:/home/user/ros2_ws/install/robotnik_sensors_gazebo:/home/user/ros2_ws/install/robotnik_sensors:/home/user/ros2_ws/install/robotiq_85_gripper:/home/user/ros2_ws/install/robotiq_85_msgs:/home/user/ros2_ws/install/robotiq_85_description:/home/user/ros2_ws/install/rg2_gripper_description:/home/user/ros2_ws/install/pilz_industrial_motion_planner_testutils:/home/user/ros2_ws/install/moveit_runtime:/home/user/ros2_ws/install/moveit:/home/user/ros2_ws/install/moveit_planners:/home/user/ros2_ws/install/pilz_industrial_motion_planner:/home/user/ros2_ws/install/moveit_ros_control_interface:/home/user/ros2_ws/install/moveit_plugins:/home/user/ros2_ws/install/moveit_simple_controller_manager:/home/user/ros2_ws/install/moveit_setup_assistant:/home/user/ros2_ws/install/moveit_setup_srdf_plugins:/home/user/ros2_ws/install/moveit_setup_core_plugins:/home/user/ros2_ws/install/moveit_setup_controllers:/home/user/ros2_ws/install/moveit_setup_app_plugins:/home/user/ros2_ws/install/moveit_setup_framework:/home/user/ros2_ws/install/moveit_servo:/home/user/ros2_ws/install/moveit_ros:/home/user/ros2_ws/install/moveit_ros_visualization:/home/user/ros2_ws/install/moveit_hybrid_planning:/home/user/ros2_ws/install/moveit2_scripts:/home/user/ros2_ws/install/moveit_ros_planning_interface:/home/user/ros2_ws/install/moveit_ros_benchmarks:/home/user/ros2_ws/install/moveit_ros_warehouse:/home/user/ros2_ws/install/moveit_ros_robot_interaction:/home/user/ros2_ws/install/moveit_ros_perception:/home/user/ros2_ws/install/moveit_resources_prbt_pg70_support:/home/user/ros2_ws/install/moveit_resources_prbt_moveit_config:/home/user/ros2_ws/install/moveit_ros_move_group:/home/user/ros2_ws/install/moveit_planners_ompl:/home/user/ros2_ws/install/moveit_ros_planning:/home/user/ros2_ws/install/moveit_ros_occupancy_map_monitor:/home/user/ros2_ws/install/moveit_resources_prbt_support:/home/user/ros2_ws/install/moveit_resources_prbt_ikfast_manipulator_plugin:/home/user/ros2_ws/install/moveit_planners_chomp:/home/user/ros2_ws/install/moveit_kinematics:/home/user/ros2_ws/install/moveit_chomp_optimizer_adapter:/home/user/ros2_ws/install/chomp_motion_planner:/home/user/ros2_ws/install/moveit_core:/home/user/ros2_ws/install/moveit_common:/home/user/ros2_ws/install/main_navigation:/home/user/ros2_ws/install/get_cube_pose:/home/user/ros2_ws/install/gazebo_grasp_plugin_ros:/home/user/ros2_ws/install/gazebo_grasp_plugin:/home/user/ros2_ws/install/gazebo_version_helpers:/home/user/ros2_ws/install/gazebo_ros2_control_demos:/home/user/ros2_ws/install/gazebo_ros2_control:/home/user/ros2_ws/install/barista_table_finder:/home/user/ros2_ws/install/barista_gazebo:/home/user/ros2_ws/install/barista_extra_models:/home/user/ros2_ws/install/barista_dock_charger_station:/home/user/ros2_ws/install/barista_description:/home/user/ros2_ws/install/barista_alignment:/home/simulations/ros2_sims_ws/install/rclrs_tests:/home/simulations/ros2_sims_ws/install/examples_rclrs_minimal_client_service:/home/simulations/ros2_sims_ws/install/sensor_msgs_py:/home/simulations/ros2_sims_ws/install/examples_rclrs_minimal_pub_sub:/home/simulations/ros2_sims_ws/install/examples_rclrs_message_demo:/home/simulations/ros2_sims_ws/install/rclrs:/home/simulations/ros2_sims_ws/install/rosidl_runtime_rs:/home/user/ros2_ws/install/tf2_web_republisher_py:/home/user/ros2_ws/install/ros2test:/home/user/ros2_ws/install/robotiq_85_driver:/home/user/ros2_ws/install/path_planner_server:/home/user/ros2_ws/install/moveit_configs_utils:/home/user/ros2_ws/install/localization_server:/home/user/ros2_ws/install/cartographer_slam:/opt/ros/humble:/home/user/ros2_ws/install/async_web_server_cpp _=/usr/bin/env /usr/bin/cmake --build /home/user/FinalProject/ros2_ws/build/hole_detector -- -j8 -l8
[7.416s] Invoking command in '/home/user/FinalProject/ros2_ws/build/hole_detector': CMAKE_PREFIX_PATH=/home/user/FinalProject/ros2_ws/install/web_video_server:/home/user/FinalProject/ros2_ws/install/ur_simulation_gazebo:/home/user/FinalProject/ros2_ws/install/real_my_moveit_config:/home/user/FinalProject/ros2_ws/install/my_moveit_config:/home/user/FinalProject/ros2_ws/install/ur_description:/home/user/FinalProject/ros2_ws/install/the_construct_office_gazebo:/home/user/FinalProject/ros2_ws/install/robotnik_sensors:/home/user/FinalProject/ros2_ws/install/rg2_gripper_description:/home/user/FinalProject/ros2_ws/install/pick_and_place:/home/user/FinalProject/ros2_ws/install/hole_detector:/home/user/FinalProject/ros2_ws/install/gazebo_ros_pkgs:/home/user/FinalProject/ros2_ws/install/gazebo_plugins:/home/user/FinalProject/ros2_ws/install/gazebo_ros:/home/user/FinalProject/ros2_ws/install/gazebo_msgs:/home/user/FinalProject/ros2_ws/install/gazebo_dev:/home/simulations/ros2_sims_ws/install/common_interfaces:/home/simulations/ros2_sims_ws/install/visualization_msgs:/home/simulations/ros2_sims_ws/install/test_msgs:/home/simulations/ros2_sims_ws/install/example_interfaces:/home/simulations/ros2_sims_ws/install/action_msgs:/home/simulations/ros2_sims_ws/install/unique_identifier_msgs:/home/simulations/ros2_sims_ws/install/trajectory_msgs:/home/simulations/ros2_sims_ws/install/test_interface_files:/home/simulations/ros2_sims_ws/install/stereo_msgs:/home/simulations/ros2_sims_ws/install/std_srvs:/home/simulations/ros2_sims_ws/install/shape_msgs:/home/simulations/ros2_sims_ws/install/sensor_msgs:/home/simulations/ros2_sims_ws/install/nav_msgs:/home/simulations/ros2_sims_ws/install/diagnostic_msgs:/home/simulations/ros2_sims_ws/install/geometry_msgs:/home/simulations/ros2_sims_ws/install/actionlib_msgs:/home/simulations/ros2_sims_ws/install/std_msgs:/home/simulations/ros2_sims_ws/install/statistics_msgs:/home/simulations/ros2_sims_ws/install/rosgraph_msgs:/home/simulations/ros2_sims_ws/install/rclrs_example_msgs:/home/simulations/ros2_sims_ws/install/composition_interfaces:/home/simulations/ros2_sims_ws/install/rcl_interfaces:/home/simulations/ros2_sims_ws/install/lifecycle_msgs:/home/simulations/ros2_sims_ws/install/builtin_interfaces:/home/simulations/ros2_sims_ws/install/rosidl_default_runtime:/home/simulations/ros2_sims_ws/install/rosidl_default_generators:/home/simulations/ros2_sims_ws/install/rosidl_generator_rs:/home/user/ros2_ws/install/web_interface:/home/user/ros2_ws/install/web_video_server:/home/user/ros2_ws/install/ur_simulation_gazebo:/home/user/ros2_ws/install/ur3e_moveit_config:/home/user/ros2_ws/install/test_moveit_config:/home/user/ros2_ws/install/real_moveit_config:/home/user/ros2_ws/install/my_moveit_config:/home/user/ros2_ws/install/ur_description:/home/user/ros2_ws/install/the_construct_office_gazebo:/home/user/ros2_ws/install/tf2_web_republisher:/home/user/ros2_ws/install/ros_testing:/home/user/ros2_ws/install/robotnik_sensors_gazebo:/home/user/ros2_ws/install/robotnik_sensors:/home/user/ros2_ws/install/robotiq_85_gripper:/home/user/ros2_ws/install/robotiq_85_msgs:/home/user/ros2_ws/install/robotiq_85_description:/home/user/ros2_ws/install/rg2_gripper_description:/home/user/ros2_ws/install/pilz_industrial_motion_planner_testutils:/home/user/ros2_ws/install/moveit_runtime:/home/user/ros2_ws/install/moveit:/home/user/ros2_ws/install/moveit_planners:/home/user/ros2_ws/install/pilz_industrial_motion_planner:/home/user/ros2_ws/install/moveit_ros_control_interface:/home/user/ros2_ws/install/moveit_plugins:/home/user/ros2_ws/install/moveit_simple_controller_manager:/home/user/ros2_ws/install/moveit_setup_assistant:/home/user/ros2_ws/install/moveit_setup_srdf_plugins:/home/user/ros2_ws/install/moveit_setup_core_plugins:/home/user/ros2_ws/install/moveit_setup_controllers:/home/user/ros2_ws/install/moveit_setup_app_plugins:/home/user/ros2_ws/install/moveit_setup_framework:/home/user/ros2_ws/install/moveit_servo:/home/user/ros2_ws/install/moveit_ros:/home/user/ros2_ws/install/moveit_ros_visualization:/home/user/ros2_ws/install/moveit_hybrid_planning:/home/user/ros2_ws/install/moveit2_scripts:/home/user/ros2_ws/install/moveit_ros_planning_interface:/home/user/ros2_ws/install/moveit_ros_benchmarks:/home/user/ros2_ws/install/moveit_ros_warehouse:/home/user/ros2_ws/install/moveit_ros_robot_interaction:/home/user/ros2_ws/install/moveit_ros_perception:/home/user/ros2_ws/install/moveit_resources_prbt_pg70_support:/home/user/ros2_ws/install/moveit_resources_prbt_moveit_config:/home/user/ros2_ws/install/moveit_ros_move_group:/home/user/ros2_ws/install/moveit_planners_ompl:/home/user/ros2_ws/install/moveit_ros_planning:/home/user/ros2_ws/install/moveit_ros_occupancy_map_monitor:/home/user/ros2_ws/install/moveit_resources_prbt_support:/home/user/ros2_ws/install/moveit_resources_prbt_ikfast_manipulator_plugin:/home/user/ros2_ws/install/moveit_planners_chomp:/home/user/ros2_ws/install/moveit_kinematics:/home/user/ros2_ws/install/moveit_chomp_optimizer_adapter:/home/user/ros2_ws/install/chomp_motion_planner:/home/user/ros2_ws/install/moveit_core:/home/user/ros2_ws/install/moveit_common:/home/user/ros2_ws/install/main_navigation:/home/user/ros2_ws/install/get_cube_pose:/home/user/ros2_ws/install/gazebo_grasp_plugin_ros:/home/user/ros2_ws/install/gazebo_grasp_plugin:/home/user/ros2_ws/install/gazebo_version_helpers:/home/user/ros2_ws/install/gazebo_ros2_control_demos:/home/user/ros2_ws/install/gazebo_ros2_control:/home/user/ros2_ws/install/barista_table_finder:/home/user/ros2_ws/install/barista_gazebo:/home/user/ros2_ws/install/barista_extra_models:/home/user/ros2_ws/install/barista_dock_charger_station:/home/user/ros2_ws/install/barista_description:/home/user/ros2_ws/install/barista_alignment:/home/simulations/ros2_sims_ws/install/rclrs_tests:/home/simulations/ros2_sims_ws/install/examples_rclrs_minimal_client_service:/home/simulations/ros2_sims_ws/install/sensor_msgs_py:/home/simulations/ros2_sims_ws/install/examples_rclrs_minimal_pub_sub:/home/simulations/ros2_sims_ws/install/examples_rclrs_message_demo:/home/simulations/ros2_sims_ws/install/rclrs:/home/simulations/ros2_sims_ws/install/rosidl_runtime_rs:/home/user/ros2_ws/install/tf2_web_republisher_py:/home/user/ros2_ws/install/ros2test:/home/user/ros2_ws/install/robotiq_85_driver:/home/user/ros2_ws/install/path_planner_server:/home/user/ros2_ws/install/moveit_configs_utils:/home/user/ros2_ws/install/localization_server:/home/user/ros2_ws/install/cartographer_slam:/opt/ros/humble:/home/user/ros2_ws/install/async_web_server_cpp _=/usr/bin/env /usr/bin/cmake --install /home/user/FinalProject/ros2_ws/build/hole_detector
[7.461s] -- Install configuration: ""
[7.461s] -- Up-to-date: /home/user/FinalProject/ros2_ws/install/hole_detector/share/ament_index/resource_index/rosidl_interfaces/hole_detector
[7.462s] -- Up-to-date: /home/user/FinalProject/ros2_ws/install/hole_detector/include/hole_detector/hole_detector
[7.462s] -- Up-to-date: /home/user/FinalProject/ros2_ws/install/hole_detector/include/hole_detector/hole_detector/srv
[7.462s] -- Up-to-date: /home/user/FinalProject/ros2_ws/install/hole_detector/include/hole_detector/hole_detector/srv/detail
[7.462s] -- Up-to-date: /home/user/FinalProject/ros2_ws/install/hole_detector/include/hole_detector/hole_detector/srv/detail/hole_coordinates__type_support.h
[7.462s] -- Up-to-date: /home/user/FinalProject/ros2_ws/install/hole_detector/include/hole_detector/hole_detector/srv/detail/hole_coordinates__functions.c
[7.462s] -- Up-to-date: /home/user/FinalProject/ros2_ws/install/hole_detector/include/hole_detector/hole_detector/srv/detail/hole_coordinates__struct.h
[7.462s] -- Up-to-date: /home/user/FinalProject/ros2_ws/install/hole_detector/include/hole_detector/hole_detector/srv/detail/hole_coordinates__functions.h
[7.463s] -- Up-to-date: /home/user/FinalProject/ros2_ws/install/hole_detector/include/hole_detector/hole_detector/srv/hole_coordinates.h
[7.463s] -- Up-to-date: /home/user/FinalProject/ros2_ws/install/hole_detector/include/hole_detector/hole_detector/msg
[7.463s] -- Up-to-date: /home/user/FinalProject/ros2_ws/install/hole_detector/include/hole_detector/hole_detector/msg/rosidl_generator_c__visibility_control.h
[7.463s] -- Up-to-date: /home/user/FinalProject/ros2_ws/install/hole_detector/share/hole_detector/environment/library_path.sh
[7.463s] -- Up-to-date: /home/user/FinalProject/ros2_ws/install/hole_detector/share/hole_detector/environment/library_path.dsv
[7.466s] -- Up-to-date: /home/user/FinalProject/ros2_ws/install/hole_detector/lib/libhole_detector__rosidl_generator_c.so
[7.471s] -- Up-to-date: /home/user/FinalProject/ros2_ws/install/hole_detector/include/hole_detector/hole_detector
[7.472s] -- Up-to-date: /home/user/FinalProject/ros2_ws/install/hole_detector/include/hole_detector/hole_detector/srv
[7.472s] -- Up-to-date: /home/user/FinalProject/ros2_ws/install/hole_detector/include/hole_detector/hole_detector/srv/detail
[7.472s] -- Up-to-date: /home/user/FinalProject/ros2_ws/install/hole_detector/include/hole_detector/hole_detector/srv/detail/hole_coordinates__rosidl_typesupport_fastrtps_c.h
[7.472s] -- Up-to-date: /home/user/FinalProject/ros2_ws/install/hole_detector/include/hole_detector/hole_detector/msg
[7.472s] -- Up-to-date: /home/user/FinalProject/ros2_ws/install/hole_detector/include/hole_detector/hole_detector/msg/rosidl_typesupport_fastrtps_c__visibility_control.h
[7.473s] -- Up-to-date: /home/user/FinalProject/ros2_ws/install/hole_detector/lib/libhole_detector__rosidl_typesupport_fastrtps_c.so
[7.473s] -- Up-to-date: /home/user/FinalProject/ros2_ws/install/hole_detector/include/hole_detector/hole_detector
[7.473s] -- Up-to-date: /home/user/FinalProject/ros2_ws/install/hole_detector/include/hole_detector/hole_detector/srv
[7.473s] -- Up-to-date: /home/user/FinalProject/ros2_ws/install/hole_detector/include/hole_detector/hole_detector/srv/detail
[7.473s] -- Up-to-date: /home/user/FinalProject/ros2_ws/install/hole_detector/include/hole_detector/hole_detector/srv/detail/hole_coordinates__traits.hpp
[7.473s] -- Up-to-date: /home/user/FinalProject/ros2_ws/install/hole_detector/include/hole_detector/hole_detector/srv/detail/hole_coordinates__builder.hpp
[7.473s] -- Up-to-date: /home/user/FinalProject/ros2_ws/install/hole_detector/include/hole_detector/hole_detector/srv/detail/hole_coordinates__struct.hpp
[7.473s] -- Up-to-date: /home/user/FinalProject/ros2_ws/install/hole_detector/include/hole_detector/hole_detector/srv/hole_coordinates.hpp
[7.474s] -- Up-to-date: /home/user/FinalProject/ros2_ws/install/hole_detector/include/hole_detector/hole_detector
[7.474s] -- Up-to-date: /home/user/FinalProject/ros2_ws/install/hole_detector/include/hole_detector/hole_detector/srv
[7.474s] -- Up-to-date: /home/user/FinalProject/ros2_ws/install/hole_detector/include/hole_detector/hole_detector/srv/detail
[7.474s] -- Up-to-date: /home/user/FinalProject/ros2_ws/install/hole_detector/include/hole_detector/hole_detector/srv/detail/dds_fastrtps
[7.474s] -- Up-to-date: /home/user/FinalProject/ros2_ws/install/hole_detector/include/hole_detector/hole_detector/srv/detail/hole_coordinates__rosidl_typesupport_fastrtps_cpp.hpp
[7.474s] -- Up-to-date: /home/user/FinalProject/ros2_ws/install/hole_detector/include/hole_detector/hole_detector/msg
[7.474s] -- Up-to-date: /home/user/FinalProject/ros2_ws/install/hole_detector/include/hole_detector/hole_detector/msg/rosidl_typesupport_fastrtps_cpp__visibility_control.h
[7.474s] -- Up-to-date: /home/user/FinalProject/ros2_ws/install/hole_detector/lib/libhole_detector__rosidl_typesupport_fastrtps_cpp.so
[7.474s] -- Up-to-date: /home/user/FinalProject/ros2_ws/install/hole_detector/include/hole_detector/hole_detector
[7.482s] -- Up-to-date: /home/user/FinalProject/ros2_ws/install/hole_detector/include/hole_detector/hole_detector/srv
[7.483s] -- Up-to-date: /home/user/FinalProject/ros2_ws/install/hole_detector/include/hole_detector/hole_detector/srv/detail
[7.483s] -- Up-to-date: /home/user/FinalProject/ros2_ws/install/hole_detector/include/hole_detector/hole_detector/srv/detail/hole_coordinates__type_support.c
[7.483s] -- Up-to-date: /home/user/FinalProject/ros2_ws/install/hole_detector/include/hole_detector/hole_detector/srv/detail/hole_coordinates__rosidl_typesupport_introspection_c.h
[7.483s] -- Up-to-date: /home/user/FinalProject/ros2_ws/install/hole_detector/include/hole_detector/hole_detector/msg
[7.483s] -- Up-to-date: /home/user/FinalProject/ros2_ws/install/hole_detector/include/hole_detector/hole_detector/msg/rosidl_typesupport_introspection_c__visibility_control.h
[7.483s] -- Up-to-date: /home/user/FinalProject/ros2_ws/install/hole_detector/lib/libhole_detector__rosidl_typesupport_introspection_c.so
[7.483s] -- Up-to-date: /home/user/FinalProject/ros2_ws/install/hole_detector/lib/libhole_detector__rosidl_typesupport_c.so
[7.483s] -- Up-to-date: /home/user/FinalProject/ros2_ws/install/hole_detector/include/hole_detector/hole_detector
[7.483s] -- Up-to-date: /home/user/FinalProject/ros2_ws/install/hole_detector/include/hole_detector/hole_detector/srv
[7.484s] -- Up-to-date: /home/user/FinalProject/ros2_ws/install/hole_detector/include/hole_detector/hole_detector/srv/detail
[7.484s] -- Up-to-date: /home/user/FinalProject/ros2_ws/install/hole_detector/include/hole_detector/hole_detector/srv/detail/hole_coordinates__rosidl_typesupport_introspection_cpp.hpp
[7.484s] -- Up-to-date: /home/user/FinalProject/ros2_ws/install/hole_detector/include/hole_detector/hole_detector/srv/detail/hole_coordinates__type_support.cpp
[7.492s] -- Up-to-date: /home/user/FinalProject/ros2_ws/install/hole_detector/lib/libhole_detector__rosidl_typesupport_introspection_cpp.so
[7.492s] -- Up-to-date: /home/user/FinalProject/ros2_ws/install/hole_detector/lib/libhole_detector__rosidl_typesupport_cpp.so
[7.492s] -- Up-to-date: /home/user/FinalProject/ros2_ws/install/hole_detector/share/ament_index/resource_index/rust_packages/hole_detector
[7.492s] -- Up-to-date: /home/user/FinalProject/ros2_ws/install/hole_detector/share/hole_detector/rust
[7.492s] -- Installing: /home/user/FinalProject/ros2_ws/install/hole_detector/share/hole_detector/rust/Cargo.toml
[7.492s] -- Up-to-date: /home/user/FinalProject/ros2_ws/install/hole_detector/share/hole_detector/rust/src
[7.492s] -- Installing: /home/user/FinalProject/ros2_ws/install/hole_detector/share/hole_detector/rust/src/srv.rs
[7.492s] -- Installing: /home/user/FinalProject/ros2_ws/install/hole_detector/share/hole_detector/rust/src/lib.rs
[7.492s] -- Installing: /home/user/FinalProject/ros2_ws/install/hole_detector/share/hole_detector/rust/build.rs
[7.493s] -- Up-to-date: /home/user/FinalProject/ros2_ws/install/hole_detector/share/hole_detector/rust
[7.493s] -- Up-to-date: /home/user/FinalProject/ros2_ws/install/hole_detector/share/hole_detector/rust/Cargo.toml
[7.493s] -- Up-to-date: /home/user/FinalProject/ros2_ws/install/hole_detector/share/hole_detector/rust/src
[7.493s] -- Up-to-date: /home/user/FinalProject/ros2_ws/install/hole_detector/share/hole_detector/rust/src/srv.rs
[7.493s] -- Up-to-date: /home/user/FinalProject/ros2_ws/install/hole_detector/share/hole_detector/rust/src/lib.rs
[7.493s] -- Up-to-date: /home/user/FinalProject/ros2_ws/install/hole_detector/share/hole_detector/rust/build.rs
[7.493s] -- Up-to-date: /home/user/FinalProject/ros2_ws/install/hole_detector/share/hole_detector/rust
[7.493s] -- Up-to-date: /home/user/FinalProject/ros2_ws/install/hole_detector/share/hole_detector/rust/Cargo.toml
[7.493s] -- Up-to-date: /home/user/FinalProject/ros2_ws/install/hole_detector/share/hole_detector/rust/src
[7.494s] -- Up-to-date: /home/user/FinalProject/ros2_ws/install/hole_detector/share/hole_detector/rust/src/srv.rs
[7.494s] -- Up-to-date: /home/user/FinalProject/ros2_ws/install/hole_detector/share/hole_detector/rust/src/lib.rs
[7.494s] -- Up-to-date: /home/user/FinalProject/ros2_ws/install/hole_detector/share/hole_detector/rust/build.rs
[7.494s] -- Up-to-date: /home/user/FinalProject/ros2_ws/install/hole_detector/share/hole_detector/environment/pythonpath.sh
[7.494s] -- Up-to-date: /home/user/FinalProject/ros2_ws/install/hole_detector/share/hole_detector/environment/pythonpath.dsv
[7.494s] -- Up-to-date: /home/user/FinalProject/ros2_ws/install/hole_detector/local/lib/python3.10/dist-packages/hole_detector-0.0.0-py3.10.egg-info
[7.494s] -- Installing: /home/user/FinalProject/ros2_ws/install/hole_detector/local/lib/python3.10/dist-packages/hole_detector-0.0.0-py3.10.egg-info/PKG-INFO
[7.494s] -- Installing: /home/user/FinalProject/ros2_ws/install/hole_detector/local/lib/python3.10/dist-packages/hole_detector-0.0.0-py3.10.egg-info/top_level.txt
[7.494s] -- Installing: /home/user/FinalProject/ros2_ws/install/hole_detector/local/lib/python3.10/dist-packages/hole_detector-0.0.0-py3.10.egg-info/SOURCES.txt
[7.495s] -- Installing: /home/user/FinalProject/ros2_ws/install/hole_detector/local/lib/python3.10/dist-packages/hole_detector-0.0.0-py3.10.egg-info/dependency_links.txt
[7.495s] -- Up-to-date: /home/user/FinalProject/ros2_ws/install/hole_detector/local/lib/python3.10/dist-packages/hole_detector
[7.499s] -- Up-to-date: /home/user/FinalProject/ros2_ws/install/hole_detector/local/lib/python3.10/dist-packages/hole_detector/srv
[7.500s] -- Up-to-date: /home/user/FinalProject/ros2_ws/install/hole_detector/local/lib/python3.10/dist-packages/hole_detector/srv/_hole_coordinates_s.c
[7.500s] -- Up-to-date: /home/user/FinalProject/ros2_ws/install/hole_detector/local/lib/python3.10/dist-packages/hole_detector/srv/__init__.py
[7.500s] -- Up-to-date: /home/user/FinalProject/ros2_ws/install/hole_detector/local/lib/python3.10/dist-packages/hole_detector/srv/_hole_coordinates.py
[7.500s] -- Up-to-date: /home/user/FinalProject/ros2_ws/install/hole_detector/local/lib/python3.10/dist-packages/hole_detector/libhole_detector__rosidl_generator_py.so
[7.500s] -- Up-to-date: /home/user/FinalProject/ros2_ws/install/hole_detector/local/lib/python3.10/dist-packages/hole_detector/_hole_detector_s.ep.rosidl_typesupport_introspection_c.c
[7.500s] -- Up-to-date: /home/user/FinalProject/ros2_ws/install/hole_detector/local/lib/python3.10/dist-packages/hole_detector/hole_detector_s__rosidl_typesupport_c.cpython-310-x86_64-linux-gnu.so
[7.500s] -- Up-to-date: /home/user/FinalProject/ros2_ws/install/hole_detector/local/lib/python3.10/dist-packages/hole_detector/__init__.py
[7.500s] -- Up-to-date: /home/user/FinalProject/ros2_ws/install/hole_detector/local/lib/python3.10/dist-packages/hole_detector/hole_detector_s__rosidl_typesupport_introspection_c.cpython-310-x86_64-linux-gnu.so
[7.501s] -- Up-to-date: /home/user/FinalProject/ros2_ws/install/hole_detector/local/lib/python3.10/dist-packages/hole_detector/_hole_detector_s.ep.rosidl_typesupport_fastrtps_c.c
[7.501s] -- Up-to-date: /home/user/FinalProject/ros2_ws/install/hole_detector/local/lib/python3.10/dist-packages/hole_detector/_hole_detector_s.ep.rosidl_typesupport_c.c
[7.501s] -- Up-to-date: /home/user/FinalProject/ros2_ws/install/hole_detector/local/lib/python3.10/dist-packages/hole_detector/hole_detector_s__rosidl_typesupport_fastrtps_c.cpython-310-x86_64-linux-gnu.so
[7.592s] Listing '/home/user/FinalProject/ros2_ws/install/hole_detector/local/lib/python3.10/dist-packages/hole_detector'...
[7.593s] Listing '/home/user/FinalProject/ros2_ws/install/hole_detector/local/lib/python3.10/dist-packages/hole_detector/srv'...
[7.600s] -- Up-to-date: /home/user/FinalProject/ros2_ws/install/hole_detector/local/lib/python3.10/dist-packages/hole_detector/hole_detector_s__rosidl_typesupport_fastrtps_c.cpython-310-x86_64-linux-gnu.so
[7.600s] -- Up-to-date: /home/user/FinalProject/ros2_ws/install/hole_detector/local/lib/python3.10/dist-packages/hole_detector/hole_detector_s__rosidl_typesupport_introspection_c.cpython-310-x86_64-linux-gnu.so
[7.601s] -- Up-to-date: /home/user/FinalProject/ros2_ws/install/hole_detector/local/lib/python3.10/dist-packages/hole_detector/hole_detector_s__rosidl_typesupport_c.cpython-310-x86_64-linux-gnu.so
[7.601s] -- Up-to-date: /home/user/FinalProject/ros2_ws/install/hole_detector/lib/libhole_detector__rosidl_generator_py.so
[7.601s] -- Up-to-date: /home/user/FinalProject/ros2_ws/install/hole_detector/share/hole_detector/srv/HoleCoordinates.idl
[7.602s] -- Up-to-date: /home/user/FinalProject/ros2_ws/install/hole_detector/share/hole_detector/srv/HoleCoordinates.srv
[7.602s] -- Up-to-date: /home/user/FinalProject/ros2_ws/install/hole_detector/share/hole_detector/srv/HoleCoordinates_Request.msg
[7.603s] -- Up-to-date: /home/user/FinalProject/ros2_ws/install/hole_detector/share/hole_detector/srv/HoleCoordinates_Response.msg
[7.603s] -- Up-to-date: /home/user/FinalProject/ros2_ws/install/hole_detector/lib/hole_detector/holedetector_sim.py
[7.603s] -- Up-to-date: /home/user/FinalProject/ros2_ws/install/hole_detector/lib/hole_detector/holedetector_real.py
[7.603s] -- Up-to-date: /home/user/FinalProject/ros2_ws/install/hole_detector/share/hole_detector/launch
[7.603s] -- Up-to-date: /home/user/FinalProject/ros2_ws/install/hole_detector/share/hole_detector/launch/hole_detector_sim.launch.py
[7.604s] -- Up-to-date: /home/user/FinalProject/ros2_ws/install/hole_detector/share/hole_detector/launch/hole_detector_real.launch.py
[7.604s] -- Up-to-date: /home/user/FinalProject/ros2_ws/install/hole_detector/share/ament_index/resource_index/package_run_dependencies/hole_detector
[7.604s] -- Up-to-date: /home/user/FinalProject/ros2_ws/install/hole_detector/share/ament_index/resource_index/parent_prefix_path/hole_detector
[7.604s] -- Up-to-date: /home/user/FinalProject/ros2_ws/install/hole_detector/share/hole_detector/environment/ament_prefix_path.sh
[7.604s] -- Up-to-date: /home/user/FinalProject/ros2_ws/install/hole_detector/share/hole_detector/environment/ament_prefix_path.dsv
[7.604s] -- Up-to-date: /home/user/FinalProject/ros2_ws/install/hole_detector/share/hole_detector/environment/path.sh
[7.605s] -- Up-to-date: /home/user/FinalProject/ros2_ws/install/hole_detector/share/hole_detector/environment/path.dsv
[7.605s] -- Up-to-date: /home/user/FinalProject/ros2_ws/install/hole_detector/share/hole_detector/local_setup.bash
[7.605s] -- Up-to-date: /home/user/FinalProject/ros2_ws/install/hole_detector/share/hole_detector/local_setup.sh
[7.605s] -- Up-to-date: /home/user/FinalProject/ros2_ws/install/hole_detector/share/hole_detector/local_setup.zsh
[7.605s] -- Up-to-date: /home/user/FinalProject/ros2_ws/install/hole_detector/share/hole_detector/local_setup.dsv
[7.605s] -- Installing: /home/user/FinalProject/ros2_ws/install/hole_detector/share/hole_detector/package.dsv
[7.605s] -- Up-to-date: /home/user/FinalProject/ros2_ws/install/hole_detector/share/ament_index/resource_index/packages/hole_detector
[7.605s] -- Up-to-date: /home/user/FinalProject/ros2_ws/install/hole_detector/share/hole_detector/cmake/export_hole_detector__rosidl_generator_cExport.cmake
[7.605s] -- Up-to-date: /home/user/FinalProject/ros2_ws/install/hole_detector/share/hole_detector/cmake/export_hole_detector__rosidl_generator_cExport-noconfig.cmake
[7.606s] -- Up-to-date: /home/user/FinalProject/ros2_ws/install/hole_detector/share/hole_detector/cmake/export_hole_detector__rosidl_typesupport_fastrtps_cExport.cmake
[7.606s] -- Up-to-date: /home/user/FinalProject/ros2_ws/install/hole_detector/share/hole_detector/cmake/export_hole_detector__rosidl_typesupport_fastrtps_cExport-noconfig.cmake
[7.606s] -- Up-to-date: /home/user/FinalProject/ros2_ws/install/hole_detector/share/hole_detector/cmake/export_hole_detector__rosidl_generator_cppExport.cmake
[7.606s] -- Up-to-date: /home/user/FinalProject/ros2_ws/install/hole_detector/share/hole_detector/cmake/export_hole_detector__rosidl_typesupport_fastrtps_cppExport.cmake
[7.606s] -- Up-to-date: /home/user/FinalProject/ros2_ws/install/hole_detector/share/hole_detector/cmake/export_hole_detector__rosidl_typesupport_fastrtps_cppExport-noconfig.cmake
[7.607s] -- Up-to-date: /home/user/FinalProject/ros2_ws/install/hole_detector/share/hole_detector/cmake/hole_detector__rosidl_typesupport_introspection_cExport.cmake
[7.607s] -- Up-to-date: /home/user/FinalProject/ros2_ws/install/hole_detector/share/hole_detector/cmake/hole_detector__rosidl_typesupport_introspection_cExport-noconfig.cmake
[7.607s] -- Up-to-date: /home/user/FinalProject/ros2_ws/install/hole_detector/share/hole_detector/cmake/hole_detector__rosidl_typesupport_cExport.cmake
[7.607s] -- Up-to-date: /home/user/FinalProject/ros2_ws/install/hole_detector/share/hole_detector/cmake/hole_detector__rosidl_typesupport_cExport-noconfig.cmake
[7.608s] -- Up-to-date: /home/user/FinalProject/ros2_ws/install/hole_detector/share/hole_detector/cmake/hole_detector__rosidl_typesupport_introspection_cppExport.cmake
[7.608s] -- Up-to-date: /home/user/FinalProject/ros2_ws/install/hole_detector/share/hole_detector/cmake/hole_detector__rosidl_typesupport_introspection_cppExport-noconfig.cmake
[7.609s] -- Up-to-date: /home/user/FinalProject/ros2_ws/install/hole_detector/share/hole_detector/cmake/hole_detector__rosidl_typesupport_cppExport.cmake
[7.609s] -- Up-to-date: /home/user/FinalProject/ros2_ws/install/hole_detector/share/hole_detector/cmake/hole_detector__rosidl_typesupport_cppExport-noconfig.cmake
[7.609s] -- Up-to-date: /home/user/FinalProject/ros2_ws/install/hole_detector/share/hole_detector/cmake/export_hole_detector__rosidl_generator_pyExport.cmake
[7.609s] -- Up-to-date: /home/user/FinalProject/ros2_ws/install/hole_detector/share/hole_detector/cmake/export_hole_detector__rosidl_generator_pyExport-noconfig.cmake
[7.609s] -- Up-to-date: /home/user/FinalProject/ros2_ws/install/hole_detector/share/hole_detector/cmake/rosidl_cmake-extras.cmake
[7.609s] -- Up-to-date: /home/user/FinalProject/ros2_ws/install/hole_detector/share/hole_detector/cmake/ament_cmake_export_dependencies-extras.cmake
[7.609s] -- Up-to-date: /home/user/FinalProject/ros2_ws/install/hole_detector/share/hole_detector/cmake/ament_cmake_export_include_directories-extras.cmake
[7.609s] -- Up-to-date: /home/user/FinalProject/ros2_ws/install/hole_detector/share/hole_detector/cmake/ament_cmake_export_libraries-extras.cmake
[7.610s] -- Up-to-date: /home/user/FinalProject/ros2_ws/install/hole_detector/share/hole_detector/cmake/ament_cmake_export_targets-extras.cmake
[7.610s] -- Up-to-date: /home/user/FinalProject/ros2_ws/install/hole_detector/share/hole_detector/cmake/rosidl_cmake_export_typesupport_targets-extras.cmake
[7.610s] -- Up-to-date: /home/user/FinalProject/ros2_ws/install/hole_detector/share/hole_detector/cmake/rosidl_cmake_export_typesupport_libraries-extras.cmake
[7.610s] -- Up-to-date: /home/user/FinalProject/ros2_ws/install/hole_detector/share/hole_detector/cmake/hole_detectorConfig.cmake
[7.610s] -- Up-to-date: /home/user/FinalProject/ros2_ws/install/hole_detector/share/hole_detector/cmake/hole_detectorConfig-version.cmake
[7.610s] -- Up-to-date: /home/user/FinalProject/ros2_ws/install/hole_detector/share/hole_detector/package.xml
[7.628s] Invoked command in '/home/user/FinalProject/ros2_ws/build/hole_detector' returned '0': CMAKE_PREFIX_PATH=/home/user/FinalProject/ros2_ws/install/web_video_server:/home/user/FinalProject/ros2_ws/install/ur_simulation_gazebo:/home/user/FinalProject/ros2_ws/install/real_my_moveit_config:/home/user/FinalProject/ros2_ws/install/my_moveit_config:/home/user/FinalProject/ros2_ws/install/ur_description:/home/user/FinalProject/ros2_ws/install/the_construct_office_gazebo:/home/user/FinalProject/ros2_ws/install/robotnik_sensors:/home/user/FinalProject/ros2_ws/install/rg2_gripper_description:/home/user/FinalProject/ros2_ws/install/pick_and_place:/home/user/FinalProject/ros2_ws/install/hole_detector:/home/user/FinalProject/ros2_ws/install/gazebo_ros_pkgs:/home/user/FinalProject/ros2_ws/install/gazebo_plugins:/home/user/FinalProject/ros2_ws/install/gazebo_ros:/home/user/FinalProject/ros2_ws/install/gazebo_msgs:/home/user/FinalProject/ros2_ws/install/gazebo_dev:/home/simulations/ros2_sims_ws/install/common_interfaces:/home/simulations/ros2_sims_ws/install/visualization_msgs:/home/simulations/ros2_sims_ws/install/test_msgs:/home/simulations/ros2_sims_ws/install/example_interfaces:/home/simulations/ros2_sims_ws/install/action_msgs:/home/simulations/ros2_sims_ws/install/unique_identifier_msgs:/home/simulations/ros2_sims_ws/install/trajectory_msgs:/home/simulations/ros2_sims_ws/install/test_interface_files:/home/simulations/ros2_sims_ws/install/stereo_msgs:/home/simulations/ros2_sims_ws/install/std_srvs:/home/simulations/ros2_sims_ws/install/shape_msgs:/home/simulations/ros2_sims_ws/install/sensor_msgs:/home/simulations/ros2_sims_ws/install/nav_msgs:/home/simulations/ros2_sims_ws/install/diagnostic_msgs:/home/simulations/ros2_sims_ws/install/geometry_msgs:/home/simulations/ros2_sims_ws/install/actionlib_msgs:/home/simulations/ros2_sims_ws/install/std_msgs:/home/simulations/ros2_sims_ws/install/statistics_msgs:/home/simulations/ros2_sims_ws/install/rosgraph_msgs:/home/simulations/ros2_sims_ws/install/rclrs_example_msgs:/home/simulations/ros2_sims_ws/install/composition_interfaces:/home/simulations/ros2_sims_ws/install/rcl_interfaces:/home/simulations/ros2_sims_ws/install/lifecycle_msgs:/home/simulations/ros2_sims_ws/install/builtin_interfaces:/home/simulations/ros2_sims_ws/install/rosidl_default_runtime:/home/simulations/ros2_sims_ws/install/rosidl_default_generators:/home/simulations/ros2_sims_ws/install/rosidl_generator_rs:/home/user/ros2_ws/install/web_interface:/home/user/ros2_ws/install/web_video_server:/home/user/ros2_ws/install/ur_simulation_gazebo:/home/user/ros2_ws/install/ur3e_moveit_config:/home/user/ros2_ws/install/test_moveit_config:/home/user/ros2_ws/install/real_moveit_config:/home/user/ros2_ws/install/my_moveit_config:/home/user/ros2_ws/install/ur_description:/home/user/ros2_ws/install/the_construct_office_gazebo:/home/user/ros2_ws/install/tf2_web_republisher:/home/user/ros2_ws/install/ros_testing:/home/user/ros2_ws/install/robotnik_sensors_gazebo:/home/user/ros2_ws/install/robotnik_sensors:/home/user/ros2_ws/install/robotiq_85_gripper:/home/user/ros2_ws/install/robotiq_85_msgs:/home/user/ros2_ws/install/robotiq_85_description:/home/user/ros2_ws/install/rg2_gripper_description:/home/user/ros2_ws/install/pilz_industrial_motion_planner_testutils:/home/user/ros2_ws/install/moveit_runtime:/home/user/ros2_ws/install/moveit:/home/user/ros2_ws/install/moveit_planners:/home/user/ros2_ws/install/pilz_industrial_motion_planner:/home/user/ros2_ws/install/moveit_ros_control_interface:/home/user/ros2_ws/install/moveit_plugins:/home/user/ros2_ws/install/moveit_simple_controller_manager:/home/user/ros2_ws/install/moveit_setup_assistant:/home/user/ros2_ws/install/moveit_setup_srdf_plugins:/home/user/ros2_ws/install/moveit_setup_core_plugins:/home/user/ros2_ws/install/moveit_setup_controllers:/home/user/ros2_ws/install/moveit_setup_app_plugins:/home/user/ros2_ws/install/moveit_setup_framework:/home/user/ros2_ws/install/moveit_servo:/home/user/ros2_ws/install/moveit_ros:/home/user/ros2_ws/install/moveit_ros_visualization:/home/user/ros2_ws/install/moveit_hybrid_planning:/home/user/ros2_ws/install/moveit2_scripts:/home/user/ros2_ws/install/moveit_ros_planning_interface:/home/user/ros2_ws/install/moveit_ros_benchmarks:/home/user/ros2_ws/install/moveit_ros_warehouse:/home/user/ros2_ws/install/moveit_ros_robot_interaction:/home/user/ros2_ws/install/moveit_ros_perception:/home/user/ros2_ws/install/moveit_resources_prbt_pg70_support:/home/user/ros2_ws/install/moveit_resources_prbt_moveit_config:/home/user/ros2_ws/install/moveit_ros_move_group:/home/user/ros2_ws/install/moveit_planners_ompl:/home/user/ros2_ws/install/moveit_ros_planning:/home/user/ros2_ws/install/moveit_ros_occupancy_map_monitor:/home/user/ros2_ws/install/moveit_resources_prbt_support:/home/user/ros2_ws/install/moveit_resources_prbt_ikfast_manipulator_plugin:/home/user/ros2_ws/install/moveit_planners_chomp:/home/user/ros2_ws/install/moveit_kinematics:/home/user/ros2_ws/install/moveit_chomp_optimizer_adapter:/home/user/ros2_ws/install/chomp_motion_planner:/home/user/ros2_ws/install/moveit_core:/home/user/ros2_ws/install/moveit_common:/home/user/ros2_ws/install/main_navigation:/home/user/ros2_ws/install/get_cube_pose:/home/user/ros2_ws/install/gazebo_grasp_plugin_ros:/home/user/ros2_ws/install/gazebo_grasp_plugin:/home/user/ros2_ws/install/gazebo_version_helpers:/home/user/ros2_ws/install/gazebo_ros2_control_demos:/home/user/ros2_ws/install/gazebo_ros2_control:/home/user/ros2_ws/install/barista_table_finder:/home/user/ros2_ws/install/barista_gazebo:/home/user/ros2_ws/install/barista_extra_models:/home/user/ros2_ws/install/barista_dock_charger_station:/home/user/ros2_ws/install/barista_description:/home/user/ros2_ws/install/barista_alignment:/home/simulations/ros2_sims_ws/install/rclrs_tests:/home/simulations/ros2_sims_ws/install/examples_rclrs_minimal_client_service:/home/simulations/ros2_sims_ws/install/sensor_msgs_py:/home/simulations/ros2_sims_ws/install/examples_rclrs_minimal_pub_sub:/home/simulations/ros2_sims_ws/install/examples_rclrs_message_demo:/home/simulations/ros2_sims_ws/install/rclrs:/home/simulations/ros2_sims_ws/install/rosidl_runtime_rs:/home/user/ros2_ws/install/tf2_web_republisher_py:/home/user/ros2_ws/install/ros2test:/home/user/ros2_ws/install/robotiq_85_driver:/home/user/ros2_ws/install/path_planner_server:/home/user/ros2_ws/install/moveit_configs_utils:/home/user/ros2_ws/install/localization_server:/home/user/ros2_ws/install/cartographer_slam:/opt/ros/humble:/home/user/ros2_ws/install/async_web_server_cpp _=/usr/bin/env /usr/bin/cmake --install /home/user/FinalProject/ros2_ws/build/hole_detector
