[0.070s] Invoking command in '/home/user/FinalProject/ros2_ws/build/gazebo_ros': CMAKE_PREFIX_PATH=/home/user/FinalProject/ros2_ws/install/gazebo_msgs:/home/user/FinalProject/ros2_ws/install/gazebo_dev:/home/user/FinalProject/ros2_ws/install/web_video_server:/home/user/FinalProject/ros2_ws/install/ur_simulation_gazebo:/home/user/FinalProject/ros2_ws/install/real_my_moveit_config:/home/user/FinalProject/ros2_ws/install/my_moveit_config:/home/user/FinalProject/ros2_ws/install/ur_description:/home/user/FinalProject/ros2_ws/install/the_construct_office_gazebo:/home/user/FinalProject/ros2_ws/install/robotnik_sensors:/home/user/FinalProject/ros2_ws/install/rg2_gripper_description:/home/user/FinalProject/ros2_ws/install/pick_and_place:/home/user/FinalProject/ros2_ws/install/hole_detector:/home/user/FinalProject/ros2_ws/install/gazebo_ros:/home/simulations/ros2_sims_ws/install/common_interfaces:/home/simulations/ros2_sims_ws/install/visualization_msgs:/home/simulations/ros2_sims_ws/install/test_msgs:/home/simulations/ros2_sims_ws/install/example_interfaces:/home/simulations/ros2_sims_ws/install/action_msgs:/home/simulations/ros2_sims_ws/install/unique_identifier_msgs:/home/simulations/ros2_sims_ws/install/trajectory_msgs:/home/simulations/ros2_sims_ws/install/test_interface_files:/home/simulations/ros2_sims_ws/install/stereo_msgs:/home/simulations/ros2_sims_ws/install/std_srvs:/home/simulations/ros2_sims_ws/install/shape_msgs:/home/simulations/ros2_sims_ws/install/sensor_msgs:/home/simulations/ros2_sims_ws/install/nav_msgs:/home/simulations/ros2_sims_ws/install/diagnostic_msgs:/home/simulations/ros2_sims_ws/install/geometry_msgs:/home/simulations/ros2_sims_ws/install/actionlib_msgs:/home/simulations/ros2_sims_ws/install/std_msgs:/home/simulations/ros2_sims_ws/install/statistics_msgs:/home/simulations/ros2_sims_ws/install/rosgraph_msgs:/home/simulations/ros2_sims_ws/install/rclrs_example_msgs:/home/simulations/ros2_sims_ws/install/composition_interfaces:/home/simulations/ros2_sims_ws/install/rcl_interfaces:/home/simulations/ros2_sims_ws/install/lifecycle_msgs:/home/simulations/ros2_sims_ws/install/builtin_interfaces:/home/simulations/ros2_sims_ws/install/rosidl_default_runtime:/home/simulations/ros2_sims_ws/install/rosidl_default_generators:/home/simulations/ros2_sims_ws/install/rosidl_generator_rs:/home/user/ros2_ws/install/web_interface:/home/user/ros2_ws/install/web_video_server:/home/user/ros2_ws/install/ur_simulation_gazebo:/home/user/ros2_ws/install/ur3e_moveit_config:/home/user/ros2_ws/install/test_moveit_config:/home/user/ros2_ws/install/real_moveit_config:/home/user/ros2_ws/install/my_moveit_config:/home/user/ros2_ws/install/ur_description:/home/user/ros2_ws/install/the_construct_office_gazebo:/home/user/ros2_ws/install/tf2_web_republisher:/home/user/ros2_ws/install/ros_testing:/home/user/ros2_ws/install/robotnik_sensors_gazebo:/home/user/ros2_ws/install/robotnik_sensors:/home/user/ros2_ws/install/robotiq_85_gripper:/home/user/ros2_ws/install/robotiq_85_msgs:/home/user/ros2_ws/install/robotiq_85_description:/home/user/ros2_ws/install/rg2_gripper_description:/home/user/ros2_ws/install/pilz_industrial_motion_planner_testutils:/home/user/ros2_ws/install/moveit_runtime:/home/user/ros2_ws/install/moveit:/home/user/ros2_ws/install/moveit_planners:/home/user/ros2_ws/install/pilz_industrial_motion_planner:/home/user/ros2_ws/install/moveit_ros_control_interface:/home/user/ros2_ws/install/moveit_plugins:/home/user/ros2_ws/install/moveit_simple_controller_manager:/home/user/ros2_ws/install/moveit_setup_assistant:/home/user/ros2_ws/install/moveit_setup_srdf_plugins:/home/user/ros2_ws/install/moveit_setup_core_plugins:/home/user/ros2_ws/install/moveit_setup_controllers:/home/user/ros2_ws/install/moveit_setup_app_plugins:/home/user/ros2_ws/install/moveit_setup_framework:/home/user/ros2_ws/install/moveit_servo:/home/user/ros2_ws/install/moveit_ros:/home/user/ros2_ws/install/moveit_ros_visualization:/home/user/ros2_ws/install/moveit_hybrid_planning:/home/user/ros2_ws/install/moveit2_scripts:/home/user/ros2_ws/install/moveit_ros_planning_interface:/home/user/ros2_ws/install/moveit_ros_benchmarks:/home/user/ros2_ws/install/moveit_ros_warehouse:/home/user/ros2_ws/install/moveit_ros_robot_interaction:/home/user/ros2_ws/install/moveit_ros_perception:/home/user/ros2_ws/install/moveit_resources_prbt_pg70_support:/home/user/ros2_ws/install/moveit_resources_prbt_moveit_config:/home/user/ros2_ws/install/moveit_ros_move_group:/home/user/ros2_ws/install/moveit_planners_ompl:/home/user/ros2_ws/install/moveit_ros_planning:/home/user/ros2_ws/install/moveit_ros_occupancy_map_monitor:/home/user/ros2_ws/install/moveit_resources_prbt_support:/home/user/ros2_ws/install/moveit_resources_prbt_ikfast_manipulator_plugin:/home/user/ros2_ws/install/moveit_planners_chomp:/home/user/ros2_ws/install/moveit_kinematics:/home/user/ros2_ws/install/moveit_chomp_optimizer_adapter:/home/user/ros2_ws/install/chomp_motion_planner:/home/user/ros2_ws/install/moveit_core:/home/user/ros2_ws/install/moveit_common:/home/user/ros2_ws/install/main_navigation:/home/user/ros2_ws/install/get_cube_pose:/home/user/ros2_ws/install/gazebo_grasp_plugin_ros:/home/user/ros2_ws/install/gazebo_grasp_plugin:/home/user/ros2_ws/install/gazebo_version_helpers:/home/user/ros2_ws/install/gazebo_ros2_control_demos:/home/user/ros2_ws/install/gazebo_ros2_control:/home/user/ros2_ws/install/barista_table_finder:/home/user/ros2_ws/install/barista_gazebo:/home/user/ros2_ws/install/barista_extra_models:/home/user/ros2_ws/install/barista_dock_charger_station:/home/user/ros2_ws/install/barista_description:/home/user/ros2_ws/install/barista_alignment:/home/simulations/ros2_sims_ws/install/rclrs_tests:/home/simulations/ros2_sims_ws/install/examples_rclrs_minimal_client_service:/home/simulations/ros2_sims_ws/install/sensor_msgs_py:/home/simulations/ros2_sims_ws/install/examples_rclrs_minimal_pub_sub:/home/simulations/ros2_sims_ws/install/examples_rclrs_message_demo:/home/simulations/ros2_sims_ws/install/rclrs:/home/simulations/ros2_sims_ws/install/rosidl_runtime_rs:/home/user/ros2_ws/install/tf2_web_republisher_py:/home/user/ros2_ws/install/ros2test:/home/user/ros2_ws/install/robotiq_85_driver:/home/user/ros2_ws/install/path_planner_server:/home/user/ros2_ws/install/moveit_configs_utils:/home/user/ros2_ws/install/localization_server:/home/user/ros2_ws/install/cartographer_slam:/opt/ros/humble:/home/user/ros2_ws/install/async_web_server_cpp LD_LIBRARY_PATH=/home/user/FinalProject/ros2_ws/install/gazebo_msgs/lib:/home/user/FinalProject/ros2_ws/install/hole_detector/lib:/home/user/FinalProject/ros2_ws/install/gazebo_ros/lib:/usr/local/cuda-10.2/lib64:/home/user/.catkin_ws_python3/src/TensorRT-7.0.0.11/lib:/home/simulations/ros2_sims_ws/install/visualization_msgs/lib:/home/simulations/ros2_sims_ws/install/test_msgs/lib:/home/simulations/ros2_sims_ws/install/example_interfaces/lib:/home/simulations/ros2_sims_ws/install/action_msgs/lib:/home/simulations/ros2_sims_ws/install/unique_identifier_msgs/lib:/home/simulations/ros2_sims_ws/install/trajectory_msgs/lib:/home/simulations/ros2_sims_ws/install/stereo_msgs/lib:/home/simulations/ros2_sims_ws/install/std_srvs/lib:/home/simulations/ros2_sims_ws/install/shape_msgs/lib:/home/simulations/ros2_sims_ws/install/sensor_msgs/lib:/home/simulations/ros2_sims_ws/install/nav_msgs/lib:/home/simulations/ros2_sims_ws/install/diagnostic_msgs/lib:/home/simulations/ros2_sims_ws/install/geometry_msgs/lib:/home/simulations/ros2_sims_ws/install/actionlib_msgs/lib:/home/simulations/ros2_sims_ws/install/std_msgs/lib:/home/simulations/ros2_sims_ws/install/statistics_msgs/lib:/home/simulations/ros2_sims_ws/install/rosgraph_msgs/lib:/home/simulations/ros2_sims_ws/install/rclrs_example_msgs/lib:/home/simulations/ros2_sims_ws/install/composition_interfaces/lib:/home/simulations/ros2_sims_ws/install/rcl_interfaces/lib:/home/simulations/ros2_sims_ws/install/lifecycle_msgs/lib:/home/simulations/ros2_sims_ws/install/builtin_interfaces/lib:/home/user/ros2_ws/install/tf2_web_republisher/lib:/home/user/ros2_ws/install/robotiq_85_msgs/lib:/home/user/ros2_ws/install/pilz_industrial_motion_planner_testutils/lib:/home/user/ros2_ws/install/pilz_industrial_motion_planner/lib:/home/user/ros2_ws/install/moveit_ros_control_interface/lib:/home/user/ros2_ws/install/moveit_simple_controller_manager/lib:/home/user/ros2_ws/install/moveit_setup_assistant/lib:/home/user/ros2_ws/install/moveit_setup_srdf_plugins/lib:/home/user/ros2_ws/install/moveit_setup_core_plugins/lib:/home/user/ros2_ws/install/moveit_setup_controllers/lib:/home/user/ros2_ws/install/moveit_setup_app_plugins/lib:/home/user/ros2_ws/install/moveit_setup_framework/lib:/home/user/ros2_ws/install/moveit_servo/lib:/home/user/ros2_ws/install/moveit_ros_visualization/lib:/home/user/ros2_ws/install/moveit_hybrid_planning/lib:/home/user/ros2_ws/install/moveit_ros_planning_interface/lib:/home/user/ros2_ws/install/moveit_ros_benchmarks/lib:/home/user/ros2_ws/install/moveit_ros_warehouse/lib:/home/user/ros2_ws/install/moveit_ros_robot_interaction/lib:/home/user/ros2_ws/install/moveit_ros_perception/lib:/home/user/ros2_ws/install/moveit_ros_move_group/lib:/home/user/ros2_ws/install/moveit_planners_ompl/lib:/home/user/ros2_ws/install/moveit_ros_planning/lib:/home/user/ros2_ws/install/moveit_ros_occupancy_map_monitor/lib:/home/user/ros2_ws/install/moveit_resources_prbt_ikfast_manipulator_plugin/lib:/home/user/ros2_ws/install/moveit_planners_chomp/lib:/home/user/ros2_ws/install/moveit_kinematics/lib:/home/user/ros2_ws/install/moveit_chomp_optimizer_adapter/lib:/home/user/ros2_ws/install/chomp_motion_planner/lib:/home/user/ros2_ws/install/moveit_core/lib:/home/user/ros2_ws/install/gazebo_grasp_plugin/lib:/home/user/ros2_ws/install/gazebo_version_helpers/lib:/home/user/ros2_ws/install/gazebo_ros2_control/lib:/home/user/ros2_ws/install/barista_table_finder/lib:/home/user/ros2_ws/install/barista_dock_charger_station/lib:/home/user/ros2_ws/install/barista_alignment/lib:/home/user/ros2_ws/install/async_web_server_cpp/lib:/opt/ros/humble/opt/rviz_ogre_vendor/lib:/opt/ros/humble/lib/x86_64-linux-gnu:/opt/ros/humble/lib:/usr/local/cuda-10.2/lib64:/home/user/.catkin_ws_python3/src/TensorRT-7.0.0.11/lib:/usr/lib/x86_64-linux-gnu/gazebo-11/plugins:/usr/lib/x86_64-linux-gnu/gazebo-11/plugins:/usr/lib/x86_64-linux-gnu/gazebo-11/plugins _=/usr/bin/env /usr/bin/cmake /home/user/FinalProject/ros2_ws/src/gazebo_ros_pkgs/gazebo_ros -DCMAKE_INSTALL_PREFIX=/home/user/FinalProject/ros2_ws/install/gazebo_ros
[0.244s] -- The C compiler identification is GNU 11.3.0
[0.343s] -- The CXX compiler identification is GNU 11.3.0
[0.353s] -- Detecting C compiler ABI info
[0.529s] -- Detecting C compiler ABI info - done
[0.557s] -- Check for working C compiler: /usr/bin/cc - skipped
[0.557s] -- Detecting C compile features
[0.557s] -- Detecting C compile features - done
[0.562s] -- Detecting CXX compiler ABI info
[0.763s] -- Detecting CXX compiler ABI info - done
[0.782s] -- Check for working CXX compiler: /usr/bin/c++ - skipped
[0.782s] -- Detecting CXX compile features
[0.782s] -- Detecting CXX compile features - done
[0.803s] -- Found ament_cmake: 1.3.4 (/opt/ros/humble/share/ament_cmake/cmake)
[1.314s] -- Found Python3: /usr/bin/python3.10 (found version "3.10.6") found components: Interpreter 
[1.810s] -- Found builtin_interfaces: 1.2.1 (/home/simulations/ros2_sims_ws/install/builtin_interfaces/share/builtin_interfaces/cmake)
[2.047s] -- Found rosidl_generator_c: 3.1.4 (/opt/ros/humble/share/rosidl_generator_c/cmake)
[2.099s] -- Found rosidl_adapter: 3.1.4 (/opt/ros/humble/share/rosidl_adapter/cmake)
[2.161s] -- Found rosidl_generator_cpp: 3.1.4 (/opt/ros/humble/share/rosidl_generator_cpp/cmake)
[2.226s] -- Using all available rosidl_typesupport_c: rosidl_typesupport_fastrtps_c;rosidl_typesupport_introspection_c
[2.352s] -- Using all available rosidl_typesupport_cpp: rosidl_typesupport_fastrtps_cpp;rosidl_typesupport_introspection_cpp
[2.430s] -- Found gazebo_dev: 3.7.0 (/home/user/FinalProject/ros2_ws/install/gazebo_dev/share/gazebo_dev/cmake)
[2.632s] -- Found PkgConfig: /usr/bin/pkg-config (found version "0.29.2") 
[2.634s] -- Checking for module 'bullet>=2.82'
[2.703s] --   Found bullet, version 3.05
[4.070s] -- Found fcl: /usr/include (found suitable version "0.7.0", minimum required is "0.5.0") 
[4.563s] -- Found assimp: /usr/include (found version "5.2.0") 
[5.012s] -- Found DART: /usr/include (Required is at least version "6.6") found components: dart 
[5.611s] -- Found Boost: /usr/lib/x86_64-linux-gnu/cmake/Boost-1.74.0/BoostConfig.cmake (found suitable version "1.74.0", minimum required is "1.40.0") found components: thread system filesystem program_options regex iostreams date_time 
[6.533s] -- Found Protobuf: /usr/lib/x86_64-linux-gnu/libprotobuf.so (found version "3.12.4") 
[6.801s] -- Looking for ignition-math6 -- found version 6.12.0
[7.183s] -- Searching for dependencies of ignition-math6
[7.295s] -- Looking for OGRE...
[7.296s] -- OGRE_PREFIX_WATCH changed.
[7.311s] -- Checking for module 'OGRE'
[7.383s] --   Found OGRE, version 1.9.0
[7.664s] -- Found Ogre Ghadamon (1.9.0)
[7.717s] -- Found OGRE: optimized;/usr/lib/x86_64-linux-gnu/libOgreMain.so;debug;/usr/lib/x86_64-linux-gnu/libOgreMain.so
[7.740s] -- Looking for OGRE_Paging...
[7.786s] -- Found OGRE_Paging: optimized;/usr/lib/x86_64-linux-gnu/libOgrePaging.so;debug;/usr/lib/x86_64-linux-gnu/libOgrePaging.so
[7.786s] -- Looking for OGRE_Terrain...
[7.852s] -- Found OGRE_Terrain: optimized;/usr/lib/x86_64-linux-gnu/libOgreTerrain.so;debug;/usr/lib/x86_64-linux-gnu/libOgreTerrain.so
[7.853s] -- Looking for OGRE_Property...
[7.887s] -- Found OGRE_Property: optimized;/usr/lib/x86_64-linux-gnu/libOgreProperty.so;debug;/usr/lib/x86_64-linux-gnu/libOgreProperty.so
[7.887s] -- Looking for OGRE_RTShaderSystem...
[7.924s] -- Found OGRE_RTShaderSystem: optimized;/usr/lib/x86_64-linux-gnu/libOgreRTShaderSystem.so;debug;/usr/lib/x86_64-linux-gnu/libOgreRTShaderSystem.so
[7.924s] -- Looking for OGRE_Volume...
[7.977s] -- Found OGRE_Volume: optimized;/usr/lib/x86_64-linux-gnu/libOgreVolume.so;debug;/usr/lib/x86_64-linux-gnu/libOgreVolume.so
[7.977s] -- Looking for OGRE_Overlay...
[8.007s] -- Found OGRE_Overlay: optimized;/usr/lib/x86_64-linux-gnu/libOgreOverlay.so;debug;/usr/lib/x86_64-linux-gnu/libOgreOverlay.so
[9.032s] -- Looking for ignition-math6 -- found version 6.12.0
[9.059s] -- Looking for ignition-transport8 -- found version 8.2.1
[9.059s] -- Searching for dependencies of ignition-transport8
[9.140s] -- Found Protobuf: /usr/lib/x86_64-linux-gnu/libprotobuf.so (found suitable version "3.12.4", minimum required is "3") 
[9.192s] -- Config-file not installed for ZeroMQ -- checking for pkg-config
[9.222s] -- Checking for module 'libzmq >= 4'
[9.759s] --   Found libzmq , version 4.3.4
[9.879s] -- Found ZeroMQ: TRUE (Required is at least version "4") 
[9.899s] -- Checking for module 'uuid'
[10.012s] --   Found uuid, version 2.37.2
[10.109s] -- Found UUID: TRUE  
[10.140s] -- Looking for ignition-msgs5 -- found version 5.8.1
[10.141s] -- Searching for dependencies of ignition-msgs5
[10.220s] -- Looking for ignition-math6 -- found version 6.12.0
[10.238s] -- Checking for module 'tinyxml2'
[10.288s] --   Found tinyxml2, version 9.0.0
[10.446s] -- Looking for ignition-msgs5 -- found version 5.8.1
[10.481s] -- Looking for ignition-common3 -- found version 3.14.0
[10.482s] -- Searching for dependencies of ignition-common3
[10.487s] -- Looking for dlfcn.h - found
[10.492s] -- Looking for libdl - found
[10.495s] -- Found DL: TRUE  
[10.551s] -- Found tinyobjloader: /usr/lib/x86_64-linux-gnu/cmake/tinyobjloader/tinyobjloader-config.cmake (found version "2.0.0") 
[10.555s] -- Searching for <ignition-common3> component [graphics]
[10.588s] -- Looking for ignition-common3-graphics -- found version 3.14.0
[10.588s] -- Searching for dependencies of ignition-common3-graphics
[10.589s] -- Looking for ignition-math6 -- found version 6.12.0
[10.621s] -- Looking for ignition-fuel_tools4 -- found version 4.4.0
[10.621s] -- Searching for dependencies of ignition-fuel_tools4
[10.977s] -- Found CURL: /usr/lib/x86_64-linux-gnu/libcurl.so (found version "7.81.0")  
[11.064s] -- Checking for module 'jsoncpp'
[11.111s] --   Found jsoncpp, version 1.9.5
[11.229s] -- Found JSONCPP: TRUE  
[11.266s] -- Checking for module 'libzip'
[11.317s] --   Found libzip, version 1.7.3
[11.436s] -- Found ZIP: TRUE  
[11.436s] -- Looking for ignition-common3 -- found version 3.14.0
[11.437s] -- Looking for ignition-math6 -- found version 6.12.0
[11.438s] -- Looking for ignition-msgs5 -- found version 5.8.1
[11.770s] -- Gazebo version: 11.10
[11.770s] -- Checking for module 'tbb'
[11.822s] --   Found tbb, version 2021.5.0
[11.918s] -- Found gazebo_msgs: 3.7.0 (/home/user/FinalProject/ros2_ws/install/gazebo_msgs/share/gazebo_msgs/cmake)
[12.498s] -- Found rcl: 5.3.3 (/opt/ros/humble/share/rcl/cmake)
[12.691s] -- Found rmw_implementation_cmake: 6.1.1 (/opt/ros/humble/share/rmw_implementation_cmake/cmake)
[12.723s] -- Found rmw_fastrtps_cpp: 6.2.2 (/opt/ros/humble/share/rmw_fastrtps_cpp/cmake)
[13.158s] -- Found OpenSSL: /usr/lib/x86_64-linux-gnu/libcrypto.so (found version "3.0.2")  
[13.264s] -- Found FastRTPS: /opt/ros/humble/include  
[13.438s] -- Using RMW implementation 'rmw_fastrtps_cpp' as default
[13.564s] -- Found Threads: TRUE  
[13.622s] -- Found rclcpp: 16.0.4 (/opt/ros/humble/share/rclcpp/cmake)
[13.928s] -- Found std_srvs: 4.2.3 (/home/simulations/ros2_sims_ws/install/std_srvs/share/std_srvs/cmake)
[13.983s] -- Found tinyxml_vendor: 0.8.3 (/opt/ros/humble/share/tinyxml_vendor/cmake)
[15.003s] -- Found ament_cmake_gtest: 1.3.4 (/opt/ros/humble/share/ament_cmake_gtest/cmake)
[15.035s] -- Found launch_testing_ament_cmake: 1.0.4 (/opt/ros/humble/share/launch_testing_ament_cmake/cmake)
[15.061s] -- Found python_cmake_module: 0.10.0 (/opt/ros/humble/share/python_cmake_module/cmake)
[15.137s] -- Found PythonInterp: /usr/bin/python3 (found suitable version "3.10.6", minimum required is "3.6") 
[15.158s] -- Found PythonLibs: /usr/lib/x86_64-linux-gnu/libpython3.10.so (found suitable version "3.10.6", minimum required is "3.5") 
[15.159s] -- Using PYTHON_EXECUTABLE: /usr/bin/python3
[15.159s] -- Using PYTHON_INCLUDE_DIRS: /usr/include/python3.10
[15.159s] -- Using PYTHON_LIBRARIES: /usr/lib/x86_64-linux-gnu/libpython3.10.so
[15.225s] -- Found PythonExtra: .so  
[15.233s] -- Found sensor_msgs: 4.2.3 (/home/simulations/ros2_sims_ws/install/sensor_msgs/share/sensor_msgs/cmake)
[16.158s] -- Found gtest sources under '/opt/ros/humble/src/gtest_vendor': C++ tests using 'Google Test' will be built
[17.885s] -- Found ament_lint_auto: 0.12.6 (/opt/ros/humble/share/ament_lint_auto/cmake)
[18.298s] -- Found python_cmake_module: 0.10.0 (/opt/ros/humble/share/python_cmake_module/cmake)
[18.345s] -- Using PYTHON_EXECUTABLE: /usr/bin/python3
[18.345s] -- Using PYTHON_INCLUDE_DIRS: /usr/include/python3.10
[18.345s] -- Using PYTHON_LIBRARIES: /usr/lib/x86_64-linux-gnu/libpython3.10.so
[18.574s] -- Added test 'copyright' to check source files copyright and LICENSE
[18.582s] -- Added test 'cppcheck' to perform static code analysis on C / C++ code
[18.584s] -- Configured cppcheck include dirs: $<BUILD_INTERFACE:/home/user/FinalProject/ros2_ws/src/gazebo_ros_pkgs/gazebo_ros/include>
[18.585s] -- Configured cppcheck exclude dirs and/or files: 
[18.591s] -- Added test 'flake8' to check Python code syntax and style conventions
[18.596s] -- Added test 'lint_cmake' to check CMake code style
[18.605s] -- Added test 'pep257' to check Python code against some of the docstring style conventions in PEP 257
[18.615s] -- Added test 'uncrustify' to check C / C++ code style
[18.615s] -- Configured uncrustify additional arguments: 
[18.619s] -- Added test 'xmllint' to check XML markup files
[18.633s] -- Configuring done
[19.600s] -- Generating done
[19.610s] -- Build files have been written to: /home/user/FinalProject/ros2_ws/build/gazebo_ros
[19.656s] Invoked command in '/home/user/FinalProject/ros2_ws/build/gazebo_ros' returned '0': CMAKE_PREFIX_PATH=/home/user/FinalProject/ros2_ws/install/gazebo_msgs:/home/user/FinalProject/ros2_ws/install/gazebo_dev:/home/user/FinalProject/ros2_ws/install/web_video_server:/home/user/FinalProject/ros2_ws/install/ur_simulation_gazebo:/home/user/FinalProject/ros2_ws/install/real_my_moveit_config:/home/user/FinalProject/ros2_ws/install/my_moveit_config:/home/user/FinalProject/ros2_ws/install/ur_description:/home/user/FinalProject/ros2_ws/install/the_construct_office_gazebo:/home/user/FinalProject/ros2_ws/install/robotnik_sensors:/home/user/FinalProject/ros2_ws/install/rg2_gripper_description:/home/user/FinalProject/ros2_ws/install/pick_and_place:/home/user/FinalProject/ros2_ws/install/hole_detector:/home/user/FinalProject/ros2_ws/install/gazebo_ros:/home/simulations/ros2_sims_ws/install/common_interfaces:/home/simulations/ros2_sims_ws/install/visualization_msgs:/home/simulations/ros2_sims_ws/install/test_msgs:/home/simulations/ros2_sims_ws/install/example_interfaces:/home/simulations/ros2_sims_ws/install/action_msgs:/home/simulations/ros2_sims_ws/install/unique_identifier_msgs:/home/simulations/ros2_sims_ws/install/trajectory_msgs:/home/simulations/ros2_sims_ws/install/test_interface_files:/home/simulations/ros2_sims_ws/install/stereo_msgs:/home/simulations/ros2_sims_ws/install/std_srvs:/home/simulations/ros2_sims_ws/install/shape_msgs:/home/simulations/ros2_sims_ws/install/sensor_msgs:/home/simulations/ros2_sims_ws/install/nav_msgs:/home/simulations/ros2_sims_ws/install/diagnostic_msgs:/home/simulations/ros2_sims_ws/install/geometry_msgs:/home/simulations/ros2_sims_ws/install/actionlib_msgs:/home/simulations/ros2_sims_ws/install/std_msgs:/home/simulations/ros2_sims_ws/install/statistics_msgs:/home/simulations/ros2_sims_ws/install/rosgraph_msgs:/home/simulations/ros2_sims_ws/install/rclrs_example_msgs:/home/simulations/ros2_sims_ws/install/composition_interfaces:/home/simulations/ros2_sims_ws/install/rcl_interfaces:/home/simulations/ros2_sims_ws/install/lifecycle_msgs:/home/simulations/ros2_sims_ws/install/builtin_interfaces:/home/simulations/ros2_sims_ws/install/rosidl_default_runtime:/home/simulations/ros2_sims_ws/install/rosidl_default_generators:/home/simulations/ros2_sims_ws/install/rosidl_generator_rs:/home/user/ros2_ws/install/web_interface:/home/user/ros2_ws/install/web_video_server:/home/user/ros2_ws/install/ur_simulation_gazebo:/home/user/ros2_ws/install/ur3e_moveit_config:/home/user/ros2_ws/install/test_moveit_config:/home/user/ros2_ws/install/real_moveit_config:/home/user/ros2_ws/install/my_moveit_config:/home/user/ros2_ws/install/ur_description:/home/user/ros2_ws/install/the_construct_office_gazebo:/home/user/ros2_ws/install/tf2_web_republisher:/home/user/ros2_ws/install/ros_testing:/home/user/ros2_ws/install/robotnik_sensors_gazebo:/home/user/ros2_ws/install/robotnik_sensors:/home/user/ros2_ws/install/robotiq_85_gripper:/home/user/ros2_ws/install/robotiq_85_msgs:/home/user/ros2_ws/install/robotiq_85_description:/home/user/ros2_ws/install/rg2_gripper_description:/home/user/ros2_ws/install/pilz_industrial_motion_planner_testutils:/home/user/ros2_ws/install/moveit_runtime:/home/user/ros2_ws/install/moveit:/home/user/ros2_ws/install/moveit_planners:/home/user/ros2_ws/install/pilz_industrial_motion_planner:/home/user/ros2_ws/install/moveit_ros_control_interface:/home/user/ros2_ws/install/moveit_plugins:/home/user/ros2_ws/install/moveit_simple_controller_manager:/home/user/ros2_ws/install/moveit_setup_assistant:/home/user/ros2_ws/install/moveit_setup_srdf_plugins:/home/user/ros2_ws/install/moveit_setup_core_plugins:/home/user/ros2_ws/install/moveit_setup_controllers:/home/user/ros2_ws/install/moveit_setup_app_plugins:/home/user/ros2_ws/install/moveit_setup_framework:/home/user/ros2_ws/install/moveit_servo:/home/user/ros2_ws/install/moveit_ros:/home/user/ros2_ws/install/moveit_ros_visualization:/home/user/ros2_ws/install/moveit_hybrid_planning:/home/user/ros2_ws/install/moveit2_scripts:/home/user/ros2_ws/install/moveit_ros_planning_interface:/home/user/ros2_ws/install/moveit_ros_benchmarks:/home/user/ros2_ws/install/moveit_ros_warehouse:/home/user/ros2_ws/install/moveit_ros_robot_interaction:/home/user/ros2_ws/install/moveit_ros_perception:/home/user/ros2_ws/install/moveit_resources_prbt_pg70_support:/home/user/ros2_ws/install/moveit_resources_prbt_moveit_config:/home/user/ros2_ws/install/moveit_ros_move_group:/home/user/ros2_ws/install/moveit_planners_ompl:/home/user/ros2_ws/install/moveit_ros_planning:/home/user/ros2_ws/install/moveit_ros_occupancy_map_monitor:/home/user/ros2_ws/install/moveit_resources_prbt_support:/home/user/ros2_ws/install/moveit_resources_prbt_ikfast_manipulator_plugin:/home/user/ros2_ws/install/moveit_planners_chomp:/home/user/ros2_ws/install/moveit_kinematics:/home/user/ros2_ws/install/moveit_chomp_optimizer_adapter:/home/user/ros2_ws/install/chomp_motion_planner:/home/user/ros2_ws/install/moveit_core:/home/user/ros2_ws/install/moveit_common:/home/user/ros2_ws/install/main_navigation:/home/user/ros2_ws/install/get_cube_pose:/home/user/ros2_ws/install/gazebo_grasp_plugin_ros:/home/user/ros2_ws/install/gazebo_grasp_plugin:/home/user/ros2_ws/install/gazebo_version_helpers:/home/user/ros2_ws/install/gazebo_ros2_control_demos:/home/user/ros2_ws/install/gazebo_ros2_control:/home/user/ros2_ws/install/barista_table_finder:/home/user/ros2_ws/install/barista_gazebo:/home/user/ros2_ws/install/barista_extra_models:/home/user/ros2_ws/install/barista_dock_charger_station:/home/user/ros2_ws/install/barista_description:/home/user/ros2_ws/install/barista_alignment:/home/simulations/ros2_sims_ws/install/rclrs_tests:/home/simulations/ros2_sims_ws/install/examples_rclrs_minimal_client_service:/home/simulations/ros2_sims_ws/install/sensor_msgs_py:/home/simulations/ros2_sims_ws/install/examples_rclrs_minimal_pub_sub:/home/simulations/ros2_sims_ws/install/examples_rclrs_message_demo:/home/simulations/ros2_sims_ws/install/rclrs:/home/simulations/ros2_sims_ws/install/rosidl_runtime_rs:/home/user/ros2_ws/install/tf2_web_republisher_py:/home/user/ros2_ws/install/ros2test:/home/user/ros2_ws/install/robotiq_85_driver:/home/user/ros2_ws/install/path_planner_server:/home/user/ros2_ws/install/moveit_configs_utils:/home/user/ros2_ws/install/localization_server:/home/user/ros2_ws/install/cartographer_slam:/opt/ros/humble:/home/user/ros2_ws/install/async_web_server_cpp LD_LIBRARY_PATH=/home/user/FinalProject/ros2_ws/install/gazebo_msgs/lib:/home/user/FinalProject/ros2_ws/install/hole_detector/lib:/home/user/FinalProject/ros2_ws/install/gazebo_ros/lib:/usr/local/cuda-10.2/lib64:/home/user/.catkin_ws_python3/src/TensorRT-7.0.0.11/lib:/home/simulations/ros2_sims_ws/install/visualization_msgs/lib:/home/simulations/ros2_sims_ws/install/test_msgs/lib:/home/simulations/ros2_sims_ws/install/example_interfaces/lib:/home/simulations/ros2_sims_ws/install/action_msgs/lib:/home/simulations/ros2_sims_ws/install/unique_identifier_msgs/lib:/home/simulations/ros2_sims_ws/install/trajectory_msgs/lib:/home/simulations/ros2_sims_ws/install/stereo_msgs/lib:/home/simulations/ros2_sims_ws/install/std_srvs/lib:/home/simulations/ros2_sims_ws/install/shape_msgs/lib:/home/simulations/ros2_sims_ws/install/sensor_msgs/lib:/home/simulations/ros2_sims_ws/install/nav_msgs/lib:/home/simulations/ros2_sims_ws/install/diagnostic_msgs/lib:/home/simulations/ros2_sims_ws/install/geometry_msgs/lib:/home/simulations/ros2_sims_ws/install/actionlib_msgs/lib:/home/simulations/ros2_sims_ws/install/std_msgs/lib:/home/simulations/ros2_sims_ws/install/statistics_msgs/lib:/home/simulations/ros2_sims_ws/install/rosgraph_msgs/lib:/home/simulations/ros2_sims_ws/install/rclrs_example_msgs/lib:/home/simulations/ros2_sims_ws/install/composition_interfaces/lib:/home/simulations/ros2_sims_ws/install/rcl_interfaces/lib:/home/simulations/ros2_sims_ws/install/lifecycle_msgs/lib:/home/simulations/ros2_sims_ws/install/builtin_interfaces/lib:/home/user/ros2_ws/install/tf2_web_republisher/lib:/home/user/ros2_ws/install/robotiq_85_msgs/lib:/home/user/ros2_ws/install/pilz_industrial_motion_planner_testutils/lib:/home/user/ros2_ws/install/pilz_industrial_motion_planner/lib:/home/user/ros2_ws/install/moveit_ros_control_interface/lib:/home/user/ros2_ws/install/moveit_simple_controller_manager/lib:/home/user/ros2_ws/install/moveit_setup_assistant/lib:/home/user/ros2_ws/install/moveit_setup_srdf_plugins/lib:/home/user/ros2_ws/install/moveit_setup_core_plugins/lib:/home/user/ros2_ws/install/moveit_setup_controllers/lib:/home/user/ros2_ws/install/moveit_setup_app_plugins/lib:/home/user/ros2_ws/install/moveit_setup_framework/lib:/home/user/ros2_ws/install/moveit_servo/lib:/home/user/ros2_ws/install/moveit_ros_visualization/lib:/home/user/ros2_ws/install/moveit_hybrid_planning/lib:/home/user/ros2_ws/install/moveit_ros_planning_interface/lib:/home/user/ros2_ws/install/moveit_ros_benchmarks/lib:/home/user/ros2_ws/install/moveit_ros_warehouse/lib:/home/user/ros2_ws/install/moveit_ros_robot_interaction/lib:/home/user/ros2_ws/install/moveit_ros_perception/lib:/home/user/ros2_ws/install/moveit_ros_move_group/lib:/home/user/ros2_ws/install/moveit_planners_ompl/lib:/home/user/ros2_ws/install/moveit_ros_planning/lib:/home/user/ros2_ws/install/moveit_ros_occupancy_map_monitor/lib:/home/user/ros2_ws/install/moveit_resources_prbt_ikfast_manipulator_plugin/lib:/home/user/ros2_ws/install/moveit_planners_chomp/lib:/home/user/ros2_ws/install/moveit_kinematics/lib:/home/user/ros2_ws/install/moveit_chomp_optimizer_adapter/lib:/home/user/ros2_ws/install/chomp_motion_planner/lib:/home/user/ros2_ws/install/moveit_core/lib:/home/user/ros2_ws/install/gazebo_grasp_plugin/lib:/home/user/ros2_ws/install/gazebo_version_helpers/lib:/home/user/ros2_ws/install/gazebo_ros2_control/lib:/home/user/ros2_ws/install/barista_table_finder/lib:/home/user/ros2_ws/install/barista_dock_charger_station/lib:/home/user/ros2_ws/install/barista_alignment/lib:/home/user/ros2_ws/install/async_web_server_cpp/lib:/opt/ros/humble/opt/rviz_ogre_vendor/lib:/opt/ros/humble/lib/x86_64-linux-gnu:/opt/ros/humble/lib:/usr/local/cuda-10.2/lib64:/home/user/.catkin_ws_python3/src/TensorRT-7.0.0.11/lib:/usr/lib/x86_64-linux-gnu/gazebo-11/plugins:/usr/lib/x86_64-linux-gnu/gazebo-11/plugins:/usr/lib/x86_64-linux-gnu/gazebo-11/plugins _=/usr/bin/env /usr/bin/cmake /home/user/FinalProject/ros2_ws/src/gazebo_ros_pkgs/gazebo_ros -DCMAKE_INSTALL_PREFIX=/home/user/FinalProject/ros2_ws/install/gazebo_ros
[19.661s] Invoking command in '/home/user/FinalProject/ros2_ws/build/gazebo_ros': CMAKE_PREFIX_PATH=/home/user/FinalProject/ros2_ws/install/gazebo_msgs:/home/user/FinalProject/ros2_ws/install/gazebo_dev:/home/user/FinalProject/ros2_ws/install/web_video_server:/home/user/FinalProject/ros2_ws/install/ur_simulation_gazebo:/home/user/FinalProject/ros2_ws/install/real_my_moveit_config:/home/user/FinalProject/ros2_ws/install/my_moveit_config:/home/user/FinalProject/ros2_ws/install/ur_description:/home/user/FinalProject/ros2_ws/install/the_construct_office_gazebo:/home/user/FinalProject/ros2_ws/install/robotnik_sensors:/home/user/FinalProject/ros2_ws/install/rg2_gripper_description:/home/user/FinalProject/ros2_ws/install/pick_and_place:/home/user/FinalProject/ros2_ws/install/hole_detector:/home/user/FinalProject/ros2_ws/install/gazebo_ros:/home/simulations/ros2_sims_ws/install/common_interfaces:/home/simulations/ros2_sims_ws/install/visualization_msgs:/home/simulations/ros2_sims_ws/install/test_msgs:/home/simulations/ros2_sims_ws/install/example_interfaces:/home/simulations/ros2_sims_ws/install/action_msgs:/home/simulations/ros2_sims_ws/install/unique_identifier_msgs:/home/simulations/ros2_sims_ws/install/trajectory_msgs:/home/simulations/ros2_sims_ws/install/test_interface_files:/home/simulations/ros2_sims_ws/install/stereo_msgs:/home/simulations/ros2_sims_ws/install/std_srvs:/home/simulations/ros2_sims_ws/install/shape_msgs:/home/simulations/ros2_sims_ws/install/sensor_msgs:/home/simulations/ros2_sims_ws/install/nav_msgs:/home/simulations/ros2_sims_ws/install/diagnostic_msgs:/home/simulations/ros2_sims_ws/install/geometry_msgs:/home/simulations/ros2_sims_ws/install/actionlib_msgs:/home/simulations/ros2_sims_ws/install/std_msgs:/home/simulations/ros2_sims_ws/install/statistics_msgs:/home/simulations/ros2_sims_ws/install/rosgraph_msgs:/home/simulations/ros2_sims_ws/install/rclrs_example_msgs:/home/simulations/ros2_sims_ws/install/composition_interfaces:/home/simulations/ros2_sims_ws/install/rcl_interfaces:/home/simulations/ros2_sims_ws/install/lifecycle_msgs:/home/simulations/ros2_sims_ws/install/builtin_interfaces:/home/simulations/ros2_sims_ws/install/rosidl_default_runtime:/home/simulations/ros2_sims_ws/install/rosidl_default_generators:/home/simulations/ros2_sims_ws/install/rosidl_generator_rs:/home/user/ros2_ws/install/web_interface:/home/user/ros2_ws/install/web_video_server:/home/user/ros2_ws/install/ur_simulation_gazebo:/home/user/ros2_ws/install/ur3e_moveit_config:/home/user/ros2_ws/install/test_moveit_config:/home/user/ros2_ws/install/real_moveit_config:/home/user/ros2_ws/install/my_moveit_config:/home/user/ros2_ws/install/ur_description:/home/user/ros2_ws/install/the_construct_office_gazebo:/home/user/ros2_ws/install/tf2_web_republisher:/home/user/ros2_ws/install/ros_testing:/home/user/ros2_ws/install/robotnik_sensors_gazebo:/home/user/ros2_ws/install/robotnik_sensors:/home/user/ros2_ws/install/robotiq_85_gripper:/home/user/ros2_ws/install/robotiq_85_msgs:/home/user/ros2_ws/install/robotiq_85_description:/home/user/ros2_ws/install/rg2_gripper_description:/home/user/ros2_ws/install/pilz_industrial_motion_planner_testutils:/home/user/ros2_ws/install/moveit_runtime:/home/user/ros2_ws/install/moveit:/home/user/ros2_ws/install/moveit_planners:/home/user/ros2_ws/install/pilz_industrial_motion_planner:/home/user/ros2_ws/install/moveit_ros_control_interface:/home/user/ros2_ws/install/moveit_plugins:/home/user/ros2_ws/install/moveit_simple_controller_manager:/home/user/ros2_ws/install/moveit_setup_assistant:/home/user/ros2_ws/install/moveit_setup_srdf_plugins:/home/user/ros2_ws/install/moveit_setup_core_plugins:/home/user/ros2_ws/install/moveit_setup_controllers:/home/user/ros2_ws/install/moveit_setup_app_plugins:/home/user/ros2_ws/install/moveit_setup_framework:/home/user/ros2_ws/install/moveit_servo:/home/user/ros2_ws/install/moveit_ros:/home/user/ros2_ws/install/moveit_ros_visualization:/home/user/ros2_ws/install/moveit_hybrid_planning:/home/user/ros2_ws/install/moveit2_scripts:/home/user/ros2_ws/install/moveit_ros_planning_interface:/home/user/ros2_ws/install/moveit_ros_benchmarks:/home/user/ros2_ws/install/moveit_ros_warehouse:/home/user/ros2_ws/install/moveit_ros_robot_interaction:/home/user/ros2_ws/install/moveit_ros_perception:/home/user/ros2_ws/install/moveit_resources_prbt_pg70_support:/home/user/ros2_ws/install/moveit_resources_prbt_moveit_config:/home/user/ros2_ws/install/moveit_ros_move_group:/home/user/ros2_ws/install/moveit_planners_ompl:/home/user/ros2_ws/install/moveit_ros_planning:/home/user/ros2_ws/install/moveit_ros_occupancy_map_monitor:/home/user/ros2_ws/install/moveit_resources_prbt_support:/home/user/ros2_ws/install/moveit_resources_prbt_ikfast_manipulator_plugin:/home/user/ros2_ws/install/moveit_planners_chomp:/home/user/ros2_ws/install/moveit_kinematics:/home/user/ros2_ws/install/moveit_chomp_optimizer_adapter:/home/user/ros2_ws/install/chomp_motion_planner:/home/user/ros2_ws/install/moveit_core:/home/user/ros2_ws/install/moveit_common:/home/user/ros2_ws/install/main_navigation:/home/user/ros2_ws/install/get_cube_pose:/home/user/ros2_ws/install/gazebo_grasp_plugin_ros:/home/user/ros2_ws/install/gazebo_grasp_plugin:/home/user/ros2_ws/install/gazebo_version_helpers:/home/user/ros2_ws/install/gazebo_ros2_control_demos:/home/user/ros2_ws/install/gazebo_ros2_control:/home/user/ros2_ws/install/barista_table_finder:/home/user/ros2_ws/install/barista_gazebo:/home/user/ros2_ws/install/barista_extra_models:/home/user/ros2_ws/install/barista_dock_charger_station:/home/user/ros2_ws/install/barista_description:/home/user/ros2_ws/install/barista_alignment:/home/simulations/ros2_sims_ws/install/rclrs_tests:/home/simulations/ros2_sims_ws/install/examples_rclrs_minimal_client_service:/home/simulations/ros2_sims_ws/install/sensor_msgs_py:/home/simulations/ros2_sims_ws/install/examples_rclrs_minimal_pub_sub:/home/simulations/ros2_sims_ws/install/examples_rclrs_message_demo:/home/simulations/ros2_sims_ws/install/rclrs:/home/simulations/ros2_sims_ws/install/rosidl_runtime_rs:/home/user/ros2_ws/install/tf2_web_republisher_py:/home/user/ros2_ws/install/ros2test:/home/user/ros2_ws/install/robotiq_85_driver:/home/user/ros2_ws/install/path_planner_server:/home/user/ros2_ws/install/moveit_configs_utils:/home/user/ros2_ws/install/localization_server:/home/user/ros2_ws/install/cartographer_slam:/opt/ros/humble:/home/user/ros2_ws/install/async_web_server_cpp LD_LIBRARY_PATH=/home/user/FinalProject/ros2_ws/install/gazebo_msgs/lib:/home/user/FinalProject/ros2_ws/install/hole_detector/lib:/home/user/FinalProject/ros2_ws/install/gazebo_ros/lib:/usr/local/cuda-10.2/lib64:/home/user/.catkin_ws_python3/src/TensorRT-7.0.0.11/lib:/home/simulations/ros2_sims_ws/install/visualization_msgs/lib:/home/simulations/ros2_sims_ws/install/test_msgs/lib:/home/simulations/ros2_sims_ws/install/example_interfaces/lib:/home/simulations/ros2_sims_ws/install/action_msgs/lib:/home/simulations/ros2_sims_ws/install/unique_identifier_msgs/lib:/home/simulations/ros2_sims_ws/install/trajectory_msgs/lib:/home/simulations/ros2_sims_ws/install/stereo_msgs/lib:/home/simulations/ros2_sims_ws/install/std_srvs/lib:/home/simulations/ros2_sims_ws/install/shape_msgs/lib:/home/simulations/ros2_sims_ws/install/sensor_msgs/lib:/home/simulations/ros2_sims_ws/install/nav_msgs/lib:/home/simulations/ros2_sims_ws/install/diagnostic_msgs/lib:/home/simulations/ros2_sims_ws/install/geometry_msgs/lib:/home/simulations/ros2_sims_ws/install/actionlib_msgs/lib:/home/simulations/ros2_sims_ws/install/std_msgs/lib:/home/simulations/ros2_sims_ws/install/statistics_msgs/lib:/home/simulations/ros2_sims_ws/install/rosgraph_msgs/lib:/home/simulations/ros2_sims_ws/install/rclrs_example_msgs/lib:/home/simulations/ros2_sims_ws/install/composition_interfaces/lib:/home/simulations/ros2_sims_ws/install/rcl_interfaces/lib:/home/simulations/ros2_sims_ws/install/lifecycle_msgs/lib:/home/simulations/ros2_sims_ws/install/builtin_interfaces/lib:/home/user/ros2_ws/install/tf2_web_republisher/lib:/home/user/ros2_ws/install/robotiq_85_msgs/lib:/home/user/ros2_ws/install/pilz_industrial_motion_planner_testutils/lib:/home/user/ros2_ws/install/pilz_industrial_motion_planner/lib:/home/user/ros2_ws/install/moveit_ros_control_interface/lib:/home/user/ros2_ws/install/moveit_simple_controller_manager/lib:/home/user/ros2_ws/install/moveit_setup_assistant/lib:/home/user/ros2_ws/install/moveit_setup_srdf_plugins/lib:/home/user/ros2_ws/install/moveit_setup_core_plugins/lib:/home/user/ros2_ws/install/moveit_setup_controllers/lib:/home/user/ros2_ws/install/moveit_setup_app_plugins/lib:/home/user/ros2_ws/install/moveit_setup_framework/lib:/home/user/ros2_ws/install/moveit_servo/lib:/home/user/ros2_ws/install/moveit_ros_visualization/lib:/home/user/ros2_ws/install/moveit_hybrid_planning/lib:/home/user/ros2_ws/install/moveit_ros_planning_interface/lib:/home/user/ros2_ws/install/moveit_ros_benchmarks/lib:/home/user/ros2_ws/install/moveit_ros_warehouse/lib:/home/user/ros2_ws/install/moveit_ros_robot_interaction/lib:/home/user/ros2_ws/install/moveit_ros_perception/lib:/home/user/ros2_ws/install/moveit_ros_move_group/lib:/home/user/ros2_ws/install/moveit_planners_ompl/lib:/home/user/ros2_ws/install/moveit_ros_planning/lib:/home/user/ros2_ws/install/moveit_ros_occupancy_map_monitor/lib:/home/user/ros2_ws/install/moveit_resources_prbt_ikfast_manipulator_plugin/lib:/home/user/ros2_ws/install/moveit_planners_chomp/lib:/home/user/ros2_ws/install/moveit_kinematics/lib:/home/user/ros2_ws/install/moveit_chomp_optimizer_adapter/lib:/home/user/ros2_ws/install/chomp_motion_planner/lib:/home/user/ros2_ws/install/moveit_core/lib:/home/user/ros2_ws/install/gazebo_grasp_plugin/lib:/home/user/ros2_ws/install/gazebo_version_helpers/lib:/home/user/ros2_ws/install/gazebo_ros2_control/lib:/home/user/ros2_ws/install/barista_table_finder/lib:/home/user/ros2_ws/install/barista_dock_charger_station/lib:/home/user/ros2_ws/install/barista_alignment/lib:/home/user/ros2_ws/install/async_web_server_cpp/lib:/opt/ros/humble/opt/rviz_ogre_vendor/lib:/opt/ros/humble/lib/x86_64-linux-gnu:/opt/ros/humble/lib:/usr/local/cuda-10.2/lib64:/home/user/.catkin_ws_python3/src/TensorRT-7.0.0.11/lib:/usr/lib/x86_64-linux-gnu/gazebo-11/plugins:/usr/lib/x86_64-linux-gnu/gazebo-11/plugins:/usr/lib/x86_64-linux-gnu/gazebo-11/plugins _=/usr/bin/env /usr/bin/cmake --build /home/user/FinalProject/ros2_ws/build/gazebo_ros -- -j8 -l8
[19.921s] [  0%] Built target ament_cmake_python_copy_scripts
[20.013s] [  1%] [32mBuilding CXX object test/CMakeFiles/mock_gazebo_ros_factory.dir/mock_gazebo_ros_factory/gazebo_ros_factory.cpp.o[0m
[26.094s] [  3%] [32m[1mLinking CXX executable mock_gazebo_ros_factory[0m
[26.374s] [  3%] Built target mock_gazebo_ros_factory
[26.921s] running egg_info
[26.922s] creating scripts.egg-info
[26.923s] writing scripts.egg-info/PKG-INFO
[26.924s] writing dependency_links to scripts.egg-info/dependency_links.txt
[26.924s] writing top-level names to scripts.egg-info/top_level.txt
[26.924s] writing manifest file 'scripts.egg-info/SOURCES.txt'
[26.927s] reading manifest file 'scripts.egg-info/SOURCES.txt'
[26.928s] writing manifest file 'scripts.egg-info/SOURCES.txt'
[26.988s] [  3%] Built target ament_cmake_python_build_scripts_egg
[27.083s] [  5%] [32mBuilding CXX object test/CMakeFiles/mock_robot_state_publisher.dir/mock_robot_state_publisher/robot_state_publisher.cpp.o[0m
[34.000s] [  6%] [32m[1mLinking CXX executable mock_robot_state_publisher[0m
[34.287s] [  6%] Built target mock_robot_state_publisher
[34.362s] [  8%] [32mBuilding CXX object gtest/CMakeFiles/gtest.dir/src/gtest-all.cc.o[0m
[39.736s] [ 10%] [32m[1mLinking CXX static library libgtest.a[0m
[59.617s] [ 10%] Built target gtest
[59.697s] [ 11%] [32mBuilding CXX object gtest/CMakeFiles/gtest_main.dir/src/gtest_main.cc.o[0m
[60.624s] [ 13%] [32m[1mLinking CXX static library libgtest_main.a[0m
[60.803s] [ 13%] Built target gtest_main
[60.901s] [ 15%] [32mBuilding CXX object CMakeFiles/gazebo_ros_utils.dir/src/utils.cpp.o[0m
[81.255s] [ 16%] [32m[1mLinking CXX shared library libgazebo_ros_utils.so[0m
[82.011s] [ 16%] Built target gazebo_ros_utils
[82.105s] [ 18%] [32mBuilding CXX object CMakeFiles/gazebo_ros_node.dir/src/executor.cpp.o[0m
[92.612s] [ 20%] [32mBuilding CXX object CMakeFiles/gazebo_ros_node.dir/src/qos.cpp.o[0m
[98.676s] [ 21%] [32mBuilding CXX object CMakeFiles/gazebo_ros_node.dir/src/node.cpp.o[0m
[110.081s] [ 23%] [32m[1mLinking CXX shared library libgazebo_ros_node.so[0m
[110.638s] [ 23%] Built target gazebo_ros_node
[110.726s] [ 25%] [32mBuilding CXX object CMakeFiles/gazebo_ros_init.dir/src/gazebo_ros_init.cpp.o[0m
[137.780s] [ 26%] [32m[1mLinking CXX shared library libgazebo_ros_init.so[0m
[138.782s] [ 26%] Built target gazebo_ros_init
[138.854s] [ 28%] [32mBuilding CXX object test/CMakeFiles/multiple_nodes.dir/plugins/multiple_nodes.cpp.o[0m
[153.283s] [ 30%] [32m[1mLinking CXX shared library libmultiple_nodes.so[0m
[153.895s] [ 30%] Built target multiple_nodes
[153.954s] [ 31%] [32mBuilding CXX object test/CMakeFiles/ros_world_plugin.dir/plugins/ros_world_plugin.cpp.o[0m
[168.166s] [ 33%] [32m[1mLinking CXX shared library libros_world_plugin.so[0m
[168.817s] [ 33%] Built target ros_world_plugin
[168.894s] [ 35%] [32mBuilding CXX object test/CMakeFiles/sdf_node.dir/plugins/sdf_node.cpp.o[0m
[183.252s] [ 36%] [32m[1mLinking CXX shared library libsdf_node.so[0m
[183.831s] [ 36%] Built target sdf_node
[183.916s] [ 38%] [32mBuilding CXX object test/CMakeFiles/test_conversions.dir/test_conversions.cpp.o[0m
[189.472s] [ 40%] [32m[1mLinking CXX executable test_conversions[0m
[191.361s] [ 40%] Built target test_conversions
[191.434s] [ 41%] [32mBuilding CXX object test/CMakeFiles/test_gazebo_ros_factory.dir/test_gazebo_ros_factory.cpp.o[0m
[234.967s] [ 43%] [32m[1mLinking CXX executable test_gazebo_ros_factory[0m
[237.300s] [ 43%] Built target test_gazebo_ros_factory
[237.371s] [ 45%] [32mBuilding CXX object test/CMakeFiles/test_gazebo_ros_init.dir/test_gazebo_ros_init.cpp.o[0m
[273.602s] [ 46%] [32m[1mLinking CXX executable test_gazebo_ros_init[0m
[275.601s] [ 46%] Built target test_gazebo_ros_init
[275.682s] [ 48%] [32mBuilding CXX object test/CMakeFiles/test_gazebo_ros_joint_effort.dir/test_gazebo_ros_joint_effort.cpp.o[0m
[312.825s] [ 50%] [32m[1mLinking CXX executable test_gazebo_ros_joint_effort[0m
[314.846s] [ 50%] Built target test_gazebo_ros_joint_effort
[314.932s] [ 51%] [32mBuilding CXX object test/CMakeFiles/test_gazebo_ros_link_wrench.dir/test_gazebo_ros_link_wrench.cpp.o[0m
[352.810s] [ 53%] [32m[1mLinking CXX executable test_gazebo_ros_link_wrench[0m
[354.887s] [ 53%] Built target test_gazebo_ros_link_wrench
[354.968s] [ 55%] [32mBuilding CXX object test/CMakeFiles/test_gazebo_ros_properties.dir/test_gazebo_ros_properties.cpp.o[0m
[397.566s] [ 56%] [32m[1mLinking CXX executable test_gazebo_ros_properties[0m
[400.000s] [ 56%] Built target test_gazebo_ros_properties
[400.097s] [ 58%] [32mBuilding CXX object test/CMakeFiles/test_gazebo_ros_state.dir/test_gazebo_ros_state.cpp.o[0m
[450.160s] [ 60%] [32m[1mLinking CXX executable test_gazebo_ros_state[0m
[453.051s] [ 60%] Built target test_gazebo_ros_state
[453.128s] [ 61%] [32mBuilding CXX object test/CMakeFiles/test_node.dir/test_node.cpp.o[0m
[465.467s] [ 63%] [32m[1mLinking CXX executable test_node[0m
[466.888s] [ 63%] Built target test_node
[466.961s] [ 65%] [32mBuilding CXX object test/CMakeFiles/test_reject_duplicate_nodes.dir/test_reject_duplicate_nodes.cpp.o[0m
[479.474s] [ 66%] [32m[1mLinking CXX executable test_reject_duplicate_nodes[0m
[480.898s] [ 66%] Built target test_reject_duplicate_nodes
[480.970s] [ 68%] [32mBuilding CXX object test/CMakeFiles/test_plugins.dir/test_plugins.cpp.o[0m
[495.923s] [ 70%] [32m[1mLinking CXX executable test_plugins[0m
[496.849s] [ 70%] Built target test_plugins
[496.930s] [ 71%] [32mBuilding CXX object test/CMakeFiles/test_qos.dir/test_qos.cpp.o[0m
[502.997s] [ 73%] [32m[1mLinking CXX executable test_qos[0m
[504.422s] [ 73%] Built target test_qos
[504.490s] [ 75%] [32mBuilding CXX object test/CMakeFiles/test_sim_time.dir/test_sim_time.cpp.o[0m
[519.067s] [ 76%] [32m[1mLinking CXX executable test_sim_time[0m
[520.030s] [ 76%] Built target test_sim_time
[520.103s] [ 78%] [32mBuilding CXX object test/CMakeFiles/test_utils.dir/test_utils.cpp.o[0m
[534.858s] [ 80%] [32m[1mLinking CXX executable test_utils[0m
[536.483s] [ 80%] Built target test_utils
[536.560s] [ 81%] [32mBuilding CXX object test/CMakeFiles/create_node_without_init.dir/plugins/create_node_without_init.cpp.o[0m
[550.701s] [ 83%] [32m[1mLinking CXX shared library libcreate_node_without_init.so[0m
[551.275s] [ 83%] Built target create_node_without_init
[551.338s] [ 85%] [32mBuilding CXX object test/CMakeFiles/args_init.dir/plugins/args_init.cpp.o[0m
[565.494s] [ 86%] [32m[1mLinking CXX shared library libargs_init.so[0m
[566.101s] [ 86%] Built target args_init
[566.175s] [ 88%] [32mBuilding CXX object CMakeFiles/gazebo_ros_force_system.dir/src/gazebo_ros_force_system.cpp.o[0m
[587.757s] [ 90%] [32m[1mLinking CXX shared library libgazebo_ros_force_system.so[0m
[588.684s] [ 90%] Built target gazebo_ros_force_system
[588.741s] [ 91%] [32mBuilding CXX object CMakeFiles/gazebo_ros_state.dir/src/gazebo_ros_state.cpp.o[0m
[611.566s] [ 93%] [32m[1mLinking CXX shared library libgazebo_ros_state.so[0m
[612.462s] [ 93%] Built target gazebo_ros_state
[612.536s] [ 95%] [32mBuilding CXX object CMakeFiles/gazebo_ros_properties.dir/src/gazebo_ros_properties.cpp.o[0m
[639.587s] [ 96%] [32m[1mLinking CXX shared library libgazebo_ros_properties.so[0m
[640.698s] [ 96%] Built target gazebo_ros_properties
[640.813s] [ 98%] [32mBuilding CXX object CMakeFiles/gazebo_ros_factory.dir/src/gazebo_ros_factory.cpp.o[0m
[665.225s] [100%] [32m[1mLinking CXX shared library libgazebo_ros_factory.so[0m
[666.127s] [100%] Built target gazebo_ros_factory
[666.152s] Invoked command in '/home/user/FinalProject/ros2_ws/build/gazebo_ros' returned '0': CMAKE_PREFIX_PATH=/home/user/FinalProject/ros2_ws/install/gazebo_msgs:/home/user/FinalProject/ros2_ws/install/gazebo_dev:/home/user/FinalProject/ros2_ws/install/web_video_server:/home/user/FinalProject/ros2_ws/install/ur_simulation_gazebo:/home/user/FinalProject/ros2_ws/install/real_my_moveit_config:/home/user/FinalProject/ros2_ws/install/my_moveit_config:/home/user/FinalProject/ros2_ws/install/ur_description:/home/user/FinalProject/ros2_ws/install/the_construct_office_gazebo:/home/user/FinalProject/ros2_ws/install/robotnik_sensors:/home/user/FinalProject/ros2_ws/install/rg2_gripper_description:/home/user/FinalProject/ros2_ws/install/pick_and_place:/home/user/FinalProject/ros2_ws/install/hole_detector:/home/user/FinalProject/ros2_ws/install/gazebo_ros:/home/simulations/ros2_sims_ws/install/common_interfaces:/home/simulations/ros2_sims_ws/install/visualization_msgs:/home/simulations/ros2_sims_ws/install/test_msgs:/home/simulations/ros2_sims_ws/install/example_interfaces:/home/simulations/ros2_sims_ws/install/action_msgs:/home/simulations/ros2_sims_ws/install/unique_identifier_msgs:/home/simulations/ros2_sims_ws/install/trajectory_msgs:/home/simulations/ros2_sims_ws/install/test_interface_files:/home/simulations/ros2_sims_ws/install/stereo_msgs:/home/simulations/ros2_sims_ws/install/std_srvs:/home/simulations/ros2_sims_ws/install/shape_msgs:/home/simulations/ros2_sims_ws/install/sensor_msgs:/home/simulations/ros2_sims_ws/install/nav_msgs:/home/simulations/ros2_sims_ws/install/diagnostic_msgs:/home/simulations/ros2_sims_ws/install/geometry_msgs:/home/simulations/ros2_sims_ws/install/actionlib_msgs:/home/simulations/ros2_sims_ws/install/std_msgs:/home/simulations/ros2_sims_ws/install/statistics_msgs:/home/simulations/ros2_sims_ws/install/rosgraph_msgs:/home/simulations/ros2_sims_ws/install/rclrs_example_msgs:/home/simulations/ros2_sims_ws/install/composition_interfaces:/home/simulations/ros2_sims_ws/install/rcl_interfaces:/home/simulations/ros2_sims_ws/install/lifecycle_msgs:/home/simulations/ros2_sims_ws/install/builtin_interfaces:/home/simulations/ros2_sims_ws/install/rosidl_default_runtime:/home/simulations/ros2_sims_ws/install/rosidl_default_generators:/home/simulations/ros2_sims_ws/install/rosidl_generator_rs:/home/user/ros2_ws/install/web_interface:/home/user/ros2_ws/install/web_video_server:/home/user/ros2_ws/install/ur_simulation_gazebo:/home/user/ros2_ws/install/ur3e_moveit_config:/home/user/ros2_ws/install/test_moveit_config:/home/user/ros2_ws/install/real_moveit_config:/home/user/ros2_ws/install/my_moveit_config:/home/user/ros2_ws/install/ur_description:/home/user/ros2_ws/install/the_construct_office_gazebo:/home/user/ros2_ws/install/tf2_web_republisher:/home/user/ros2_ws/install/ros_testing:/home/user/ros2_ws/install/robotnik_sensors_gazebo:/home/user/ros2_ws/install/robotnik_sensors:/home/user/ros2_ws/install/robotiq_85_gripper:/home/user/ros2_ws/install/robotiq_85_msgs:/home/user/ros2_ws/install/robotiq_85_description:/home/user/ros2_ws/install/rg2_gripper_description:/home/user/ros2_ws/install/pilz_industrial_motion_planner_testutils:/home/user/ros2_ws/install/moveit_runtime:/home/user/ros2_ws/install/moveit:/home/user/ros2_ws/install/moveit_planners:/home/user/ros2_ws/install/pilz_industrial_motion_planner:/home/user/ros2_ws/install/moveit_ros_control_interface:/home/user/ros2_ws/install/moveit_plugins:/home/user/ros2_ws/install/moveit_simple_controller_manager:/home/user/ros2_ws/install/moveit_setup_assistant:/home/user/ros2_ws/install/moveit_setup_srdf_plugins:/home/user/ros2_ws/install/moveit_setup_core_plugins:/home/user/ros2_ws/install/moveit_setup_controllers:/home/user/ros2_ws/install/moveit_setup_app_plugins:/home/user/ros2_ws/install/moveit_setup_framework:/home/user/ros2_ws/install/moveit_servo:/home/user/ros2_ws/install/moveit_ros:/home/user/ros2_ws/install/moveit_ros_visualization:/home/user/ros2_ws/install/moveit_hybrid_planning:/home/user/ros2_ws/install/moveit2_scripts:/home/user/ros2_ws/install/moveit_ros_planning_interface:/home/user/ros2_ws/install/moveit_ros_benchmarks:/home/user/ros2_ws/install/moveit_ros_warehouse:/home/user/ros2_ws/install/moveit_ros_robot_interaction:/home/user/ros2_ws/install/moveit_ros_perception:/home/user/ros2_ws/install/moveit_resources_prbt_pg70_support:/home/user/ros2_ws/install/moveit_resources_prbt_moveit_config:/home/user/ros2_ws/install/moveit_ros_move_group:/home/user/ros2_ws/install/moveit_planners_ompl:/home/user/ros2_ws/install/moveit_ros_planning:/home/user/ros2_ws/install/moveit_ros_occupancy_map_monitor:/home/user/ros2_ws/install/moveit_resources_prbt_support:/home/user/ros2_ws/install/moveit_resources_prbt_ikfast_manipulator_plugin:/home/user/ros2_ws/install/moveit_planners_chomp:/home/user/ros2_ws/install/moveit_kinematics:/home/user/ros2_ws/install/moveit_chomp_optimizer_adapter:/home/user/ros2_ws/install/chomp_motion_planner:/home/user/ros2_ws/install/moveit_core:/home/user/ros2_ws/install/moveit_common:/home/user/ros2_ws/install/main_navigation:/home/user/ros2_ws/install/get_cube_pose:/home/user/ros2_ws/install/gazebo_grasp_plugin_ros:/home/user/ros2_ws/install/gazebo_grasp_plugin:/home/user/ros2_ws/install/gazebo_version_helpers:/home/user/ros2_ws/install/gazebo_ros2_control_demos:/home/user/ros2_ws/install/gazebo_ros2_control:/home/user/ros2_ws/install/barista_table_finder:/home/user/ros2_ws/install/barista_gazebo:/home/user/ros2_ws/install/barista_extra_models:/home/user/ros2_ws/install/barista_dock_charger_station:/home/user/ros2_ws/install/barista_description:/home/user/ros2_ws/install/barista_alignment:/home/simulations/ros2_sims_ws/install/rclrs_tests:/home/simulations/ros2_sims_ws/install/examples_rclrs_minimal_client_service:/home/simulations/ros2_sims_ws/install/sensor_msgs_py:/home/simulations/ros2_sims_ws/install/examples_rclrs_minimal_pub_sub:/home/simulations/ros2_sims_ws/install/examples_rclrs_message_demo:/home/simulations/ros2_sims_ws/install/rclrs:/home/simulations/ros2_sims_ws/install/rosidl_runtime_rs:/home/user/ros2_ws/install/tf2_web_republisher_py:/home/user/ros2_ws/install/ros2test:/home/user/ros2_ws/install/robotiq_85_driver:/home/user/ros2_ws/install/path_planner_server:/home/user/ros2_ws/install/moveit_configs_utils:/home/user/ros2_ws/install/localization_server:/home/user/ros2_ws/install/cartographer_slam:/opt/ros/humble:/home/user/ros2_ws/install/async_web_server_cpp LD_LIBRARY_PATH=/home/user/FinalProject/ros2_ws/install/gazebo_msgs/lib:/home/user/FinalProject/ros2_ws/install/hole_detector/lib:/home/user/FinalProject/ros2_ws/install/gazebo_ros/lib:/usr/local/cuda-10.2/lib64:/home/user/.catkin_ws_python3/src/TensorRT-7.0.0.11/lib:/home/simulations/ros2_sims_ws/install/visualization_msgs/lib:/home/simulations/ros2_sims_ws/install/test_msgs/lib:/home/simulations/ros2_sims_ws/install/example_interfaces/lib:/home/simulations/ros2_sims_ws/install/action_msgs/lib:/home/simulations/ros2_sims_ws/install/unique_identifier_msgs/lib:/home/simulations/ros2_sims_ws/install/trajectory_msgs/lib:/home/simulations/ros2_sims_ws/install/stereo_msgs/lib:/home/simulations/ros2_sims_ws/install/std_srvs/lib:/home/simulations/ros2_sims_ws/install/shape_msgs/lib:/home/simulations/ros2_sims_ws/install/sensor_msgs/lib:/home/simulations/ros2_sims_ws/install/nav_msgs/lib:/home/simulations/ros2_sims_ws/install/diagnostic_msgs/lib:/home/simulations/ros2_sims_ws/install/geometry_msgs/lib:/home/simulations/ros2_sims_ws/install/actionlib_msgs/lib:/home/simulations/ros2_sims_ws/install/std_msgs/lib:/home/simulations/ros2_sims_ws/install/statistics_msgs/lib:/home/simulations/ros2_sims_ws/install/rosgraph_msgs/lib:/home/simulations/ros2_sims_ws/install/rclrs_example_msgs/lib:/home/simulations/ros2_sims_ws/install/composition_interfaces/lib:/home/simulations/ros2_sims_ws/install/rcl_interfaces/lib:/home/simulations/ros2_sims_ws/install/lifecycle_msgs/lib:/home/simulations/ros2_sims_ws/install/builtin_interfaces/lib:/home/user/ros2_ws/install/tf2_web_republisher/lib:/home/user/ros2_ws/install/robotiq_85_msgs/lib:/home/user/ros2_ws/install/pilz_industrial_motion_planner_testutils/lib:/home/user/ros2_ws/install/pilz_industrial_motion_planner/lib:/home/user/ros2_ws/install/moveit_ros_control_interface/lib:/home/user/ros2_ws/install/moveit_simple_controller_manager/lib:/home/user/ros2_ws/install/moveit_setup_assistant/lib:/home/user/ros2_ws/install/moveit_setup_srdf_plugins/lib:/home/user/ros2_ws/install/moveit_setup_core_plugins/lib:/home/user/ros2_ws/install/moveit_setup_controllers/lib:/home/user/ros2_ws/install/moveit_setup_app_plugins/lib:/home/user/ros2_ws/install/moveit_setup_framework/lib:/home/user/ros2_ws/install/moveit_servo/lib:/home/user/ros2_ws/install/moveit_ros_visualization/lib:/home/user/ros2_ws/install/moveit_hybrid_planning/lib:/home/user/ros2_ws/install/moveit_ros_planning_interface/lib:/home/user/ros2_ws/install/moveit_ros_benchmarks/lib:/home/user/ros2_ws/install/moveit_ros_warehouse/lib:/home/user/ros2_ws/install/moveit_ros_robot_interaction/lib:/home/user/ros2_ws/install/moveit_ros_perception/lib:/home/user/ros2_ws/install/moveit_ros_move_group/lib:/home/user/ros2_ws/install/moveit_planners_ompl/lib:/home/user/ros2_ws/install/moveit_ros_planning/lib:/home/user/ros2_ws/install/moveit_ros_occupancy_map_monitor/lib:/home/user/ros2_ws/install/moveit_resources_prbt_ikfast_manipulator_plugin/lib:/home/user/ros2_ws/install/moveit_planners_chomp/lib:/home/user/ros2_ws/install/moveit_kinematics/lib:/home/user/ros2_ws/install/moveit_chomp_optimizer_adapter/lib:/home/user/ros2_ws/install/chomp_motion_planner/lib:/home/user/ros2_ws/install/moveit_core/lib:/home/user/ros2_ws/install/gazebo_grasp_plugin/lib:/home/user/ros2_ws/install/gazebo_version_helpers/lib:/home/user/ros2_ws/install/gazebo_ros2_control/lib:/home/user/ros2_ws/install/barista_table_finder/lib:/home/user/ros2_ws/install/barista_dock_charger_station/lib:/home/user/ros2_ws/install/barista_alignment/lib:/home/user/ros2_ws/install/async_web_server_cpp/lib:/opt/ros/humble/opt/rviz_ogre_vendor/lib:/opt/ros/humble/lib/x86_64-linux-gnu:/opt/ros/humble/lib:/usr/local/cuda-10.2/lib64:/home/user/.catkin_ws_python3/src/TensorRT-7.0.0.11/lib:/usr/lib/x86_64-linux-gnu/gazebo-11/plugins:/usr/lib/x86_64-linux-gnu/gazebo-11/plugins:/usr/lib/x86_64-linux-gnu/gazebo-11/plugins _=/usr/bin/env /usr/bin/cmake --build /home/user/FinalProject/ros2_ws/build/gazebo_ros -- -j8 -l8
[666.761s] Invoking command in '/home/user/FinalProject/ros2_ws/build/gazebo_ros': CMAKE_PREFIX_PATH=/home/user/FinalProject/ros2_ws/install/gazebo_msgs:/home/user/FinalProject/ros2_ws/install/gazebo_dev:/home/user/FinalProject/ros2_ws/install/web_video_server:/home/user/FinalProject/ros2_ws/install/ur_simulation_gazebo:/home/user/FinalProject/ros2_ws/install/real_my_moveit_config:/home/user/FinalProject/ros2_ws/install/my_moveit_config:/home/user/FinalProject/ros2_ws/install/ur_description:/home/user/FinalProject/ros2_ws/install/the_construct_office_gazebo:/home/user/FinalProject/ros2_ws/install/robotnik_sensors:/home/user/FinalProject/ros2_ws/install/rg2_gripper_description:/home/user/FinalProject/ros2_ws/install/pick_and_place:/home/user/FinalProject/ros2_ws/install/hole_detector:/home/user/FinalProject/ros2_ws/install/gazebo_ros:/home/simulations/ros2_sims_ws/install/common_interfaces:/home/simulations/ros2_sims_ws/install/visualization_msgs:/home/simulations/ros2_sims_ws/install/test_msgs:/home/simulations/ros2_sims_ws/install/example_interfaces:/home/simulations/ros2_sims_ws/install/action_msgs:/home/simulations/ros2_sims_ws/install/unique_identifier_msgs:/home/simulations/ros2_sims_ws/install/trajectory_msgs:/home/simulations/ros2_sims_ws/install/test_interface_files:/home/simulations/ros2_sims_ws/install/stereo_msgs:/home/simulations/ros2_sims_ws/install/std_srvs:/home/simulations/ros2_sims_ws/install/shape_msgs:/home/simulations/ros2_sims_ws/install/sensor_msgs:/home/simulations/ros2_sims_ws/install/nav_msgs:/home/simulations/ros2_sims_ws/install/diagnostic_msgs:/home/simulations/ros2_sims_ws/install/geometry_msgs:/home/simulations/ros2_sims_ws/install/actionlib_msgs:/home/simulations/ros2_sims_ws/install/std_msgs:/home/simulations/ros2_sims_ws/install/statistics_msgs:/home/simulations/ros2_sims_ws/install/rosgraph_msgs:/home/simulations/ros2_sims_ws/install/rclrs_example_msgs:/home/simulations/ros2_sims_ws/install/composition_interfaces:/home/simulations/ros2_sims_ws/install/rcl_interfaces:/home/simulations/ros2_sims_ws/install/lifecycle_msgs:/home/simulations/ros2_sims_ws/install/builtin_interfaces:/home/simulations/ros2_sims_ws/install/rosidl_default_runtime:/home/simulations/ros2_sims_ws/install/rosidl_default_generators:/home/simulations/ros2_sims_ws/install/rosidl_generator_rs:/home/user/ros2_ws/install/web_interface:/home/user/ros2_ws/install/web_video_server:/home/user/ros2_ws/install/ur_simulation_gazebo:/home/user/ros2_ws/install/ur3e_moveit_config:/home/user/ros2_ws/install/test_moveit_config:/home/user/ros2_ws/install/real_moveit_config:/home/user/ros2_ws/install/my_moveit_config:/home/user/ros2_ws/install/ur_description:/home/user/ros2_ws/install/the_construct_office_gazebo:/home/user/ros2_ws/install/tf2_web_republisher:/home/user/ros2_ws/install/ros_testing:/home/user/ros2_ws/install/robotnik_sensors_gazebo:/home/user/ros2_ws/install/robotnik_sensors:/home/user/ros2_ws/install/robotiq_85_gripper:/home/user/ros2_ws/install/robotiq_85_msgs:/home/user/ros2_ws/install/robotiq_85_description:/home/user/ros2_ws/install/rg2_gripper_description:/home/user/ros2_ws/install/pilz_industrial_motion_planner_testutils:/home/user/ros2_ws/install/moveit_runtime:/home/user/ros2_ws/install/moveit:/home/user/ros2_ws/install/moveit_planners:/home/user/ros2_ws/install/pilz_industrial_motion_planner:/home/user/ros2_ws/install/moveit_ros_control_interface:/home/user/ros2_ws/install/moveit_plugins:/home/user/ros2_ws/install/moveit_simple_controller_manager:/home/user/ros2_ws/install/moveit_setup_assistant:/home/user/ros2_ws/install/moveit_setup_srdf_plugins:/home/user/ros2_ws/install/moveit_setup_core_plugins:/home/user/ros2_ws/install/moveit_setup_controllers:/home/user/ros2_ws/install/moveit_setup_app_plugins:/home/user/ros2_ws/install/moveit_setup_framework:/home/user/ros2_ws/install/moveit_servo:/home/user/ros2_ws/install/moveit_ros:/home/user/ros2_ws/install/moveit_ros_visualization:/home/user/ros2_ws/install/moveit_hybrid_planning:/home/user/ros2_ws/install/moveit2_scripts:/home/user/ros2_ws/install/moveit_ros_planning_interface:/home/user/ros2_ws/install/moveit_ros_benchmarks:/home/user/ros2_ws/install/moveit_ros_warehouse:/home/user/ros2_ws/install/moveit_ros_robot_interaction:/home/user/ros2_ws/install/moveit_ros_perception:/home/user/ros2_ws/install/moveit_resources_prbt_pg70_support:/home/user/ros2_ws/install/moveit_resources_prbt_moveit_config:/home/user/ros2_ws/install/moveit_ros_move_group:/home/user/ros2_ws/install/moveit_planners_ompl:/home/user/ros2_ws/install/moveit_ros_planning:/home/user/ros2_ws/install/moveit_ros_occupancy_map_monitor:/home/user/ros2_ws/install/moveit_resources_prbt_support:/home/user/ros2_ws/install/moveit_resources_prbt_ikfast_manipulator_plugin:/home/user/ros2_ws/install/moveit_planners_chomp:/home/user/ros2_ws/install/moveit_kinematics:/home/user/ros2_ws/install/moveit_chomp_optimizer_adapter:/home/user/ros2_ws/install/chomp_motion_planner:/home/user/ros2_ws/install/moveit_core:/home/user/ros2_ws/install/moveit_common:/home/user/ros2_ws/install/main_navigation:/home/user/ros2_ws/install/get_cube_pose:/home/user/ros2_ws/install/gazebo_grasp_plugin_ros:/home/user/ros2_ws/install/gazebo_grasp_plugin:/home/user/ros2_ws/install/gazebo_version_helpers:/home/user/ros2_ws/install/gazebo_ros2_control_demos:/home/user/ros2_ws/install/gazebo_ros2_control:/home/user/ros2_ws/install/barista_table_finder:/home/user/ros2_ws/install/barista_gazebo:/home/user/ros2_ws/install/barista_extra_models:/home/user/ros2_ws/install/barista_dock_charger_station:/home/user/ros2_ws/install/barista_description:/home/user/ros2_ws/install/barista_alignment:/home/simulations/ros2_sims_ws/install/rclrs_tests:/home/simulations/ros2_sims_ws/install/examples_rclrs_minimal_client_service:/home/simulations/ros2_sims_ws/install/sensor_msgs_py:/home/simulations/ros2_sims_ws/install/examples_rclrs_minimal_pub_sub:/home/simulations/ros2_sims_ws/install/examples_rclrs_message_demo:/home/simulations/ros2_sims_ws/install/rclrs:/home/simulations/ros2_sims_ws/install/rosidl_runtime_rs:/home/user/ros2_ws/install/tf2_web_republisher_py:/home/user/ros2_ws/install/ros2test:/home/user/ros2_ws/install/robotiq_85_driver:/home/user/ros2_ws/install/path_planner_server:/home/user/ros2_ws/install/moveit_configs_utils:/home/user/ros2_ws/install/localization_server:/home/user/ros2_ws/install/cartographer_slam:/opt/ros/humble:/home/user/ros2_ws/install/async_web_server_cpp LD_LIBRARY_PATH=/home/user/FinalProject/ros2_ws/install/gazebo_msgs/lib:/home/user/FinalProject/ros2_ws/install/hole_detector/lib:/home/user/FinalProject/ros2_ws/install/gazebo_ros/lib:/usr/local/cuda-10.2/lib64:/home/user/.catkin_ws_python3/src/TensorRT-7.0.0.11/lib:/home/simulations/ros2_sims_ws/install/visualization_msgs/lib:/home/simulations/ros2_sims_ws/install/test_msgs/lib:/home/simulations/ros2_sims_ws/install/example_interfaces/lib:/home/simulations/ros2_sims_ws/install/action_msgs/lib:/home/simulations/ros2_sims_ws/install/unique_identifier_msgs/lib:/home/simulations/ros2_sims_ws/install/trajectory_msgs/lib:/home/simulations/ros2_sims_ws/install/stereo_msgs/lib:/home/simulations/ros2_sims_ws/install/std_srvs/lib:/home/simulations/ros2_sims_ws/install/shape_msgs/lib:/home/simulations/ros2_sims_ws/install/sensor_msgs/lib:/home/simulations/ros2_sims_ws/install/nav_msgs/lib:/home/simulations/ros2_sims_ws/install/diagnostic_msgs/lib:/home/simulations/ros2_sims_ws/install/geometry_msgs/lib:/home/simulations/ros2_sims_ws/install/actionlib_msgs/lib:/home/simulations/ros2_sims_ws/install/std_msgs/lib:/home/simulations/ros2_sims_ws/install/statistics_msgs/lib:/home/simulations/ros2_sims_ws/install/rosgraph_msgs/lib:/home/simulations/ros2_sims_ws/install/rclrs_example_msgs/lib:/home/simulations/ros2_sims_ws/install/composition_interfaces/lib:/home/simulations/ros2_sims_ws/install/rcl_interfaces/lib:/home/simulations/ros2_sims_ws/install/lifecycle_msgs/lib:/home/simulations/ros2_sims_ws/install/builtin_interfaces/lib:/home/user/ros2_ws/install/tf2_web_republisher/lib:/home/user/ros2_ws/install/robotiq_85_msgs/lib:/home/user/ros2_ws/install/pilz_industrial_motion_planner_testutils/lib:/home/user/ros2_ws/install/pilz_industrial_motion_planner/lib:/home/user/ros2_ws/install/moveit_ros_control_interface/lib:/home/user/ros2_ws/install/moveit_simple_controller_manager/lib:/home/user/ros2_ws/install/moveit_setup_assistant/lib:/home/user/ros2_ws/install/moveit_setup_srdf_plugins/lib:/home/user/ros2_ws/install/moveit_setup_core_plugins/lib:/home/user/ros2_ws/install/moveit_setup_controllers/lib:/home/user/ros2_ws/install/moveit_setup_app_plugins/lib:/home/user/ros2_ws/install/moveit_setup_framework/lib:/home/user/ros2_ws/install/moveit_servo/lib:/home/user/ros2_ws/install/moveit_ros_visualization/lib:/home/user/ros2_ws/install/moveit_hybrid_planning/lib:/home/user/ros2_ws/install/moveit_ros_planning_interface/lib:/home/user/ros2_ws/install/moveit_ros_benchmarks/lib:/home/user/ros2_ws/install/moveit_ros_warehouse/lib:/home/user/ros2_ws/install/moveit_ros_robot_interaction/lib:/home/user/ros2_ws/install/moveit_ros_perception/lib:/home/user/ros2_ws/install/moveit_ros_move_group/lib:/home/user/ros2_ws/install/moveit_planners_ompl/lib:/home/user/ros2_ws/install/moveit_ros_planning/lib:/home/user/ros2_ws/install/moveit_ros_occupancy_map_monitor/lib:/home/user/ros2_ws/install/moveit_resources_prbt_ikfast_manipulator_plugin/lib:/home/user/ros2_ws/install/moveit_planners_chomp/lib:/home/user/ros2_ws/install/moveit_kinematics/lib:/home/user/ros2_ws/install/moveit_chomp_optimizer_adapter/lib:/home/user/ros2_ws/install/chomp_motion_planner/lib:/home/user/ros2_ws/install/moveit_core/lib:/home/user/ros2_ws/install/gazebo_grasp_plugin/lib:/home/user/ros2_ws/install/gazebo_version_helpers/lib:/home/user/ros2_ws/install/gazebo_ros2_control/lib:/home/user/ros2_ws/install/barista_table_finder/lib:/home/user/ros2_ws/install/barista_dock_charger_station/lib:/home/user/ros2_ws/install/barista_alignment/lib:/home/user/ros2_ws/install/async_web_server_cpp/lib:/opt/ros/humble/opt/rviz_ogre_vendor/lib:/opt/ros/humble/lib/x86_64-linux-gnu:/opt/ros/humble/lib:/usr/local/cuda-10.2/lib64:/home/user/.catkin_ws_python3/src/TensorRT-7.0.0.11/lib:/usr/lib/x86_64-linux-gnu/gazebo-11/plugins:/usr/lib/x86_64-linux-gnu/gazebo-11/plugins:/usr/lib/x86_64-linux-gnu/gazebo-11/plugins _=/usr/bin/env /usr/bin/cmake --install /home/user/FinalProject/ros2_ws/build/gazebo_ros
[666.775s] -- Install configuration: ""
[666.775s] -- Installing: /home/user/FinalProject/ros2_ws/install/gazebo_ros/share/gazebo_ros/environment/pythonpath.sh
[666.776s] -- Installing: /home/user/FinalProject/ros2_ws/install/gazebo_ros/share/gazebo_ros/environment/pythonpath.dsv
[666.776s] -- Installing: /home/user/FinalProject/ros2_ws/install/gazebo_ros/local/lib/python3.10/dist-packages/scripts-3.7.0-py3.10.egg-info
[666.776s] -- Installing: /home/user/FinalProject/ros2_ws/install/gazebo_ros/local/lib/python3.10/dist-packages/scripts-3.7.0-py3.10.egg-info/PKG-INFO
[666.776s] -- Installing: /home/user/FinalProject/ros2_ws/install/gazebo_ros/local/lib/python3.10/dist-packages/scripts-3.7.0-py3.10.egg-info/top_level.txt
[666.776s] -- Installing: /home/user/FinalProject/ros2_ws/install/gazebo_ros/local/lib/python3.10/dist-packages/scripts-3.7.0-py3.10.egg-info/SOURCES.txt
[666.777s] -- Installing: /home/user/FinalProject/ros2_ws/install/gazebo_ros/local/lib/python3.10/dist-packages/scripts-3.7.0-py3.10.egg-info/dependency_links.txt
[666.777s] -- Installing: /home/user/FinalProject/ros2_ws/install/gazebo_ros/local/lib/python3.10/dist-packages/scripts
[666.777s] -- Installing: /home/user/FinalProject/ros2_ws/install/gazebo_ros/local/lib/python3.10/dist-packages/scripts/spawn_entity.py
[666.777s] -- Installing: /home/user/FinalProject/ros2_ws/install/gazebo_ros/local/lib/python3.10/dist-packages/scripts/__init__.py
[666.777s] -- Installing: /home/user/FinalProject/ros2_ws/install/gazebo_ros/local/lib/python3.10/dist-packages/scripts/gazebo_ros_paths.py
[666.873s] Listing '/home/user/FinalProject/ros2_ws/install/gazebo_ros/local/lib/python3.10/dist-packages/scripts'...
[666.874s] Compiling '/home/user/FinalProject/ros2_ws/install/gazebo_ros/local/lib/python3.10/dist-packages/scripts/__init__.py'...
[666.874s] Compiling '/home/user/FinalProject/ros2_ws/install/gazebo_ros/local/lib/python3.10/dist-packages/scripts/gazebo_ros_paths.py'...
[666.874s] Compiling '/home/user/FinalProject/ros2_ws/install/gazebo_ros/local/lib/python3.10/dist-packages/scripts/spawn_entity.py'...
[666.879s] -- Installing: /home/user/FinalProject/ros2_ws/install/gazebo_ros/share/gazebo_ros/environment/library_path.sh
[666.880s] -- Installing: /home/user/FinalProject/ros2_ws/install/gazebo_ros/share/gazebo_ros/environment/library_path.dsv
[666.880s] -- Installing: /home/user/FinalProject/ros2_ws/install/gazebo_ros/share/ament_index/resource_index/package_run_dependencies/gazebo_ros
[666.881s] -- Installing: /home/user/FinalProject/ros2_ws/install/gazebo_ros/share/ament_index/resource_index/parent_prefix_path/gazebo_ros
[666.881s] -- Installing: /home/user/FinalProject/ros2_ws/install/gazebo_ros/share/gazebo_ros/environment/ament_prefix_path.sh
[666.881s] -- Installing: /home/user/FinalProject/ros2_ws/install/gazebo_ros/share/gazebo_ros/environment/ament_prefix_path.dsv
[666.882s] -- Installing: /home/user/FinalProject/ros2_ws/install/gazebo_ros/share/gazebo_ros/environment/path.sh
[666.882s] -- Installing: /home/user/FinalProject/ros2_ws/install/gazebo_ros/share/gazebo_ros/environment/path.dsv
[666.883s] -- Installing: /home/user/FinalProject/ros2_ws/install/gazebo_ros/share/gazebo_ros/local_setup.bash
[666.883s] -- Installing: /home/user/FinalProject/ros2_ws/install/gazebo_ros/share/gazebo_ros/local_setup.sh
[666.883s] -- Installing: /home/user/FinalProject/ros2_ws/install/gazebo_ros/share/gazebo_ros/local_setup.zsh
[666.883s] -- Installing: /home/user/FinalProject/ros2_ws/install/gazebo_ros/share/gazebo_ros/local_setup.dsv
[666.884s] -- Installing: /home/user/FinalProject/ros2_ws/install/gazebo_ros/share/gazebo_ros/package.dsv
[666.884s] -- Installing: /home/user/FinalProject/ros2_ws/install/gazebo_ros/share/ament_index/resource_index/packages/gazebo_ros
[666.885s] -- Installing: /home/user/FinalProject/ros2_ws/install/gazebo_ros/share/gazebo_ros/cmake/ament_cmake_export_libraries-extras.cmake
[666.885s] -- Installing: /home/user/FinalProject/ros2_ws/install/gazebo_ros/share/gazebo_ros/cmake/ament_cmake_export_include_directories-extras.cmake
[666.885s] -- Installing: /home/user/FinalProject/ros2_ws/install/gazebo_ros/share/gazebo_ros/cmake/ament_cmake_export_dependencies-extras.cmake
[666.886s] -- Installing: /home/user/FinalProject/ros2_ws/install/gazebo_ros/share/gazebo_ros/cmake/gazebo_rosConfig.cmake
[666.886s] -- Installing: /home/user/FinalProject/ros2_ws/install/gazebo_ros/share/gazebo_ros/cmake/gazebo_rosConfig-version.cmake
[666.886s] -- Installing: /home/user/FinalProject/ros2_ws/install/gazebo_ros/share/gazebo_ros/package.xml
[666.887s] -- Installing: /home/user/FinalProject/ros2_ws/install/gazebo_ros/include
[666.887s] -- Installing: /home/user/FinalProject/ros2_ws/install/gazebo_ros/include/gazebo_ros
[666.887s] -- Installing: /home/user/FinalProject/ros2_ws/install/gazebo_ros/include/gazebo_ros/conversions
[666.887s] -- Installing: /home/user/FinalProject/ros2_ws/install/gazebo_ros/include/gazebo_ros/conversions/generic.hpp
[666.888s] -- Installing: /home/user/FinalProject/ros2_ws/install/gazebo_ros/include/gazebo_ros/conversions/geometry_msgs.hpp
[666.888s] -- Installing: /home/user/FinalProject/ros2_ws/install/gazebo_ros/include/gazebo_ros/conversions/gazebo_msgs.hpp
[666.888s] -- Installing: /home/user/FinalProject/ros2_ws/install/gazebo_ros/include/gazebo_ros/conversions/builtin_interfaces.hpp
[666.888s] -- Installing: /home/user/FinalProject/ros2_ws/install/gazebo_ros/include/gazebo_ros/conversions/sensor_msgs.hpp
[666.889s] -- Installing: /home/user/FinalProject/ros2_ws/install/gazebo_ros/include/gazebo_ros/gazebo_ros_state.hpp
[666.889s] -- Installing: /home/user/FinalProject/ros2_ws/install/gazebo_ros/include/gazebo_ros/node.hpp
[666.889s] -- Installing: /home/user/FinalProject/ros2_ws/install/gazebo_ros/include/gazebo_ros/gazebo_ros_factory.hpp
[666.890s] -- Installing: /home/user/FinalProject/ros2_ws/install/gazebo_ros/include/gazebo_ros/executor.hpp
[666.890s] -- Installing: /home/user/FinalProject/ros2_ws/install/gazebo_ros/include/gazebo_ros/gazebo_ros_force_system.hpp
[666.890s] -- Installing: /home/user/FinalProject/ros2_ws/install/gazebo_ros/include/gazebo_ros/testing_utils.hpp
[666.890s] -- Installing: /home/user/FinalProject/ros2_ws/install/gazebo_ros/include/gazebo_ros/qos.hpp
[666.891s] -- Installing: /home/user/FinalProject/ros2_ws/install/gazebo_ros/include/gazebo_ros/utils_visibility_control.h
[666.891s] -- Installing: /home/user/FinalProject/ros2_ws/install/gazebo_ros/include/gazebo_ros/utils.hpp
[666.891s] -- Installing: /home/user/FinalProject/ros2_ws/install/gazebo_ros/include/gazebo_ros/gazebo_ros_init.hpp
[666.891s] -- Installing: /home/user/FinalProject/ros2_ws/install/gazebo_ros/include/gazebo_ros/node_visibility_control.h
[666.892s] -- Installing: /home/user/FinalProject/ros2_ws/install/gazebo_ros/include/gazebo_ros/gazebo_ros_properties.hpp
[666.892s] -- Installing: /home/user/FinalProject/ros2_ws/install/gazebo_ros/lib/gazebo_ros/gazebo_ros_paths.py
[666.893s] -- Installing: /home/user/FinalProject/ros2_ws/install/gazebo_ros/lib/libgazebo_ros_factory.so
[666.903s] -- Set runtime path of "/home/user/FinalProject/ros2_ws/install/gazebo_ros/lib/libgazebo_ros_factory.so" to ""
[666.904s] -- Installing: /home/user/FinalProject/ros2_ws/install/gazebo_ros/lib/libgazebo_ros_force_system.so
[666.910s] -- Set runtime path of "/home/user/FinalProject/ros2_ws/install/gazebo_ros/lib/libgazebo_ros_force_system.so" to ""
[666.911s] -- Installing: /home/user/FinalProject/ros2_ws/install/gazebo_ros/lib/libgazebo_ros_init.so
[666.922s] -- Set runtime path of "/home/user/FinalProject/ros2_ws/install/gazebo_ros/lib/libgazebo_ros_init.so" to ""
[666.922s] -- Installing: /home/user/FinalProject/ros2_ws/install/gazebo_ros/lib/libgazebo_ros_node.so
[666.926s] -- Set runtime path of "/home/user/FinalProject/ros2_ws/install/gazebo_ros/lib/libgazebo_ros_node.so" to ""
[666.926s] -- Installing: /home/user/FinalProject/ros2_ws/install/gazebo_ros/lib/libgazebo_ros_properties.so
[666.939s] -- Set runtime path of "/home/user/FinalProject/ros2_ws/install/gazebo_ros/lib/libgazebo_ros_properties.so" to ""
[666.939s] -- Installing: /home/user/FinalProject/ros2_ws/install/gazebo_ros/lib/libgazebo_ros_state.so
[666.946s] -- Set runtime path of "/home/user/FinalProject/ros2_ws/install/gazebo_ros/lib/libgazebo_ros_state.so" to ""
[666.946s] -- Installing: /home/user/FinalProject/ros2_ws/install/gazebo_ros/lib/libgazebo_ros_utils.so
[666.948s] -- Set runtime path of "/home/user/FinalProject/ros2_ws/install/gazebo_ros/lib/libgazebo_ros_utils.so" to ""
[666.949s] -- Installing: /home/user/FinalProject/ros2_ws/install/gazebo_ros/lib/gazebo_ros/spawn_entity.py
[666.949s] -- Installing: /home/user/FinalProject/ros2_ws/install/gazebo_ros/share/gazebo_ros//launch
[666.949s] -- Installing: /home/user/FinalProject/ros2_ws/install/gazebo_ros/share/gazebo_ros//launch/gazebo.launch.py
[666.949s] -- Installing: /home/user/FinalProject/ros2_ws/install/gazebo_ros/share/gazebo_ros//launch/gzclient.launch.py
[666.949s] -- Installing: /home/user/FinalProject/ros2_ws/install/gazebo_ros/share/gazebo_ros//launch/gzserver.launch.py
[666.950s] -- Installing: /home/user/FinalProject/ros2_ws/install/gazebo_ros/share/gazebo_ros//launch/spawn_entity_demo.launch.py
[666.950s] -- Installing: /home/user/FinalProject/ros2_ws/install/gazebo_ros/share/gazebo_ros//worlds
[666.950s] -- Installing: /home/user/FinalProject/ros2_ws/install/gazebo_ros/share/gazebo_ros//worlds/gazebo_ros_state_demo.world
[666.950s] -- Installing: /home/user/FinalProject/ros2_ws/install/gazebo_ros/share/gazebo_ros//worlds/gazebo_ros_properties_demo.world
[666.950s] -- Installing: /home/user/FinalProject/ros2_ws/install/gazebo_ros/share/gazebo_ros//worlds/gazebo_ros_force_system_demo.world
[666.950s] -- Installing: /home/user/FinalProject/ros2_ws/install/gazebo_ros/share/gazebo_ros//worlds/empty.world
[666.960s] Invoked command in '/home/user/FinalProject/ros2_ws/build/gazebo_ros' returned '0': CMAKE_PREFIX_PATH=/home/user/FinalProject/ros2_ws/install/gazebo_msgs:/home/user/FinalProject/ros2_ws/install/gazebo_dev:/home/user/FinalProject/ros2_ws/install/web_video_server:/home/user/FinalProject/ros2_ws/install/ur_simulation_gazebo:/home/user/FinalProject/ros2_ws/install/real_my_moveit_config:/home/user/FinalProject/ros2_ws/install/my_moveit_config:/home/user/FinalProject/ros2_ws/install/ur_description:/home/user/FinalProject/ros2_ws/install/the_construct_office_gazebo:/home/user/FinalProject/ros2_ws/install/robotnik_sensors:/home/user/FinalProject/ros2_ws/install/rg2_gripper_description:/home/user/FinalProject/ros2_ws/install/pick_and_place:/home/user/FinalProject/ros2_ws/install/hole_detector:/home/user/FinalProject/ros2_ws/install/gazebo_ros:/home/simulations/ros2_sims_ws/install/common_interfaces:/home/simulations/ros2_sims_ws/install/visualization_msgs:/home/simulations/ros2_sims_ws/install/test_msgs:/home/simulations/ros2_sims_ws/install/example_interfaces:/home/simulations/ros2_sims_ws/install/action_msgs:/home/simulations/ros2_sims_ws/install/unique_identifier_msgs:/home/simulations/ros2_sims_ws/install/trajectory_msgs:/home/simulations/ros2_sims_ws/install/test_interface_files:/home/simulations/ros2_sims_ws/install/stereo_msgs:/home/simulations/ros2_sims_ws/install/std_srvs:/home/simulations/ros2_sims_ws/install/shape_msgs:/home/simulations/ros2_sims_ws/install/sensor_msgs:/home/simulations/ros2_sims_ws/install/nav_msgs:/home/simulations/ros2_sims_ws/install/diagnostic_msgs:/home/simulations/ros2_sims_ws/install/geometry_msgs:/home/simulations/ros2_sims_ws/install/actionlib_msgs:/home/simulations/ros2_sims_ws/install/std_msgs:/home/simulations/ros2_sims_ws/install/statistics_msgs:/home/simulations/ros2_sims_ws/install/rosgraph_msgs:/home/simulations/ros2_sims_ws/install/rclrs_example_msgs:/home/simulations/ros2_sims_ws/install/composition_interfaces:/home/simulations/ros2_sims_ws/install/rcl_interfaces:/home/simulations/ros2_sims_ws/install/lifecycle_msgs:/home/simulations/ros2_sims_ws/install/builtin_interfaces:/home/simulations/ros2_sims_ws/install/rosidl_default_runtime:/home/simulations/ros2_sims_ws/install/rosidl_default_generators:/home/simulations/ros2_sims_ws/install/rosidl_generator_rs:/home/user/ros2_ws/install/web_interface:/home/user/ros2_ws/install/web_video_server:/home/user/ros2_ws/install/ur_simulation_gazebo:/home/user/ros2_ws/install/ur3e_moveit_config:/home/user/ros2_ws/install/test_moveit_config:/home/user/ros2_ws/install/real_moveit_config:/home/user/ros2_ws/install/my_moveit_config:/home/user/ros2_ws/install/ur_description:/home/user/ros2_ws/install/the_construct_office_gazebo:/home/user/ros2_ws/install/tf2_web_republisher:/home/user/ros2_ws/install/ros_testing:/home/user/ros2_ws/install/robotnik_sensors_gazebo:/home/user/ros2_ws/install/robotnik_sensors:/home/user/ros2_ws/install/robotiq_85_gripper:/home/user/ros2_ws/install/robotiq_85_msgs:/home/user/ros2_ws/install/robotiq_85_description:/home/user/ros2_ws/install/rg2_gripper_description:/home/user/ros2_ws/install/pilz_industrial_motion_planner_testutils:/home/user/ros2_ws/install/moveit_runtime:/home/user/ros2_ws/install/moveit:/home/user/ros2_ws/install/moveit_planners:/home/user/ros2_ws/install/pilz_industrial_motion_planner:/home/user/ros2_ws/install/moveit_ros_control_interface:/home/user/ros2_ws/install/moveit_plugins:/home/user/ros2_ws/install/moveit_simple_controller_manager:/home/user/ros2_ws/install/moveit_setup_assistant:/home/user/ros2_ws/install/moveit_setup_srdf_plugins:/home/user/ros2_ws/install/moveit_setup_core_plugins:/home/user/ros2_ws/install/moveit_setup_controllers:/home/user/ros2_ws/install/moveit_setup_app_plugins:/home/user/ros2_ws/install/moveit_setup_framework:/home/user/ros2_ws/install/moveit_servo:/home/user/ros2_ws/install/moveit_ros:/home/user/ros2_ws/install/moveit_ros_visualization:/home/user/ros2_ws/install/moveit_hybrid_planning:/home/user/ros2_ws/install/moveit2_scripts:/home/user/ros2_ws/install/moveit_ros_planning_interface:/home/user/ros2_ws/install/moveit_ros_benchmarks:/home/user/ros2_ws/install/moveit_ros_warehouse:/home/user/ros2_ws/install/moveit_ros_robot_interaction:/home/user/ros2_ws/install/moveit_ros_perception:/home/user/ros2_ws/install/moveit_resources_prbt_pg70_support:/home/user/ros2_ws/install/moveit_resources_prbt_moveit_config:/home/user/ros2_ws/install/moveit_ros_move_group:/home/user/ros2_ws/install/moveit_planners_ompl:/home/user/ros2_ws/install/moveit_ros_planning:/home/user/ros2_ws/install/moveit_ros_occupancy_map_monitor:/home/user/ros2_ws/install/moveit_resources_prbt_support:/home/user/ros2_ws/install/moveit_resources_prbt_ikfast_manipulator_plugin:/home/user/ros2_ws/install/moveit_planners_chomp:/home/user/ros2_ws/install/moveit_kinematics:/home/user/ros2_ws/install/moveit_chomp_optimizer_adapter:/home/user/ros2_ws/install/chomp_motion_planner:/home/user/ros2_ws/install/moveit_core:/home/user/ros2_ws/install/moveit_common:/home/user/ros2_ws/install/main_navigation:/home/user/ros2_ws/install/get_cube_pose:/home/user/ros2_ws/install/gazebo_grasp_plugin_ros:/home/user/ros2_ws/install/gazebo_grasp_plugin:/home/user/ros2_ws/install/gazebo_version_helpers:/home/user/ros2_ws/install/gazebo_ros2_control_demos:/home/user/ros2_ws/install/gazebo_ros2_control:/home/user/ros2_ws/install/barista_table_finder:/home/user/ros2_ws/install/barista_gazebo:/home/user/ros2_ws/install/barista_extra_models:/home/user/ros2_ws/install/barista_dock_charger_station:/home/user/ros2_ws/install/barista_description:/home/user/ros2_ws/install/barista_alignment:/home/simulations/ros2_sims_ws/install/rclrs_tests:/home/simulations/ros2_sims_ws/install/examples_rclrs_minimal_client_service:/home/simulations/ros2_sims_ws/install/sensor_msgs_py:/home/simulations/ros2_sims_ws/install/examples_rclrs_minimal_pub_sub:/home/simulations/ros2_sims_ws/install/examples_rclrs_message_demo:/home/simulations/ros2_sims_ws/install/rclrs:/home/simulations/ros2_sims_ws/install/rosidl_runtime_rs:/home/user/ros2_ws/install/tf2_web_republisher_py:/home/user/ros2_ws/install/ros2test:/home/user/ros2_ws/install/robotiq_85_driver:/home/user/ros2_ws/install/path_planner_server:/home/user/ros2_ws/install/moveit_configs_utils:/home/user/ros2_ws/install/localization_server:/home/user/ros2_ws/install/cartographer_slam:/opt/ros/humble:/home/user/ros2_ws/install/async_web_server_cpp LD_LIBRARY_PATH=/home/user/FinalProject/ros2_ws/install/gazebo_msgs/lib:/home/user/FinalProject/ros2_ws/install/hole_detector/lib:/home/user/FinalProject/ros2_ws/install/gazebo_ros/lib:/usr/local/cuda-10.2/lib64:/home/user/.catkin_ws_python3/src/TensorRT-7.0.0.11/lib:/home/simulations/ros2_sims_ws/install/visualization_msgs/lib:/home/simulations/ros2_sims_ws/install/test_msgs/lib:/home/simulations/ros2_sims_ws/install/example_interfaces/lib:/home/simulations/ros2_sims_ws/install/action_msgs/lib:/home/simulations/ros2_sims_ws/install/unique_identifier_msgs/lib:/home/simulations/ros2_sims_ws/install/trajectory_msgs/lib:/home/simulations/ros2_sims_ws/install/stereo_msgs/lib:/home/simulations/ros2_sims_ws/install/std_srvs/lib:/home/simulations/ros2_sims_ws/install/shape_msgs/lib:/home/simulations/ros2_sims_ws/install/sensor_msgs/lib:/home/simulations/ros2_sims_ws/install/nav_msgs/lib:/home/simulations/ros2_sims_ws/install/diagnostic_msgs/lib:/home/simulations/ros2_sims_ws/install/geometry_msgs/lib:/home/simulations/ros2_sims_ws/install/actionlib_msgs/lib:/home/simulations/ros2_sims_ws/install/std_msgs/lib:/home/simulations/ros2_sims_ws/install/statistics_msgs/lib:/home/simulations/ros2_sims_ws/install/rosgraph_msgs/lib:/home/simulations/ros2_sims_ws/install/rclrs_example_msgs/lib:/home/simulations/ros2_sims_ws/install/composition_interfaces/lib:/home/simulations/ros2_sims_ws/install/rcl_interfaces/lib:/home/simulations/ros2_sims_ws/install/lifecycle_msgs/lib:/home/simulations/ros2_sims_ws/install/builtin_interfaces/lib:/home/user/ros2_ws/install/tf2_web_republisher/lib:/home/user/ros2_ws/install/robotiq_85_msgs/lib:/home/user/ros2_ws/install/pilz_industrial_motion_planner_testutils/lib:/home/user/ros2_ws/install/pilz_industrial_motion_planner/lib:/home/user/ros2_ws/install/moveit_ros_control_interface/lib:/home/user/ros2_ws/install/moveit_simple_controller_manager/lib:/home/user/ros2_ws/install/moveit_setup_assistant/lib:/home/user/ros2_ws/install/moveit_setup_srdf_plugins/lib:/home/user/ros2_ws/install/moveit_setup_core_plugins/lib:/home/user/ros2_ws/install/moveit_setup_controllers/lib:/home/user/ros2_ws/install/moveit_setup_app_plugins/lib:/home/user/ros2_ws/install/moveit_setup_framework/lib:/home/user/ros2_ws/install/moveit_servo/lib:/home/user/ros2_ws/install/moveit_ros_visualization/lib:/home/user/ros2_ws/install/moveit_hybrid_planning/lib:/home/user/ros2_ws/install/moveit_ros_planning_interface/lib:/home/user/ros2_ws/install/moveit_ros_benchmarks/lib:/home/user/ros2_ws/install/moveit_ros_warehouse/lib:/home/user/ros2_ws/install/moveit_ros_robot_interaction/lib:/home/user/ros2_ws/install/moveit_ros_perception/lib:/home/user/ros2_ws/install/moveit_ros_move_group/lib:/home/user/ros2_ws/install/moveit_planners_ompl/lib:/home/user/ros2_ws/install/moveit_ros_planning/lib:/home/user/ros2_ws/install/moveit_ros_occupancy_map_monitor/lib:/home/user/ros2_ws/install/moveit_resources_prbt_ikfast_manipulator_plugin/lib:/home/user/ros2_ws/install/moveit_planners_chomp/lib:/home/user/ros2_ws/install/moveit_kinematics/lib:/home/user/ros2_ws/install/moveit_chomp_optimizer_adapter/lib:/home/user/ros2_ws/install/chomp_motion_planner/lib:/home/user/ros2_ws/install/moveit_core/lib:/home/user/ros2_ws/install/gazebo_grasp_plugin/lib:/home/user/ros2_ws/install/gazebo_version_helpers/lib:/home/user/ros2_ws/install/gazebo_ros2_control/lib:/home/user/ros2_ws/install/barista_table_finder/lib:/home/user/ros2_ws/install/barista_dock_charger_station/lib:/home/user/ros2_ws/install/barista_alignment/lib:/home/user/ros2_ws/install/async_web_server_cpp/lib:/opt/ros/humble/opt/rviz_ogre_vendor/lib:/opt/ros/humble/lib/x86_64-linux-gnu:/opt/ros/humble/lib:/usr/local/cuda-10.2/lib64:/home/user/.catkin_ws_python3/src/TensorRT-7.0.0.11/lib:/usr/lib/x86_64-linux-gnu/gazebo-11/plugins:/usr/lib/x86_64-linux-gnu/gazebo-11/plugins:/usr/lib/x86_64-linux-gnu/gazebo-11/plugins _=/usr/bin/env /usr/bin/cmake --install /home/user/FinalProject/ros2_ws/build/gazebo_ros
