[  3%] [34m[1mGenerating Rust code for ROS interfaces[0m
[  3%] Built target hole_detector__rs
[  3%] Built target ament_cmake_python_copy_hole_detector
[  6%] Built target hole_detector__cpp
running egg_info
writing hole_detector.egg-info/PKG-INFO
writing dependency_links to hole_detector.egg-info/dependency_links.txt
writing top-level names to hole_detector.egg-info/top_level.txt
reading manifest file 'hole_detector.egg-info/SOURCES.txt'
writing manifest file 'hole_detector.egg-info/SOURCES.txt'
[  6%] Built target ament_cmake_python_build_hole_detector_egg
[35m[1mConsolidate compiler generated dependencies of target hole_detector__rosidl_typesupport_cpp[0m
[ 15%] Built target hole_detector__rosidl_typesupport_cpp
[35m[1mConsolidate compiler generated dependencies of target hole_detector__rosidl_typesupport_introspection_cpp[0m
[ 25%] Built target hole_detector__rosidl_typesupport_introspection_cpp
[35m[1mConsolidate compiler generated dependencies of target hole_detector__rosidl_typesupport_fastrtps_cpp[0m
[ 34%] Built target hole_detector__rosidl_typesupport_fastrtps_cpp
[35m[1mConsolidate compiler generated dependencies of target hole_detector__rosidl_generator_c[0m
[ 43%] Built target hole_detector__rosidl_generator_c
[35m[1mConsolidate compiler generated dependencies of target hole_detector__rosidl_typesupport_fastrtps_c[0m
[ 53%] Built target hole_detector__rosidl_typesupport_fastrtps_c
[35m[1mConsolidate compiler generated dependencies of target hole_detector__rosidl_typesupport_c[0m
[ 62%] Built target hole_detector__rosidl_typesupport_c
[35m[1mConsolidate compiler generated dependencies of target hole_detector__rosidl_typesupport_introspection_c[0m
[ 71%] Built target hole_detector__rosidl_typesupport_introspection_c
[ 71%] Built target hole_detector
[ 75%] Built target hole_detector__py
[35m[1mConsolidate compiler generated dependencies of target hole_detector__rosidl_generator_py[0m
[ 81%] Built target hole_detector__rosidl_generator_py
[35m[1mConsolidate compiler generated dependencies of target hole_detector__rosidl_typesupport_fastrtps_c__pyext[0m
[ 87%] Built target hole_detector__rosidl_typesupport_fastrtps_c__pyext
[35m[1mConsolidate compiler generated dependencies of target hole_detector__rosidl_typesupport_c__pyext[0m
[ 93%] Built target hole_detector__rosidl_typesupport_c__pyext
[35m[1mConsolidate compiler generated dependencies of target hole_detector__rosidl_typesupport_introspection_c__pyext[0m
[100%] Built target hole_detector__rosidl_typesupport_introspection_c__pyext
-- Install configuration: ""
-- Up-to-date: /home/user/FinalProject/ros2_ws/install/hole_detector/share/ament_index/resource_index/rosidl_interfaces/hole_detector
-- Up-to-date: /home/user/FinalProject/ros2_ws/install/hole_detector/include/hole_detector/hole_detector
-- Up-to-date: /home/user/FinalProject/ros2_ws/install/hole_detector/include/hole_detector/hole_detector/srv
-- Up-to-date: /home/user/FinalProject/ros2_ws/install/hole_detector/include/hole_detector/hole_detector/srv/detail
-- Up-to-date: /home/user/FinalProject/ros2_ws/install/hole_detector/include/hole_detector/hole_detector/srv/detail/hole_coordinates__type_support.h
-- Up-to-date: /home/user/FinalProject/ros2_ws/install/hole_detector/include/hole_detector/hole_detector/srv/detail/hole_coordinates__functions.c
-- Up-to-date: /home/user/FinalProject/ros2_ws/install/hole_detector/include/hole_detector/hole_detector/srv/detail/hole_coordinates__struct.h
-- Up-to-date: /home/user/FinalProject/ros2_ws/install/hole_detector/include/hole_detector/hole_detector/srv/detail/hole_coordinates__functions.h
-- Up-to-date: /home/user/FinalProject/ros2_ws/install/hole_detector/include/hole_detector/hole_detector/srv/hole_coordinates.h
-- Up-to-date: /home/user/FinalProject/ros2_ws/install/hole_detector/include/hole_detector/hole_detector/msg
-- Up-to-date: /home/user/FinalProject/ros2_ws/install/hole_detector/include/hole_detector/hole_detector/msg/rosidl_generator_c__visibility_control.h
-- Up-to-date: /home/user/FinalProject/ros2_ws/install/hole_detector/share/hole_detector/environment/library_path.sh
-- Up-to-date: /home/user/FinalProject/ros2_ws/install/hole_detector/share/hole_detector/environment/library_path.dsv
-- Up-to-date: /home/user/FinalProject/ros2_ws/install/hole_detector/lib/libhole_detector__rosidl_generator_c.so
-- Up-to-date: /home/user/FinalProject/ros2_ws/install/hole_detector/include/hole_detector/hole_detector
-- Up-to-date: /home/user/FinalProject/ros2_ws/install/hole_detector/include/hole_detector/hole_detector/srv
-- Up-to-date: /home/user/FinalProject/ros2_ws/install/hole_detector/include/hole_detector/hole_detector/srv/detail
-- Up-to-date: /home/user/FinalProject/ros2_ws/install/hole_detector/include/hole_detector/hole_detector/srv/detail/hole_coordinates__rosidl_typesupport_fastrtps_c.h
-- Up-to-date: /home/user/FinalProject/ros2_ws/install/hole_detector/include/hole_detector/hole_detector/msg
-- Up-to-date: /home/user/FinalProject/ros2_ws/install/hole_detector/include/hole_detector/hole_detector/msg/rosidl_typesupport_fastrtps_c__visibility_control.h
-- Up-to-date: /home/user/FinalProject/ros2_ws/install/hole_detector/lib/libhole_detector__rosidl_typesupport_fastrtps_c.so
-- Up-to-date: /home/user/FinalProject/ros2_ws/install/hole_detector/include/hole_detector/hole_detector
-- Up-to-date: /home/user/FinalProject/ros2_ws/install/hole_detector/include/hole_detector/hole_detector/srv
-- Up-to-date: /home/user/FinalProject/ros2_ws/install/hole_detector/include/hole_detector/hole_detector/srv/detail
-- Up-to-date: /home/user/FinalProject/ros2_ws/install/hole_detector/include/hole_detector/hole_detector/srv/detail/hole_coordinates__traits.hpp
-- Up-to-date: /home/user/FinalProject/ros2_ws/install/hole_detector/include/hole_detector/hole_detector/srv/detail/hole_coordinates__builder.hpp
-- Up-to-date: /home/user/FinalProject/ros2_ws/install/hole_detector/include/hole_detector/hole_detector/srv/detail/hole_coordinates__struct.hpp
-- Up-to-date: /home/user/FinalProject/ros2_ws/install/hole_detector/include/hole_detector/hole_detector/srv/hole_coordinates.hpp
-- Up-to-date: /home/user/FinalProject/ros2_ws/install/hole_detector/include/hole_detector/hole_detector
-- Up-to-date: /home/user/FinalProject/ros2_ws/install/hole_detector/include/hole_detector/hole_detector/srv
-- Up-to-date: /home/user/FinalProject/ros2_ws/install/hole_detector/include/hole_detector/hole_detector/srv/detail
-- Up-to-date: /home/user/FinalProject/ros2_ws/install/hole_detector/include/hole_detector/hole_detector/srv/detail/dds_fastrtps
-- Up-to-date: /home/user/FinalProject/ros2_ws/install/hole_detector/include/hole_detector/hole_detector/srv/detail/hole_coordinates__rosidl_typesupport_fastrtps_cpp.hpp
-- Up-to-date: /home/user/FinalProject/ros2_ws/install/hole_detector/include/hole_detector/hole_detector/msg
-- Up-to-date: /home/user/FinalProject/ros2_ws/install/hole_detector/include/hole_detector/hole_detector/msg/rosidl_typesupport_fastrtps_cpp__visibility_control.h
-- Up-to-date: /home/user/FinalProject/ros2_ws/install/hole_detector/lib/libhole_detector__rosidl_typesupport_fastrtps_cpp.so
-- Up-to-date: /home/user/FinalProject/ros2_ws/install/hole_detector/include/hole_detector/hole_detector
-- Up-to-date: /home/user/FinalProject/ros2_ws/install/hole_detector/include/hole_detector/hole_detector/srv
-- Up-to-date: /home/user/FinalProject/ros2_ws/install/hole_detector/include/hole_detector/hole_detector/srv/detail
-- Up-to-date: /home/user/FinalProject/ros2_ws/install/hole_detector/include/hole_detector/hole_detector/srv/detail/hole_coordinates__type_support.c
-- Up-to-date: /home/user/FinalProject/ros2_ws/install/hole_detector/include/hole_detector/hole_detector/srv/detail/hole_coordinates__rosidl_typesupport_introspection_c.h
-- Up-to-date: /home/user/FinalProject/ros2_ws/install/hole_detector/include/hole_detector/hole_detector/msg
-- Up-to-date: /home/user/FinalProject/ros2_ws/install/hole_detector/include/hole_detector/hole_detector/msg/rosidl_typesupport_introspection_c__visibility_control.h
-- Up-to-date: /home/user/FinalProject/ros2_ws/install/hole_detector/lib/libhole_detector__rosidl_typesupport_introspection_c.so
-- Up-to-date: /home/user/FinalProject/ros2_ws/install/hole_detector/lib/libhole_detector__rosidl_typesupport_c.so
-- Up-to-date: /home/user/FinalProject/ros2_ws/install/hole_detector/include/hole_detector/hole_detector
-- Up-to-date: /home/user/FinalProject/ros2_ws/install/hole_detector/include/hole_detector/hole_detector/srv
-- Up-to-date: /home/user/FinalProject/ros2_ws/install/hole_detector/include/hole_detector/hole_detector/srv/detail
-- Up-to-date: /home/user/FinalProject/ros2_ws/install/hole_detector/include/hole_detector/hole_detector/srv/detail/hole_coordinates__rosidl_typesupport_introspection_cpp.hpp
-- Up-to-date: /home/user/FinalProject/ros2_ws/install/hole_detector/include/hole_detector/hole_detector/srv/detail/hole_coordinates__type_support.cpp
-- Up-to-date: /home/user/FinalProject/ros2_ws/install/hole_detector/lib/libhole_detector__rosidl_typesupport_introspection_cpp.so
-- Up-to-date: /home/user/FinalProject/ros2_ws/install/hole_detector/lib/libhole_detector__rosidl_typesupport_cpp.so
-- Up-to-date: /home/user/FinalProject/ros2_ws/install/hole_detector/share/ament_index/resource_index/rust_packages/hole_detector
-- Up-to-date: /home/user/FinalProject/ros2_ws/install/hole_detector/share/hole_detector/rust
-- Installing: /home/user/FinalProject/ros2_ws/install/hole_detector/share/hole_detector/rust/Cargo.toml
-- Up-to-date: /home/user/FinalProject/ros2_ws/install/hole_detector/share/hole_detector/rust/src
-- Installing: /home/user/FinalProject/ros2_ws/install/hole_detector/share/hole_detector/rust/src/srv.rs
-- Installing: /home/user/FinalProject/ros2_ws/install/hole_detector/share/hole_detector/rust/src/lib.rs
-- Installing: /home/user/FinalProject/ros2_ws/install/hole_detector/share/hole_detector/rust/build.rs
-- Up-to-date: /home/user/FinalProject/ros2_ws/install/hole_detector/share/hole_detector/rust
-- Up-to-date: /home/user/FinalProject/ros2_ws/install/hole_detector/share/hole_detector/rust/Cargo.toml
-- Up-to-date: /home/user/FinalProject/ros2_ws/install/hole_detector/share/hole_detector/rust/src
-- Up-to-date: /home/user/FinalProject/ros2_ws/install/hole_detector/share/hole_detector/rust/src/srv.rs
-- Up-to-date: /home/user/FinalProject/ros2_ws/install/hole_detector/share/hole_detector/rust/src/lib.rs
-- Up-to-date: /home/user/FinalProject/ros2_ws/install/hole_detector/share/hole_detector/rust/build.rs
-- Up-to-date: /home/user/FinalProject/ros2_ws/install/hole_detector/share/hole_detector/rust
-- Up-to-date: /home/user/FinalProject/ros2_ws/install/hole_detector/share/hole_detector/rust/Cargo.toml
-- Up-to-date: /home/user/FinalProject/ros2_ws/install/hole_detector/share/hole_detector/rust/src
-- Up-to-date: /home/user/FinalProject/ros2_ws/install/hole_detector/share/hole_detector/rust/src/srv.rs
-- Up-to-date: /home/user/FinalProject/ros2_ws/install/hole_detector/share/hole_detector/rust/src/lib.rs
-- Up-to-date: /home/user/FinalProject/ros2_ws/install/hole_detector/share/hole_detector/rust/build.rs
-- Up-to-date: /home/user/FinalProject/ros2_ws/install/hole_detector/share/hole_detector/environment/pythonpath.sh
-- Up-to-date: /home/user/FinalProject/ros2_ws/install/hole_detector/share/hole_detector/environment/pythonpath.dsv
-- Up-to-date: /home/user/FinalProject/ros2_ws/install/hole_detector/local/lib/python3.10/dist-packages/hole_detector-0.0.0-py3.10.egg-info
-- Installing: /home/user/FinalProject/ros2_ws/install/hole_detector/local/lib/python3.10/dist-packages/hole_detector-0.0.0-py3.10.egg-info/PKG-INFO
-- Installing: /home/user/FinalProject/ros2_ws/install/hole_detector/local/lib/python3.10/dist-packages/hole_detector-0.0.0-py3.10.egg-info/top_level.txt
-- Installing: /home/user/FinalProject/ros2_ws/install/hole_detector/local/lib/python3.10/dist-packages/hole_detector-0.0.0-py3.10.egg-info/SOURCES.txt
-- Installing: /home/user/FinalProject/ros2_ws/install/hole_detector/local/lib/python3.10/dist-packages/hole_detector-0.0.0-py3.10.egg-info/dependency_links.txt
-- Up-to-date: /home/user/FinalProject/ros2_ws/install/hole_detector/local/lib/python3.10/dist-packages/hole_detector
-- Up-to-date: /home/user/FinalProject/ros2_ws/install/hole_detector/local/lib/python3.10/dist-packages/hole_detector/srv
-- Up-to-date: /home/user/FinalProject/ros2_ws/install/hole_detector/local/lib/python3.10/dist-packages/hole_detector/srv/_hole_coordinates_s.c
-- Up-to-date: /home/user/FinalProject/ros2_ws/install/hole_detector/local/lib/python3.10/dist-packages/hole_detector/srv/__init__.py
-- Up-to-date: /home/user/FinalProject/ros2_ws/install/hole_detector/local/lib/python3.10/dist-packages/hole_detector/srv/_hole_coordinates.py
-- Up-to-date: /home/user/FinalProject/ros2_ws/install/hole_detector/local/lib/python3.10/dist-packages/hole_detector/libhole_detector__rosidl_generator_py.so
-- Up-to-date: /home/user/FinalProject/ros2_ws/install/hole_detector/local/lib/python3.10/dist-packages/hole_detector/_hole_detector_s.ep.rosidl_typesupport_introspection_c.c
-- Up-to-date: /home/user/FinalProject/ros2_ws/install/hole_detector/local/lib/python3.10/dist-packages/hole_detector/hole_detector_s__rosidl_typesupport_c.cpython-310-x86_64-linux-gnu.so
-- Up-to-date: /home/user/FinalProject/ros2_ws/install/hole_detector/local/lib/python3.10/dist-packages/hole_detector/__init__.py
-- Up-to-date: /home/user/FinalProject/ros2_ws/install/hole_detector/local/lib/python3.10/dist-packages/hole_detector/hole_detector_s__rosidl_typesupport_introspection_c.cpython-310-x86_64-linux-gnu.so
-- Up-to-date: /home/user/FinalProject/ros2_ws/install/hole_detector/local/lib/python3.10/dist-packages/hole_detector/_hole_detector_s.ep.rosidl_typesupport_fastrtps_c.c
-- Up-to-date: /home/user/FinalProject/ros2_ws/install/hole_detector/local/lib/python3.10/dist-packages/hole_detector/_hole_detector_s.ep.rosidl_typesupport_c.c
-- Up-to-date: /home/user/FinalProject/ros2_ws/install/hole_detector/local/lib/python3.10/dist-packages/hole_detector/hole_detector_s__rosidl_typesupport_fastrtps_c.cpython-310-x86_64-linux-gnu.so
Listing '/home/user/FinalProject/ros2_ws/install/hole_detector/local/lib/python3.10/dist-packages/hole_detector'...
Listing '/home/user/FinalProject/ros2_ws/install/hole_detector/local/lib/python3.10/dist-packages/hole_detector/srv'...
-- Up-to-date: /home/user/FinalProject/ros2_ws/install/hole_detector/local/lib/python3.10/dist-packages/hole_detector/hole_detector_s__rosidl_typesupport_fastrtps_c.cpython-310-x86_64-linux-gnu.so
-- Up-to-date: /home/user/FinalProject/ros2_ws/install/hole_detector/local/lib/python3.10/dist-packages/hole_detector/hole_detector_s__rosidl_typesupport_introspection_c.cpython-310-x86_64-linux-gnu.so
-- Up-to-date: /home/user/FinalProject/ros2_ws/install/hole_detector/local/lib/python3.10/dist-packages/hole_detector/hole_detector_s__rosidl_typesupport_c.cpython-310-x86_64-linux-gnu.so
-- Up-to-date: /home/user/FinalProject/ros2_ws/install/hole_detector/lib/libhole_detector__rosidl_generator_py.so
-- Up-to-date: /home/user/FinalProject/ros2_ws/install/hole_detector/share/hole_detector/srv/HoleCoordinates.idl
-- Up-to-date: /home/user/FinalProject/ros2_ws/install/hole_detector/share/hole_detector/srv/HoleCoordinates.srv
-- Up-to-date: /home/user/FinalProject/ros2_ws/install/hole_detector/share/hole_detector/srv/HoleCoordinates_Request.msg
-- Up-to-date: /home/user/FinalProject/ros2_ws/install/hole_detector/share/hole_detector/srv/HoleCoordinates_Response.msg
-- Up-to-date: /home/user/FinalProject/ros2_ws/install/hole_detector/lib/hole_detector/holedetector_sim.py
-- Up-to-date: /home/user/FinalProject/ros2_ws/install/hole_detector/lib/hole_detector/holedetector_real.py
-- Up-to-date: /home/user/FinalProject/ros2_ws/install/hole_detector/share/hole_detector/launch
-- Up-to-date: /home/user/FinalProject/ros2_ws/install/hole_detector/share/hole_detector/launch/hole_detector_sim.launch.py
-- Up-to-date: /home/user/FinalProject/ros2_ws/install/hole_detector/share/hole_detector/launch/hole_detector_real.launch.py
-- Up-to-date: /home/user/FinalProject/ros2_ws/install/hole_detector/share/ament_index/resource_index/package_run_dependencies/hole_detector
-- Up-to-date: /home/user/FinalProject/ros2_ws/install/hole_detector/share/ament_index/resource_index/parent_prefix_path/hole_detector
-- Up-to-date: /home/user/FinalProject/ros2_ws/install/hole_detector/share/hole_detector/environment/ament_prefix_path.sh
-- Up-to-date: /home/user/FinalProject/ros2_ws/install/hole_detector/share/hole_detector/environment/ament_prefix_path.dsv
-- Up-to-date: /home/user/FinalProject/ros2_ws/install/hole_detector/share/hole_detector/environment/path.sh
-- Up-to-date: /home/user/FinalProject/ros2_ws/install/hole_detector/share/hole_detector/environment/path.dsv
-- Up-to-date: /home/user/FinalProject/ros2_ws/install/hole_detector/share/hole_detector/local_setup.bash
-- Up-to-date: /home/user/FinalProject/ros2_ws/install/hole_detector/share/hole_detector/local_setup.sh
-- Up-to-date: /home/user/FinalProject/ros2_ws/install/hole_detector/share/hole_detector/local_setup.zsh
-- Up-to-date: /home/user/FinalProject/ros2_ws/install/hole_detector/share/hole_detector/local_setup.dsv
-- Installing: /home/user/FinalProject/ros2_ws/install/hole_detector/share/hole_detector/package.dsv
-- Up-to-date: /home/user/FinalProject/ros2_ws/install/hole_detector/share/ament_index/resource_index/packages/hole_detector
-- Up-to-date: /home/user/FinalProject/ros2_ws/install/hole_detector/share/hole_detector/cmake/export_hole_detector__rosidl_generator_cExport.cmake
-- Up-to-date: /home/user/FinalProject/ros2_ws/install/hole_detector/share/hole_detector/cmake/export_hole_detector__rosidl_generator_cExport-noconfig.cmake
-- Up-to-date: /home/user/FinalProject/ros2_ws/install/hole_detector/share/hole_detector/cmake/export_hole_detector__rosidl_typesupport_fastrtps_cExport.cmake
-- Up-to-date: /home/user/FinalProject/ros2_ws/install/hole_detector/share/hole_detector/cmake/export_hole_detector__rosidl_typesupport_fastrtps_cExport-noconfig.cmake
-- Up-to-date: /home/user/FinalProject/ros2_ws/install/hole_detector/share/hole_detector/cmake/export_hole_detector__rosidl_generator_cppExport.cmake
-- Up-to-date: /home/user/FinalProject/ros2_ws/install/hole_detector/share/hole_detector/cmake/export_hole_detector__rosidl_typesupport_fastrtps_cppExport.cmake
-- Up-to-date: /home/user/FinalProject/ros2_ws/install/hole_detector/share/hole_detector/cmake/export_hole_detector__rosidl_typesupport_fastrtps_cppExport-noconfig.cmake
-- Up-to-date: /home/user/FinalProject/ros2_ws/install/hole_detector/share/hole_detector/cmake/hole_detector__rosidl_typesupport_introspection_cExport.cmake
-- Up-to-date: /home/user/FinalProject/ros2_ws/install/hole_detector/share/hole_detector/cmake/hole_detector__rosidl_typesupport_introspection_cExport-noconfig.cmake
-- Up-to-date: /home/user/FinalProject/ros2_ws/install/hole_detector/share/hole_detector/cmake/hole_detector__rosidl_typesupport_cExport.cmake
-- Up-to-date: /home/user/FinalProject/ros2_ws/install/hole_detector/share/hole_detector/cmake/hole_detector__rosidl_typesupport_cExport-noconfig.cmake
-- Up-to-date: /home/user/FinalProject/ros2_ws/install/hole_detector/share/hole_detector/cmake/hole_detector__rosidl_typesupport_introspection_cppExport.cmake
-- Up-to-date: /home/user/FinalProject/ros2_ws/install/hole_detector/share/hole_detector/cmake/hole_detector__rosidl_typesupport_introspection_cppExport-noconfig.cmake
-- Up-to-date: /home/user/FinalProject/ros2_ws/install/hole_detector/share/hole_detector/cmake/hole_detector__rosidl_typesupport_cppExport.cmake
-- Up-to-date: /home/user/FinalProject/ros2_ws/install/hole_detector/share/hole_detector/cmake/hole_detector__rosidl_typesupport_cppExport-noconfig.cmake
-- Up-to-date: /home/user/FinalProject/ros2_ws/install/hole_detector/share/hole_detector/cmake/export_hole_detector__rosidl_generator_pyExport.cmake
-- Up-to-date: /home/user/FinalProject/ros2_ws/install/hole_detector/share/hole_detector/cmake/export_hole_detector__rosidl_generator_pyExport-noconfig.cmake
-- Up-to-date: /home/user/FinalProject/ros2_ws/install/hole_detector/share/hole_detector/cmake/rosidl_cmake-extras.cmake
-- Up-to-date: /home/user/FinalProject/ros2_ws/install/hole_detector/share/hole_detector/cmake/ament_cmake_export_dependencies-extras.cmake
-- Up-to-date: /home/user/FinalProject/ros2_ws/install/hole_detector/share/hole_detector/cmake/ament_cmake_export_include_directories-extras.cmake
-- Up-to-date: /home/user/FinalProject/ros2_ws/install/hole_detector/share/hole_detector/cmake/ament_cmake_export_libraries-extras.cmake
-- Up-to-date: /home/user/FinalProject/ros2_ws/install/hole_detector/share/hole_detector/cmake/ament_cmake_export_targets-extras.cmake
-- Up-to-date: /home/user/FinalProject/ros2_ws/install/hole_detector/share/hole_detector/cmake/rosidl_cmake_export_typesupport_targets-extras.cmake
-- Up-to-date: /home/user/FinalProject/ros2_ws/install/hole_detector/share/hole_detector/cmake/rosidl_cmake_export_typesupport_libraries-extras.cmake
-- Up-to-date: /home/user/FinalProject/ros2_ws/install/hole_detector/share/hole_detector/cmake/hole_detectorConfig.cmake
-- Up-to-date: /home/user/FinalProject/ros2_ws/install/hole_detector/share/hole_detector/cmake/hole_detectorConfig-version.cmake
-- Up-to-date: /home/user/FinalProject/ros2_ws/install/hole_detector/share/hole_detector/package.xml
