[0.204s] Invoking command in '/home/user/FinalProject/ros2_ws/build/hole_detector': CMAKE_PREFIX_PATH=/home/user/FinalProject/ros2_ws/install/web_video_server:/home/user/FinalProject/ros2_ws/install/ur_simulation_gazebo:/home/user/FinalProject/ros2_ws/install/real_my_moveit_config:/home/user/FinalProject/ros2_ws/install/my_moveit_config:/home/user/FinalProject/ros2_ws/install/ur_description:/home/user/FinalProject/ros2_ws/install/the_construct_office_gazebo:/home/user/FinalProject/ros2_ws/install/robotnik_sensors:/home/user/FinalProject/ros2_ws/install/rg2_gripper_description:/home/user/FinalProject/ros2_ws/install/pick_and_place:/home/user/FinalProject/ros2_ws/install/hole_detector:/home/user/FinalProject/ros2_ws/install/gazebo_ros:/home/user/FinalProject/ros2_ws/install/gazebo_msgs:/home/user/FinalProject/ros2_ws/install/gazebo_dev:/home/simulations/ros2_sims_ws/install/common_interfaces:/home/simulations/ros2_sims_ws/install/visualization_msgs:/home/simulations/ros2_sims_ws/install/test_msgs:/home/simulations/ros2_sims_ws/install/example_interfaces:/home/simulations/ros2_sims_ws/install/action_msgs:/home/simulations/ros2_sims_ws/install/unique_identifier_msgs:/home/simulations/ros2_sims_ws/install/trajectory_msgs:/home/simulations/ros2_sims_ws/install/test_interface_files:/home/simulations/ros2_sims_ws/install/stereo_msgs:/home/simulations/ros2_sims_ws/install/std_srvs:/home/simulations/ros2_sims_ws/install/shape_msgs:/home/simulations/ros2_sims_ws/install/sensor_msgs:/home/simulations/ros2_sims_ws/install/nav_msgs:/home/simulations/ros2_sims_ws/install/diagnostic_msgs:/home/simulations/ros2_sims_ws/install/geometry_msgs:/home/simulations/ros2_sims_ws/install/actionlib_msgs:/home/simulations/ros2_sims_ws/install/std_msgs:/home/simulations/ros2_sims_ws/install/statistics_msgs:/home/simulations/ros2_sims_ws/install/rosgraph_msgs:/home/simulations/ros2_sims_ws/install/rclrs_example_msgs:/home/simulations/ros2_sims_ws/install/composition_interfaces:/home/simulations/ros2_sims_ws/install/rcl_interfaces:/home/simulations/ros2_sims_ws/install/lifecycle_msgs:/home/simulations/ros2_sims_ws/install/builtin_interfaces:/home/simulations/ros2_sims_ws/install/rosidl_default_runtime:/home/simulations/ros2_sims_ws/install/rosidl_default_generators:/home/simulations/ros2_sims_ws/install/rosidl_generator_rs:/home/user/ros2_ws/install/web_interface:/home/user/ros2_ws/install/web_video_server:/home/user/ros2_ws/install/ur_simulation_gazebo:/home/user/ros2_ws/install/ur3e_moveit_config:/home/user/ros2_ws/install/test_moveit_config:/home/user/ros2_ws/install/real_moveit_config:/home/user/ros2_ws/install/my_moveit_config:/home/user/ros2_ws/install/ur_description:/home/user/ros2_ws/install/the_construct_office_gazebo:/home/user/ros2_ws/install/tf2_web_republisher:/home/user/ros2_ws/install/ros_testing:/home/user/ros2_ws/install/robotnik_sensors_gazebo:/home/user/ros2_ws/install/robotnik_sensors:/home/user/ros2_ws/install/robotiq_85_gripper:/home/user/ros2_ws/install/robotiq_85_msgs:/home/user/ros2_ws/install/robotiq_85_description:/home/user/ros2_ws/install/rg2_gripper_description:/home/user/ros2_ws/install/pilz_industrial_motion_planner_testutils:/home/user/ros2_ws/install/moveit_runtime:/home/user/ros2_ws/install/moveit:/home/user/ros2_ws/install/moveit_planners:/home/user/ros2_ws/install/pilz_industrial_motion_planner:/home/user/ros2_ws/install/moveit_ros_control_interface:/home/user/ros2_ws/install/moveit_plugins:/home/user/ros2_ws/install/moveit_simple_controller_manager:/home/user/ros2_ws/install/moveit_setup_assistant:/home/user/ros2_ws/install/moveit_setup_srdf_plugins:/home/user/ros2_ws/install/moveit_setup_core_plugins:/home/user/ros2_ws/install/moveit_setup_controllers:/home/user/ros2_ws/install/moveit_setup_app_plugins:/home/user/ros2_ws/install/moveit_setup_framework:/home/user/ros2_ws/install/moveit_servo:/home/user/ros2_ws/install/moveit_ros:/home/user/ros2_ws/install/moveit_ros_visualization:/home/user/ros2_ws/install/moveit_hybrid_planning:/home/user/ros2_ws/install/moveit2_scripts:/home/user/ros2_ws/install/moveit_ros_planning_interface:/home/user/ros2_ws/install/moveit_ros_benchmarks:/home/user/ros2_ws/install/moveit_ros_warehouse:/home/user/ros2_ws/install/moveit_ros_robot_interaction:/home/user/ros2_ws/install/moveit_ros_perception:/home/user/ros2_ws/install/moveit_resources_prbt_pg70_support:/home/user/ros2_ws/install/moveit_resources_prbt_moveit_config:/home/user/ros2_ws/install/moveit_ros_move_group:/home/user/ros2_ws/install/moveit_planners_ompl:/home/user/ros2_ws/install/moveit_ros_planning:/home/user/ros2_ws/install/moveit_ros_occupancy_map_monitor:/home/user/ros2_ws/install/moveit_resources_prbt_support:/home/user/ros2_ws/install/moveit_resources_prbt_ikfast_manipulator_plugin:/home/user/ros2_ws/install/moveit_planners_chomp:/home/user/ros2_ws/install/moveit_kinematics:/home/user/ros2_ws/install/moveit_chomp_optimizer_adapter:/home/user/ros2_ws/install/chomp_motion_planner:/home/user/ros2_ws/install/moveit_core:/home/user/ros2_ws/install/moveit_common:/home/user/ros2_ws/install/main_navigation:/home/user/ros2_ws/install/get_cube_pose:/home/user/ros2_ws/install/gazebo_grasp_plugin_ros:/home/user/ros2_ws/install/gazebo_grasp_plugin:/home/user/ros2_ws/install/gazebo_version_helpers:/home/user/ros2_ws/install/gazebo_ros2_control_demos:/home/user/ros2_ws/install/gazebo_ros2_control:/home/user/ros2_ws/install/barista_table_finder:/home/user/ros2_ws/install/barista_gazebo:/home/user/ros2_ws/install/barista_extra_models:/home/user/ros2_ws/install/barista_dock_charger_station:/home/user/ros2_ws/install/barista_description:/home/user/ros2_ws/install/barista_alignment:/home/simulations/ros2_sims_ws/install/rclrs_tests:/home/simulations/ros2_sims_ws/install/examples_rclrs_minimal_client_service:/home/simulations/ros2_sims_ws/install/sensor_msgs_py:/home/simulations/ros2_sims_ws/install/examples_rclrs_minimal_pub_sub:/home/simulations/ros2_sims_ws/install/examples_rclrs_message_demo:/home/simulations/ros2_sims_ws/install/rclrs:/home/simulations/ros2_sims_ws/install/rosidl_runtime_rs:/home/user/ros2_ws/install/tf2_web_republisher_py:/home/user/ros2_ws/install/ros2test:/home/user/ros2_ws/install/robotiq_85_driver:/home/user/ros2_ws/install/path_planner_server:/home/user/ros2_ws/install/moveit_configs_utils:/home/user/ros2_ws/install/localization_server:/home/user/ros2_ws/install/cartographer_slam:/opt/ros/humble:/home/user/ros2_ws/install/async_web_server_cpp _=/usr/bin/env /usr/bin/cmake --build /home/user/FinalProject/ros2_ws/build/hole_detector -- -j8 -l8
[0.519s] [  3%] [34m[1mGenerating Rust code for ROS interfaces[0m
[1.387s] [  3%] Built target hole_detector__rs
[1.584s] [  3%] Built target ament_cmake_python_copy_hole_detector
[1.712s] [  6%] Built target hole_detector__cpp
[2.447s] running egg_info
[2.448s] writing hole_detector.egg-info/PKG-INFO
[2.450s] writing dependency_links to hole_detector.egg-info/dependency_links.txt
[2.450s] writing top-level names to hole_detector.egg-info/top_level.txt
[2.454s] reading manifest file 'hole_detector.egg-info/SOURCES.txt'
[2.455s] writing manifest file 'hole_detector.egg-info/SOURCES.txt'
[2.512s] [  6%] Built target ament_cmake_python_build_hole_detector_egg
[2.565s] [35m[1mConsolidate compiler generated dependencies of target hole_detector__rosidl_typesupport_cpp[0m
[2.627s] [ 15%] Built target hole_detector__rosidl_typesupport_cpp
[2.724s] [35m[1mConsolidate compiler generated dependencies of target hole_detector__rosidl_typesupport_introspection_cpp[0m
[2.793s] [ 25%] Built target hole_detector__rosidl_typesupport_introspection_cpp
[2.844s] [35m[1mConsolidate compiler generated dependencies of target hole_detector__rosidl_typesupport_fastrtps_cpp[0m
[2.887s] [ 34%] Built target hole_detector__rosidl_typesupport_fastrtps_cpp
[2.957s] [35m[1mConsolidate compiler generated dependencies of target hole_detector__rosidl_generator_c[0m
[3.055s] [ 43%] Built target hole_detector__rosidl_generator_c
[3.186s] [35m[1mConsolidate compiler generated dependencies of target hole_detector__rosidl_typesupport_fastrtps_c[0m
[3.256s] [ 53%] Built target hole_detector__rosidl_typesupport_fastrtps_c
[3.318s] [35m[1mConsolidate compiler generated dependencies of target hole_detector__rosidl_typesupport_c[0m
[3.397s] [ 62%] Built target hole_detector__rosidl_typesupport_c
[3.444s] [35m[1mConsolidate compiler generated dependencies of target hole_detector__rosidl_typesupport_introspection_c[0m
[3.543s] [ 71%] Built target hole_detector__rosidl_typesupport_introspection_c
[3.639s] [ 71%] Built target hole_detector
[3.756s] [ 75%] Built target hole_detector__py
[3.799s] [35m[1mConsolidate compiler generated dependencies of target hole_detector__rosidl_generator_py[0m
[3.846s] [ 81%] Built target hole_detector__rosidl_generator_py
[3.912s] [35m[1mConsolidate compiler generated dependencies of target hole_detector__rosidl_typesupport_fastrtps_c__pyext[0m
[3.964s] [ 87%] Built target hole_detector__rosidl_typesupport_fastrtps_c__pyext
[4.046s] [35m[1mConsolidate compiler generated dependencies of target hole_detector__rosidl_typesupport_c__pyext[0m
[4.156s] [ 93%] Built target hole_detector__rosidl_typesupport_c__pyext
[4.193s] [35m[1mConsolidate compiler generated dependencies of target hole_detector__rosidl_typesupport_introspection_c__pyext[0m
[4.274s] [100%] Built target hole_detector__rosidl_typesupport_introspection_c__pyext
[4.312s] Invoked command in '/home/user/FinalProject/ros2_ws/build/hole_detector' returned '0': CMAKE_PREFIX_PATH=/home/user/FinalProject/ros2_ws/install/web_video_server:/home/user/FinalProject/ros2_ws/install/ur_simulation_gazebo:/home/user/FinalProject/ros2_ws/install/real_my_moveit_config:/home/user/FinalProject/ros2_ws/install/my_moveit_config:/home/user/FinalProject/ros2_ws/install/ur_description:/home/user/FinalProject/ros2_ws/install/the_construct_office_gazebo:/home/user/FinalProject/ros2_ws/install/robotnik_sensors:/home/user/FinalProject/ros2_ws/install/rg2_gripper_description:/home/user/FinalProject/ros2_ws/install/pick_and_place:/home/user/FinalProject/ros2_ws/install/hole_detector:/home/user/FinalProject/ros2_ws/install/gazebo_ros:/home/user/FinalProject/ros2_ws/install/gazebo_msgs:/home/user/FinalProject/ros2_ws/install/gazebo_dev:/home/simulations/ros2_sims_ws/install/common_interfaces:/home/simulations/ros2_sims_ws/install/visualization_msgs:/home/simulations/ros2_sims_ws/install/test_msgs:/home/simulations/ros2_sims_ws/install/example_interfaces:/home/simulations/ros2_sims_ws/install/action_msgs:/home/simulations/ros2_sims_ws/install/unique_identifier_msgs:/home/simulations/ros2_sims_ws/install/trajectory_msgs:/home/simulations/ros2_sims_ws/install/test_interface_files:/home/simulations/ros2_sims_ws/install/stereo_msgs:/home/simulations/ros2_sims_ws/install/std_srvs:/home/simulations/ros2_sims_ws/install/shape_msgs:/home/simulations/ros2_sims_ws/install/sensor_msgs:/home/simulations/ros2_sims_ws/install/nav_msgs:/home/simulations/ros2_sims_ws/install/diagnostic_msgs:/home/simulations/ros2_sims_ws/install/geometry_msgs:/home/simulations/ros2_sims_ws/install/actionlib_msgs:/home/simulations/ros2_sims_ws/install/std_msgs:/home/simulations/ros2_sims_ws/install/statistics_msgs:/home/simulations/ros2_sims_ws/install/rosgraph_msgs:/home/simulations/ros2_sims_ws/install/rclrs_example_msgs:/home/simulations/ros2_sims_ws/install/composition_interfaces:/home/simulations/ros2_sims_ws/install/rcl_interfaces:/home/simulations/ros2_sims_ws/install/lifecycle_msgs:/home/simulations/ros2_sims_ws/install/builtin_interfaces:/home/simulations/ros2_sims_ws/install/rosidl_default_runtime:/home/simulations/ros2_sims_ws/install/rosidl_default_generators:/home/simulations/ros2_sims_ws/install/rosidl_generator_rs:/home/user/ros2_ws/install/web_interface:/home/user/ros2_ws/install/web_video_server:/home/user/ros2_ws/install/ur_simulation_gazebo:/home/user/ros2_ws/install/ur3e_moveit_config:/home/user/ros2_ws/install/test_moveit_config:/home/user/ros2_ws/install/real_moveit_config:/home/user/ros2_ws/install/my_moveit_config:/home/user/ros2_ws/install/ur_description:/home/user/ros2_ws/install/the_construct_office_gazebo:/home/user/ros2_ws/install/tf2_web_republisher:/home/user/ros2_ws/install/ros_testing:/home/user/ros2_ws/install/robotnik_sensors_gazebo:/home/user/ros2_ws/install/robotnik_sensors:/home/user/ros2_ws/install/robotiq_85_gripper:/home/user/ros2_ws/install/robotiq_85_msgs:/home/user/ros2_ws/install/robotiq_85_description:/home/user/ros2_ws/install/rg2_gripper_description:/home/user/ros2_ws/install/pilz_industrial_motion_planner_testutils:/home/user/ros2_ws/install/moveit_runtime:/home/user/ros2_ws/install/moveit:/home/user/ros2_ws/install/moveit_planners:/home/user/ros2_ws/install/pilz_industrial_motion_planner:/home/user/ros2_ws/install/moveit_ros_control_interface:/home/user/ros2_ws/install/moveit_plugins:/home/user/ros2_ws/install/moveit_simple_controller_manager:/home/user/ros2_ws/install/moveit_setup_assistant:/home/user/ros2_ws/install/moveit_setup_srdf_plugins:/home/user/ros2_ws/install/moveit_setup_core_plugins:/home/user/ros2_ws/install/moveit_setup_controllers:/home/user/ros2_ws/install/moveit_setup_app_plugins:/home/user/ros2_ws/install/moveit_setup_framework:/home/user/ros2_ws/install/moveit_servo:/home/user/ros2_ws/install/moveit_ros:/home/user/ros2_ws/install/moveit_ros_visualization:/home/user/ros2_ws/install/moveit_hybrid_planning:/home/user/ros2_ws/install/moveit2_scripts:/home/user/ros2_ws/install/moveit_ros_planning_interface:/home/user/ros2_ws/install/moveit_ros_benchmarks:/home/user/ros2_ws/install/moveit_ros_warehouse:/home/user/ros2_ws/install/moveit_ros_robot_interaction:/home/user/ros2_ws/install/moveit_ros_perception:/home/user/ros2_ws/install/moveit_resources_prbt_pg70_support:/home/user/ros2_ws/install/moveit_resources_prbt_moveit_config:/home/user/ros2_ws/install/moveit_ros_move_group:/home/user/ros2_ws/install/moveit_planners_ompl:/home/user/ros2_ws/install/moveit_ros_planning:/home/user/ros2_ws/install/moveit_ros_occupancy_map_monitor:/home/user/ros2_ws/install/moveit_resources_prbt_support:/home/user/ros2_ws/install/moveit_resources_prbt_ikfast_manipulator_plugin:/home/user/ros2_ws/install/moveit_planners_chomp:/home/user/ros2_ws/install/moveit_kinematics:/home/user/ros2_ws/install/moveit_chomp_optimizer_adapter:/home/user/ros2_ws/install/chomp_motion_planner:/home/user/ros2_ws/install/moveit_core:/home/user/ros2_ws/install/moveit_common:/home/user/ros2_ws/install/main_navigation:/home/user/ros2_ws/install/get_cube_pose:/home/user/ros2_ws/install/gazebo_grasp_plugin_ros:/home/user/ros2_ws/install/gazebo_grasp_plugin:/home/user/ros2_ws/install/gazebo_version_helpers:/home/user/ros2_ws/install/gazebo_ros2_control_demos:/home/user/ros2_ws/install/gazebo_ros2_control:/home/user/ros2_ws/install/barista_table_finder:/home/user/ros2_ws/install/barista_gazebo:/home/user/ros2_ws/install/barista_extra_models:/home/user/ros2_ws/install/barista_dock_charger_station:/home/user/ros2_ws/install/barista_description:/home/user/ros2_ws/install/barista_alignment:/home/simulations/ros2_sims_ws/install/rclrs_tests:/home/simulations/ros2_sims_ws/install/examples_rclrs_minimal_client_service:/home/simulations/ros2_sims_ws/install/sensor_msgs_py:/home/simulations/ros2_sims_ws/install/examples_rclrs_minimal_pub_sub:/home/simulations/ros2_sims_ws/install/examples_rclrs_message_demo:/home/simulations/ros2_sims_ws/install/rclrs:/home/simulations/ros2_sims_ws/install/rosidl_runtime_rs:/home/user/ros2_ws/install/tf2_web_republisher_py:/home/user/ros2_ws/install/ros2test:/home/user/ros2_ws/install/robotiq_85_driver:/home/user/ros2_ws/install/path_planner_server:/home/user/ros2_ws/install/moveit_configs_utils:/home/user/ros2_ws/install/localization_server:/home/user/ros2_ws/install/cartographer_slam:/opt/ros/humble:/home/user/ros2_ws/install/async_web_server_cpp _=/usr/bin/env /usr/bin/cmake --build /home/user/FinalProject/ros2_ws/build/hole_detector -- -j8 -l8
[5.047s] Invoking command in '/home/user/FinalProject/ros2_ws/build/hole_detector': CMAKE_PREFIX_PATH=/home/user/FinalProject/ros2_ws/install/web_video_server:/home/user/FinalProject/ros2_ws/install/ur_simulation_gazebo:/home/user/FinalProject/ros2_ws/install/real_my_moveit_config:/home/user/FinalProject/ros2_ws/install/my_moveit_config:/home/user/FinalProject/ros2_ws/install/ur_description:/home/user/FinalProject/ros2_ws/install/the_construct_office_gazebo:/home/user/FinalProject/ros2_ws/install/robotnik_sensors:/home/user/FinalProject/ros2_ws/install/rg2_gripper_description:/home/user/FinalProject/ros2_ws/install/pick_and_place:/home/user/FinalProject/ros2_ws/install/hole_detector:/home/user/FinalProject/ros2_ws/install/gazebo_ros:/home/user/FinalProject/ros2_ws/install/gazebo_msgs:/home/user/FinalProject/ros2_ws/install/gazebo_dev:/home/simulations/ros2_sims_ws/install/common_interfaces:/home/simulations/ros2_sims_ws/install/visualization_msgs:/home/simulations/ros2_sims_ws/install/test_msgs:/home/simulations/ros2_sims_ws/install/example_interfaces:/home/simulations/ros2_sims_ws/install/action_msgs:/home/simulations/ros2_sims_ws/install/unique_identifier_msgs:/home/simulations/ros2_sims_ws/install/trajectory_msgs:/home/simulations/ros2_sims_ws/install/test_interface_files:/home/simulations/ros2_sims_ws/install/stereo_msgs:/home/simulations/ros2_sims_ws/install/std_srvs:/home/simulations/ros2_sims_ws/install/shape_msgs:/home/simulations/ros2_sims_ws/install/sensor_msgs:/home/simulations/ros2_sims_ws/install/nav_msgs:/home/simulations/ros2_sims_ws/install/diagnostic_msgs:/home/simulations/ros2_sims_ws/install/geometry_msgs:/home/simulations/ros2_sims_ws/install/actionlib_msgs:/home/simulations/ros2_sims_ws/install/std_msgs:/home/simulations/ros2_sims_ws/install/statistics_msgs:/home/simulations/ros2_sims_ws/install/rosgraph_msgs:/home/simulations/ros2_sims_ws/install/rclrs_example_msgs:/home/simulations/ros2_sims_ws/install/composition_interfaces:/home/simulations/ros2_sims_ws/install/rcl_interfaces:/home/simulations/ros2_sims_ws/install/lifecycle_msgs:/home/simulations/ros2_sims_ws/install/builtin_interfaces:/home/simulations/ros2_sims_ws/install/rosidl_default_runtime:/home/simulations/ros2_sims_ws/install/rosidl_default_generators:/home/simulations/ros2_sims_ws/install/rosidl_generator_rs:/home/user/ros2_ws/install/web_interface:/home/user/ros2_ws/install/web_video_server:/home/user/ros2_ws/install/ur_simulation_gazebo:/home/user/ros2_ws/install/ur3e_moveit_config:/home/user/ros2_ws/install/test_moveit_config:/home/user/ros2_ws/install/real_moveit_config:/home/user/ros2_ws/install/my_moveit_config:/home/user/ros2_ws/install/ur_description:/home/user/ros2_ws/install/the_construct_office_gazebo:/home/user/ros2_ws/install/tf2_web_republisher:/home/user/ros2_ws/install/ros_testing:/home/user/ros2_ws/install/robotnik_sensors_gazebo:/home/user/ros2_ws/install/robotnik_sensors:/home/user/ros2_ws/install/robotiq_85_gripper:/home/user/ros2_ws/install/robotiq_85_msgs:/home/user/ros2_ws/install/robotiq_85_description:/home/user/ros2_ws/install/rg2_gripper_description:/home/user/ros2_ws/install/pilz_industrial_motion_planner_testutils:/home/user/ros2_ws/install/moveit_runtime:/home/user/ros2_ws/install/moveit:/home/user/ros2_ws/install/moveit_planners:/home/user/ros2_ws/install/pilz_industrial_motion_planner:/home/user/ros2_ws/install/moveit_ros_control_interface:/home/user/ros2_ws/install/moveit_plugins:/home/user/ros2_ws/install/moveit_simple_controller_manager:/home/user/ros2_ws/install/moveit_setup_assistant:/home/user/ros2_ws/install/moveit_setup_srdf_plugins:/home/user/ros2_ws/install/moveit_setup_core_plugins:/home/user/ros2_ws/install/moveit_setup_controllers:/home/user/ros2_ws/install/moveit_setup_app_plugins:/home/user/ros2_ws/install/moveit_setup_framework:/home/user/ros2_ws/install/moveit_servo:/home/user/ros2_ws/install/moveit_ros:/home/user/ros2_ws/install/moveit_ros_visualization:/home/user/ros2_ws/install/moveit_hybrid_planning:/home/user/ros2_ws/install/moveit2_scripts:/home/user/ros2_ws/install/moveit_ros_planning_interface:/home/user/ros2_ws/install/moveit_ros_benchmarks:/home/user/ros2_ws/install/moveit_ros_warehouse:/home/user/ros2_ws/install/moveit_ros_robot_interaction:/home/user/ros2_ws/install/moveit_ros_perception:/home/user/ros2_ws/install/moveit_resources_prbt_pg70_support:/home/user/ros2_ws/install/moveit_resources_prbt_moveit_config:/home/user/ros2_ws/install/moveit_ros_move_group:/home/user/ros2_ws/install/moveit_planners_ompl:/home/user/ros2_ws/install/moveit_ros_planning:/home/user/ros2_ws/install/moveit_ros_occupancy_map_monitor:/home/user/ros2_ws/install/moveit_resources_prbt_support:/home/user/ros2_ws/install/moveit_resources_prbt_ikfast_manipulator_plugin:/home/user/ros2_ws/install/moveit_planners_chomp:/home/user/ros2_ws/install/moveit_kinematics:/home/user/ros2_ws/install/moveit_chomp_optimizer_adapter:/home/user/ros2_ws/install/chomp_motion_planner:/home/user/ros2_ws/install/moveit_core:/home/user/ros2_ws/install/moveit_common:/home/user/ros2_ws/install/main_navigation:/home/user/ros2_ws/install/get_cube_pose:/home/user/ros2_ws/install/gazebo_grasp_plugin_ros:/home/user/ros2_ws/install/gazebo_grasp_plugin:/home/user/ros2_ws/install/gazebo_version_helpers:/home/user/ros2_ws/install/gazebo_ros2_control_demos:/home/user/ros2_ws/install/gazebo_ros2_control:/home/user/ros2_ws/install/barista_table_finder:/home/user/ros2_ws/install/barista_gazebo:/home/user/ros2_ws/install/barista_extra_models:/home/user/ros2_ws/install/barista_dock_charger_station:/home/user/ros2_ws/install/barista_description:/home/user/ros2_ws/install/barista_alignment:/home/simulations/ros2_sims_ws/install/rclrs_tests:/home/simulations/ros2_sims_ws/install/examples_rclrs_minimal_client_service:/home/simulations/ros2_sims_ws/install/sensor_msgs_py:/home/simulations/ros2_sims_ws/install/examples_rclrs_minimal_pub_sub:/home/simulations/ros2_sims_ws/install/examples_rclrs_message_demo:/home/simulations/ros2_sims_ws/install/rclrs:/home/simulations/ros2_sims_ws/install/rosidl_runtime_rs:/home/user/ros2_ws/install/tf2_web_republisher_py:/home/user/ros2_ws/install/ros2test:/home/user/ros2_ws/install/robotiq_85_driver:/home/user/ros2_ws/install/path_planner_server:/home/user/ros2_ws/install/moveit_configs_utils:/home/user/ros2_ws/install/localization_server:/home/user/ros2_ws/install/cartographer_slam:/opt/ros/humble:/home/user/ros2_ws/install/async_web_server_cpp _=/usr/bin/env /usr/bin/cmake --install /home/user/FinalProject/ros2_ws/build/hole_detector
[5.072s] -- Install configuration: ""
[5.072s] -- Up-to-date: /home/user/FinalProject/ros2_ws/install/hole_detector/share/ament_index/resource_index/rosidl_interfaces/hole_detector
[5.073s] -- Up-to-date: /home/user/FinalProject/ros2_ws/install/hole_detector/include/hole_detector/hole_detector
[5.073s] -- Up-to-date: /home/user/FinalProject/ros2_ws/install/hole_detector/include/hole_detector/hole_detector/srv
[5.074s] -- Up-to-date: /home/user/FinalProject/ros2_ws/install/hole_detector/include/hole_detector/hole_detector/srv/detail
[5.074s] -- Up-to-date: /home/user/FinalProject/ros2_ws/install/hole_detector/include/hole_detector/hole_detector/srv/detail/hole_coordinates__type_support.h
[5.075s] -- Up-to-date: /home/user/FinalProject/ros2_ws/install/hole_detector/include/hole_detector/hole_detector/srv/detail/hole_coordinates__functions.c
[5.075s] -- Up-to-date: /home/user/FinalProject/ros2_ws/install/hole_detector/include/hole_detector/hole_detector/srv/detail/hole_coordinates__struct.h
[5.075s] -- Up-to-date: /home/user/FinalProject/ros2_ws/install/hole_detector/include/hole_detector/hole_detector/srv/detail/hole_coordinates__functions.h
[5.076s] -- Up-to-date: /home/user/FinalProject/ros2_ws/install/hole_detector/include/hole_detector/hole_detector/srv/hole_coordinates.h
[5.076s] -- Up-to-date: /home/user/FinalProject/ros2_ws/install/hole_detector/include/hole_detector/hole_detector/msg
[5.076s] -- Up-to-date: /home/user/FinalProject/ros2_ws/install/hole_detector/include/hole_detector/hole_detector/msg/rosidl_generator_c__visibility_control.h
[5.076s] -- Up-to-date: /home/user/FinalProject/ros2_ws/install/hole_detector/share/hole_detector/environment/library_path.sh
[5.077s] -- Up-to-date: /home/user/FinalProject/ros2_ws/install/hole_detector/share/hole_detector/environment/library_path.dsv
[5.077s] -- Up-to-date: /home/user/FinalProject/ros2_ws/install/hole_detector/lib/libhole_detector__rosidl_generator_c.so
[5.078s] -- Up-to-date: /home/user/FinalProject/ros2_ws/install/hole_detector/include/hole_detector/hole_detector
[5.078s] -- Up-to-date: /home/user/FinalProject/ros2_ws/install/hole_detector/include/hole_detector/hole_detector/srv
[5.078s] -- Up-to-date: /home/user/FinalProject/ros2_ws/install/hole_detector/include/hole_detector/hole_detector/srv/detail
[5.079s] -- Up-to-date: /home/user/FinalProject/ros2_ws/install/hole_detector/include/hole_detector/hole_detector/srv/detail/hole_coordinates__rosidl_typesupport_fastrtps_c.h
[5.079s] -- Up-to-date: /home/user/FinalProject/ros2_ws/install/hole_detector/include/hole_detector/hole_detector/msg
[5.079s] -- Up-to-date: /home/user/FinalProject/ros2_ws/install/hole_detector/include/hole_detector/hole_detector/msg/rosidl_typesupport_fastrtps_c__visibility_control.h
[5.080s] -- Up-to-date: /home/user/FinalProject/ros2_ws/install/hole_detector/lib/libhole_detector__rosidl_typesupport_fastrtps_c.so
[5.080s] -- Up-to-date: /home/user/FinalProject/ros2_ws/install/hole_detector/include/hole_detector/hole_detector
[5.081s] -- Up-to-date: /home/user/FinalProject/ros2_ws/install/hole_detector/include/hole_detector/hole_detector/srv
[5.081s] -- Up-to-date: /home/user/FinalProject/ros2_ws/install/hole_detector/include/hole_detector/hole_detector/srv/detail
[5.081s] -- Up-to-date: /home/user/FinalProject/ros2_ws/install/hole_detector/include/hole_detector/hole_detector/srv/detail/hole_coordinates__traits.hpp
[5.081s] -- Up-to-date: /home/user/FinalProject/ros2_ws/install/hole_detector/include/hole_detector/hole_detector/srv/detail/hole_coordinates__builder.hpp
[5.082s] -- Up-to-date: /home/user/FinalProject/ros2_ws/install/hole_detector/include/hole_detector/hole_detector/srv/detail/hole_coordinates__struct.hpp
[5.082s] -- Up-to-date: /home/user/FinalProject/ros2_ws/install/hole_detector/include/hole_detector/hole_detector/srv/hole_coordinates.hpp
[5.082s] -- Up-to-date: /home/user/FinalProject/ros2_ws/install/hole_detector/include/hole_detector/hole_detector
[5.082s] -- Up-to-date: /home/user/FinalProject/ros2_ws/install/hole_detector/include/hole_detector/hole_detector/srv
[5.083s] -- Up-to-date: /home/user/FinalProject/ros2_ws/install/hole_detector/include/hole_detector/hole_detector/srv/detail
[5.083s] -- Up-to-date: /home/user/FinalProject/ros2_ws/install/hole_detector/include/hole_detector/hole_detector/srv/detail/dds_fastrtps
[5.083s] -- Up-to-date: /home/user/FinalProject/ros2_ws/install/hole_detector/include/hole_detector/hole_detector/srv/detail/hole_coordinates__rosidl_typesupport_fastrtps_cpp.hpp
[5.084s] -- Up-to-date: /home/user/FinalProject/ros2_ws/install/hole_detector/include/hole_detector/hole_detector/msg
[5.084s] -- Up-to-date: /home/user/FinalProject/ros2_ws/install/hole_detector/include/hole_detector/hole_detector/msg/rosidl_typesupport_fastrtps_cpp__visibility_control.h
[5.084s] -- Up-to-date: /home/user/FinalProject/ros2_ws/install/hole_detector/lib/libhole_detector__rosidl_typesupport_fastrtps_cpp.so
[5.085s] -- Up-to-date: /home/user/FinalProject/ros2_ws/install/hole_detector/include/hole_detector/hole_detector
[5.085s] -- Up-to-date: /home/user/FinalProject/ros2_ws/install/hole_detector/include/hole_detector/hole_detector/srv
[5.086s] -- Up-to-date: /home/user/FinalProject/ros2_ws/install/hole_detector/include/hole_detector/hole_detector/srv/detail
[5.086s] -- Up-to-date: /home/user/FinalProject/ros2_ws/install/hole_detector/include/hole_detector/hole_detector/srv/detail/hole_coordinates__type_support.c
[5.086s] -- Up-to-date: /home/user/FinalProject/ros2_ws/install/hole_detector/include/hole_detector/hole_detector/srv/detail/hole_coordinates__rosidl_typesupport_introspection_c.h
[5.086s] -- Up-to-date: /home/user/FinalProject/ros2_ws/install/hole_detector/include/hole_detector/hole_detector/msg
[5.087s] -- Up-to-date: /home/user/FinalProject/ros2_ws/install/hole_detector/include/hole_detector/hole_detector/msg/rosidl_typesupport_introspection_c__visibility_control.h
[5.087s] -- Up-to-date: /home/user/FinalProject/ros2_ws/install/hole_detector/lib/libhole_detector__rosidl_typesupport_introspection_c.so
[5.088s] -- Up-to-date: /home/user/FinalProject/ros2_ws/install/hole_detector/lib/libhole_detector__rosidl_typesupport_c.so
[5.088s] -- Up-to-date: /home/user/FinalProject/ros2_ws/install/hole_detector/include/hole_detector/hole_detector
[5.089s] -- Up-to-date: /home/user/FinalProject/ros2_ws/install/hole_detector/include/hole_detector/hole_detector/srv
[5.089s] -- Up-to-date: /home/user/FinalProject/ros2_ws/install/hole_detector/include/hole_detector/hole_detector/srv/detail
[5.089s] -- Up-to-date: /home/user/FinalProject/ros2_ws/install/hole_detector/include/hole_detector/hole_detector/srv/detail/hole_coordinates__rosidl_typesupport_introspection_cpp.hpp
[5.089s] -- Up-to-date: /home/user/FinalProject/ros2_ws/install/hole_detector/include/hole_detector/hole_detector/srv/detail/hole_coordinates__type_support.cpp
[5.090s] -- Up-to-date: /home/user/FinalProject/ros2_ws/install/hole_detector/lib/libhole_detector__rosidl_typesupport_introspection_cpp.so
[5.090s] -- Up-to-date: /home/user/FinalProject/ros2_ws/install/hole_detector/lib/libhole_detector__rosidl_typesupport_cpp.so
[5.091s] -- Up-to-date: /home/user/FinalProject/ros2_ws/install/hole_detector/share/ament_index/resource_index/rust_packages/hole_detector
[5.091s] -- Up-to-date: /home/user/FinalProject/ros2_ws/install/hole_detector/share/hole_detector/rust
[5.092s] -- Installing: /home/user/FinalProject/ros2_ws/install/hole_detector/share/hole_detector/rust/Cargo.toml
[5.092s] -- Up-to-date: /home/user/FinalProject/ros2_ws/install/hole_detector/share/hole_detector/rust/src
[5.092s] -- Installing: /home/user/FinalProject/ros2_ws/install/hole_detector/share/hole_detector/rust/src/srv.rs
[5.092s] -- Installing: /home/user/FinalProject/ros2_ws/install/hole_detector/share/hole_detector/rust/src/lib.rs
[5.093s] -- Installing: /home/user/FinalProject/ros2_ws/install/hole_detector/share/hole_detector/rust/build.rs
[5.093s] -- Up-to-date: /home/user/FinalProject/ros2_ws/install/hole_detector/share/hole_detector/rust
[5.098s] -- Up-to-date: /home/user/FinalProject/ros2_ws/install/hole_detector/share/hole_detector/rust/Cargo.toml
[5.098s] -- Up-to-date: /home/user/FinalProject/ros2_ws/install/hole_detector/share/hole_detector/rust/src
[5.098s] -- Up-to-date: /home/user/FinalProject/ros2_ws/install/hole_detector/share/hole_detector/rust/src/srv.rs
[5.098s] -- Up-to-date: /home/user/FinalProject/ros2_ws/install/hole_detector/share/hole_detector/rust/src/lib.rs
[5.098s] -- Up-to-date: /home/user/FinalProject/ros2_ws/install/hole_detector/share/hole_detector/rust/build.rs
[5.098s] -- Up-to-date: /home/user/FinalProject/ros2_ws/install/hole_detector/share/hole_detector/rust
[5.099s] -- Up-to-date: /home/user/FinalProject/ros2_ws/install/hole_detector/share/hole_detector/rust/Cargo.toml
[5.099s] -- Up-to-date: /home/user/FinalProject/ros2_ws/install/hole_detector/share/hole_detector/rust/src
[5.099s] -- Up-to-date: /home/user/FinalProject/ros2_ws/install/hole_detector/share/hole_detector/rust/src/srv.rs
[5.099s] -- Up-to-date: /home/user/FinalProject/ros2_ws/install/hole_detector/share/hole_detector/rust/src/lib.rs
[5.099s] -- Up-to-date: /home/user/FinalProject/ros2_ws/install/hole_detector/share/hole_detector/rust/build.rs
[5.099s] -- Up-to-date: /home/user/FinalProject/ros2_ws/install/hole_detector/share/hole_detector/environment/pythonpath.sh
[5.099s] -- Up-to-date: /home/user/FinalProject/ros2_ws/install/hole_detector/share/hole_detector/environment/pythonpath.dsv
[5.099s] -- Up-to-date: /home/user/FinalProject/ros2_ws/install/hole_detector/local/lib/python3.10/dist-packages/hole_detector-0.0.0-py3.10.egg-info
[5.099s] -- Installing: /home/user/FinalProject/ros2_ws/install/hole_detector/local/lib/python3.10/dist-packages/hole_detector-0.0.0-py3.10.egg-info/PKG-INFO
[5.100s] -- Installing: /home/user/FinalProject/ros2_ws/install/hole_detector/local/lib/python3.10/dist-packages/hole_detector-0.0.0-py3.10.egg-info/top_level.txt
[5.100s] -- Installing: /home/user/FinalProject/ros2_ws/install/hole_detector/local/lib/python3.10/dist-packages/hole_detector-0.0.0-py3.10.egg-info/SOURCES.txt
[5.100s] -- Installing: /home/user/FinalProject/ros2_ws/install/hole_detector/local/lib/python3.10/dist-packages/hole_detector-0.0.0-py3.10.egg-info/dependency_links.txt
[5.100s] -- Up-to-date: /home/user/FinalProject/ros2_ws/install/hole_detector/local/lib/python3.10/dist-packages/hole_detector
[5.100s] -- Up-to-date: /home/user/FinalProject/ros2_ws/install/hole_detector/local/lib/python3.10/dist-packages/hole_detector/srv
[5.100s] -- Up-to-date: /home/user/FinalProject/ros2_ws/install/hole_detector/local/lib/python3.10/dist-packages/hole_detector/srv/_hole_coordinates_s.c
[5.100s] -- Up-to-date: /home/user/FinalProject/ros2_ws/install/hole_detector/local/lib/python3.10/dist-packages/hole_detector/srv/__init__.py
[5.100s] -- Up-to-date: /home/user/FinalProject/ros2_ws/install/hole_detector/local/lib/python3.10/dist-packages/hole_detector/srv/_hole_coordinates.py
[5.100s] -- Up-to-date: /home/user/FinalProject/ros2_ws/install/hole_detector/local/lib/python3.10/dist-packages/hole_detector/libhole_detector__rosidl_generator_py.so
[5.101s] -- Up-to-date: /home/user/FinalProject/ros2_ws/install/hole_detector/local/lib/python3.10/dist-packages/hole_detector/_hole_detector_s.ep.rosidl_typesupport_introspection_c.c
[5.101s] -- Up-to-date: /home/user/FinalProject/ros2_ws/install/hole_detector/local/lib/python3.10/dist-packages/hole_detector/hole_detector_s__rosidl_typesupport_c.cpython-310-x86_64-linux-gnu.so
[5.101s] -- Up-to-date: /home/user/FinalProject/ros2_ws/install/hole_detector/local/lib/python3.10/dist-packages/hole_detector/__init__.py
[5.101s] -- Up-to-date: /home/user/FinalProject/ros2_ws/install/hole_detector/local/lib/python3.10/dist-packages/hole_detector/hole_detector_s__rosidl_typesupport_introspection_c.cpython-310-x86_64-linux-gnu.so
[5.101s] -- Up-to-date: /home/user/FinalProject/ros2_ws/install/hole_detector/local/lib/python3.10/dist-packages/hole_detector/_hole_detector_s.ep.rosidl_typesupport_fastrtps_c.c
[5.101s] -- Up-to-date: /home/user/FinalProject/ros2_ws/install/hole_detector/local/lib/python3.10/dist-packages/hole_detector/_hole_detector_s.ep.rosidl_typesupport_c.c
[5.101s] -- Up-to-date: /home/user/FinalProject/ros2_ws/install/hole_detector/local/lib/python3.10/dist-packages/hole_detector/hole_detector_s__rosidl_typesupport_fastrtps_c.cpython-310-x86_64-linux-gnu.so
[5.228s] Listing '/home/user/FinalProject/ros2_ws/install/hole_detector/local/lib/python3.10/dist-packages/hole_detector'...
[5.228s] Listing '/home/user/FinalProject/ros2_ws/install/hole_detector/local/lib/python3.10/dist-packages/hole_detector/srv'...
[5.235s] -- Up-to-date: /home/user/FinalProject/ros2_ws/install/hole_detector/local/lib/python3.10/dist-packages/hole_detector/hole_detector_s__rosidl_typesupport_fastrtps_c.cpython-310-x86_64-linux-gnu.so
[5.235s] -- Up-to-date: /home/user/FinalProject/ros2_ws/install/hole_detector/local/lib/python3.10/dist-packages/hole_detector/hole_detector_s__rosidl_typesupport_introspection_c.cpython-310-x86_64-linux-gnu.so
[5.235s] -- Up-to-date: /home/user/FinalProject/ros2_ws/install/hole_detector/local/lib/python3.10/dist-packages/hole_detector/hole_detector_s__rosidl_typesupport_c.cpython-310-x86_64-linux-gnu.so
[5.236s] -- Up-to-date: /home/user/FinalProject/ros2_ws/install/hole_detector/lib/libhole_detector__rosidl_generator_py.so
[5.236s] -- Up-to-date: /home/user/FinalProject/ros2_ws/install/hole_detector/share/hole_detector/srv/HoleCoordinates.idl
[5.236s] -- Up-to-date: /home/user/FinalProject/ros2_ws/install/hole_detector/share/hole_detector/srv/HoleCoordinates.srv
[5.237s] -- Up-to-date: /home/user/FinalProject/ros2_ws/install/hole_detector/share/hole_detector/srv/HoleCoordinates_Request.msg
[5.237s] -- Up-to-date: /home/user/FinalProject/ros2_ws/install/hole_detector/share/hole_detector/srv/HoleCoordinates_Response.msg
[5.237s] -- Up-to-date: /home/user/FinalProject/ros2_ws/install/hole_detector/lib/hole_detector/holedetector_sim.py
[5.237s] -- Up-to-date: /home/user/FinalProject/ros2_ws/install/hole_detector/lib/hole_detector/holedetector_real.py
[5.237s] -- Up-to-date: /home/user/FinalProject/ros2_ws/install/hole_detector/share/hole_detector/launch
[5.237s] -- Up-to-date: /home/user/FinalProject/ros2_ws/install/hole_detector/share/hole_detector/launch/hole_detector_sim.launch.py
[5.238s] -- Up-to-date: /home/user/FinalProject/ros2_ws/install/hole_detector/share/hole_detector/launch/hole_detector_real.launch.py
[5.238s] -- Up-to-date: /home/user/FinalProject/ros2_ws/install/hole_detector/share/ament_index/resource_index/package_run_dependencies/hole_detector
[5.238s] -- Up-to-date: /home/user/FinalProject/ros2_ws/install/hole_detector/share/ament_index/resource_index/parent_prefix_path/hole_detector
[5.238s] -- Up-to-date: /home/user/FinalProject/ros2_ws/install/hole_detector/share/hole_detector/environment/ament_prefix_path.sh
[5.238s] -- Up-to-date: /home/user/FinalProject/ros2_ws/install/hole_detector/share/hole_detector/environment/ament_prefix_path.dsv
[5.239s] -- Up-to-date: /home/user/FinalProject/ros2_ws/install/hole_detector/share/hole_detector/environment/path.sh
[5.239s] -- Up-to-date: /home/user/FinalProject/ros2_ws/install/hole_detector/share/hole_detector/environment/path.dsv
[5.239s] -- Up-to-date: /home/user/FinalProject/ros2_ws/install/hole_detector/share/hole_detector/local_setup.bash
[5.239s] -- Up-to-date: /home/user/FinalProject/ros2_ws/install/hole_detector/share/hole_detector/local_setup.sh
[5.239s] -- Up-to-date: /home/user/FinalProject/ros2_ws/install/hole_detector/share/hole_detector/local_setup.zsh
[5.239s] -- Up-to-date: /home/user/FinalProject/ros2_ws/install/hole_detector/share/hole_detector/local_setup.dsv
[5.240s] -- Installing: /home/user/FinalProject/ros2_ws/install/hole_detector/share/hole_detector/package.dsv
[5.240s] -- Up-to-date: /home/user/FinalProject/ros2_ws/install/hole_detector/share/ament_index/resource_index/packages/hole_detector
[5.240s] -- Up-to-date: /home/user/FinalProject/ros2_ws/install/hole_detector/share/hole_detector/cmake/export_hole_detector__rosidl_generator_cExport.cmake
[5.240s] -- Up-to-date: /home/user/FinalProject/ros2_ws/install/hole_detector/share/hole_detector/cmake/export_hole_detector__rosidl_generator_cExport-noconfig.cmake
[5.240s] -- Up-to-date: /home/user/FinalProject/ros2_ws/install/hole_detector/share/hole_detector/cmake/export_hole_detector__rosidl_typesupport_fastrtps_cExport.cmake
[5.240s] -- Up-to-date: /home/user/FinalProject/ros2_ws/install/hole_detector/share/hole_detector/cmake/export_hole_detector__rosidl_typesupport_fastrtps_cExport-noconfig.cmake
[5.241s] -- Up-to-date: /home/user/FinalProject/ros2_ws/install/hole_detector/share/hole_detector/cmake/export_hole_detector__rosidl_generator_cppExport.cmake
[5.241s] -- Up-to-date: /home/user/FinalProject/ros2_ws/install/hole_detector/share/hole_detector/cmake/export_hole_detector__rosidl_typesupport_fastrtps_cppExport.cmake
[5.241s] -- Up-to-date: /home/user/FinalProject/ros2_ws/install/hole_detector/share/hole_detector/cmake/export_hole_detector__rosidl_typesupport_fastrtps_cppExport-noconfig.cmake
[5.241s] -- Up-to-date: /home/user/FinalProject/ros2_ws/install/hole_detector/share/hole_detector/cmake/hole_detector__rosidl_typesupport_introspection_cExport.cmake
[5.241s] -- Up-to-date: /home/user/FinalProject/ros2_ws/install/hole_detector/share/hole_detector/cmake/hole_detector__rosidl_typesupport_introspection_cExport-noconfig.cmake
[5.241s] -- Up-to-date: /home/user/FinalProject/ros2_ws/install/hole_detector/share/hole_detector/cmake/hole_detector__rosidl_typesupport_cExport.cmake
[5.241s] -- Up-to-date: /home/user/FinalProject/ros2_ws/install/hole_detector/share/hole_detector/cmake/hole_detector__rosidl_typesupport_cExport-noconfig.cmake
[5.241s] -- Up-to-date: /home/user/FinalProject/ros2_ws/install/hole_detector/share/hole_detector/cmake/hole_detector__rosidl_typesupport_introspection_cppExport.cmake
[5.241s] -- Up-to-date: /home/user/FinalProject/ros2_ws/install/hole_detector/share/hole_detector/cmake/hole_detector__rosidl_typesupport_introspection_cppExport-noconfig.cmake
[5.242s] -- Up-to-date: /home/user/FinalProject/ros2_ws/install/hole_detector/share/hole_detector/cmake/hole_detector__rosidl_typesupport_cppExport.cmake
[5.242s] -- Up-to-date: /home/user/FinalProject/ros2_ws/install/hole_detector/share/hole_detector/cmake/hole_detector__rosidl_typesupport_cppExport-noconfig.cmake
[5.242s] -- Up-to-date: /home/user/FinalProject/ros2_ws/install/hole_detector/share/hole_detector/cmake/export_hole_detector__rosidl_generator_pyExport.cmake
[5.242s] -- Up-to-date: /home/user/FinalProject/ros2_ws/install/hole_detector/share/hole_detector/cmake/export_hole_detector__rosidl_generator_pyExport-noconfig.cmake
[5.242s] -- Up-to-date: /home/user/FinalProject/ros2_ws/install/hole_detector/share/hole_detector/cmake/rosidl_cmake-extras.cmake
[5.242s] -- Up-to-date: /home/user/FinalProject/ros2_ws/install/hole_detector/share/hole_detector/cmake/ament_cmake_export_dependencies-extras.cmake
[5.242s] -- Up-to-date: /home/user/FinalProject/ros2_ws/install/hole_detector/share/hole_detector/cmake/ament_cmake_export_include_directories-extras.cmake
[5.242s] -- Up-to-date: /home/user/FinalProject/ros2_ws/install/hole_detector/share/hole_detector/cmake/ament_cmake_export_libraries-extras.cmake
[5.242s] -- Up-to-date: /home/user/FinalProject/ros2_ws/install/hole_detector/share/hole_detector/cmake/ament_cmake_export_targets-extras.cmake
[5.242s] -- Up-to-date: /home/user/FinalProject/ros2_ws/install/hole_detector/share/hole_detector/cmake/rosidl_cmake_export_typesupport_targets-extras.cmake
[5.242s] -- Up-to-date: /home/user/FinalProject/ros2_ws/install/hole_detector/share/hole_detector/cmake/rosidl_cmake_export_typesupport_libraries-extras.cmake
[5.242s] -- Up-to-date: /home/user/FinalProject/ros2_ws/install/hole_detector/share/hole_detector/cmake/hole_detectorConfig.cmake
[5.242s] -- Up-to-date: /home/user/FinalProject/ros2_ws/install/hole_detector/share/hole_detector/cmake/hole_detectorConfig-version.cmake
[5.242s] -- Up-to-date: /home/user/FinalProject/ros2_ws/install/hole_detector/share/hole_detector/package.xml
[5.264s] Invoked command in '/home/user/FinalProject/ros2_ws/build/hole_detector' returned '0': CMAKE_PREFIX_PATH=/home/user/FinalProject/ros2_ws/install/web_video_server:/home/user/FinalProject/ros2_ws/install/ur_simulation_gazebo:/home/user/FinalProject/ros2_ws/install/real_my_moveit_config:/home/user/FinalProject/ros2_ws/install/my_moveit_config:/home/user/FinalProject/ros2_ws/install/ur_description:/home/user/FinalProject/ros2_ws/install/the_construct_office_gazebo:/home/user/FinalProject/ros2_ws/install/robotnik_sensors:/home/user/FinalProject/ros2_ws/install/rg2_gripper_description:/home/user/FinalProject/ros2_ws/install/pick_and_place:/home/user/FinalProject/ros2_ws/install/hole_detector:/home/user/FinalProject/ros2_ws/install/gazebo_ros:/home/user/FinalProject/ros2_ws/install/gazebo_msgs:/home/user/FinalProject/ros2_ws/install/gazebo_dev:/home/simulations/ros2_sims_ws/install/common_interfaces:/home/simulations/ros2_sims_ws/install/visualization_msgs:/home/simulations/ros2_sims_ws/install/test_msgs:/home/simulations/ros2_sims_ws/install/example_interfaces:/home/simulations/ros2_sims_ws/install/action_msgs:/home/simulations/ros2_sims_ws/install/unique_identifier_msgs:/home/simulations/ros2_sims_ws/install/trajectory_msgs:/home/simulations/ros2_sims_ws/install/test_interface_files:/home/simulations/ros2_sims_ws/install/stereo_msgs:/home/simulations/ros2_sims_ws/install/std_srvs:/home/simulations/ros2_sims_ws/install/shape_msgs:/home/simulations/ros2_sims_ws/install/sensor_msgs:/home/simulations/ros2_sims_ws/install/nav_msgs:/home/simulations/ros2_sims_ws/install/diagnostic_msgs:/home/simulations/ros2_sims_ws/install/geometry_msgs:/home/simulations/ros2_sims_ws/install/actionlib_msgs:/home/simulations/ros2_sims_ws/install/std_msgs:/home/simulations/ros2_sims_ws/install/statistics_msgs:/home/simulations/ros2_sims_ws/install/rosgraph_msgs:/home/simulations/ros2_sims_ws/install/rclrs_example_msgs:/home/simulations/ros2_sims_ws/install/composition_interfaces:/home/simulations/ros2_sims_ws/install/rcl_interfaces:/home/simulations/ros2_sims_ws/install/lifecycle_msgs:/home/simulations/ros2_sims_ws/install/builtin_interfaces:/home/simulations/ros2_sims_ws/install/rosidl_default_runtime:/home/simulations/ros2_sims_ws/install/rosidl_default_generators:/home/simulations/ros2_sims_ws/install/rosidl_generator_rs:/home/user/ros2_ws/install/web_interface:/home/user/ros2_ws/install/web_video_server:/home/user/ros2_ws/install/ur_simulation_gazebo:/home/user/ros2_ws/install/ur3e_moveit_config:/home/user/ros2_ws/install/test_moveit_config:/home/user/ros2_ws/install/real_moveit_config:/home/user/ros2_ws/install/my_moveit_config:/home/user/ros2_ws/install/ur_description:/home/user/ros2_ws/install/the_construct_office_gazebo:/home/user/ros2_ws/install/tf2_web_republisher:/home/user/ros2_ws/install/ros_testing:/home/user/ros2_ws/install/robotnik_sensors_gazebo:/home/user/ros2_ws/install/robotnik_sensors:/home/user/ros2_ws/install/robotiq_85_gripper:/home/user/ros2_ws/install/robotiq_85_msgs:/home/user/ros2_ws/install/robotiq_85_description:/home/user/ros2_ws/install/rg2_gripper_description:/home/user/ros2_ws/install/pilz_industrial_motion_planner_testutils:/home/user/ros2_ws/install/moveit_runtime:/home/user/ros2_ws/install/moveit:/home/user/ros2_ws/install/moveit_planners:/home/user/ros2_ws/install/pilz_industrial_motion_planner:/home/user/ros2_ws/install/moveit_ros_control_interface:/home/user/ros2_ws/install/moveit_plugins:/home/user/ros2_ws/install/moveit_simple_controller_manager:/home/user/ros2_ws/install/moveit_setup_assistant:/home/user/ros2_ws/install/moveit_setup_srdf_plugins:/home/user/ros2_ws/install/moveit_setup_core_plugins:/home/user/ros2_ws/install/moveit_setup_controllers:/home/user/ros2_ws/install/moveit_setup_app_plugins:/home/user/ros2_ws/install/moveit_setup_framework:/home/user/ros2_ws/install/moveit_servo:/home/user/ros2_ws/install/moveit_ros:/home/user/ros2_ws/install/moveit_ros_visualization:/home/user/ros2_ws/install/moveit_hybrid_planning:/home/user/ros2_ws/install/moveit2_scripts:/home/user/ros2_ws/install/moveit_ros_planning_interface:/home/user/ros2_ws/install/moveit_ros_benchmarks:/home/user/ros2_ws/install/moveit_ros_warehouse:/home/user/ros2_ws/install/moveit_ros_robot_interaction:/home/user/ros2_ws/install/moveit_ros_perception:/home/user/ros2_ws/install/moveit_resources_prbt_pg70_support:/home/user/ros2_ws/install/moveit_resources_prbt_moveit_config:/home/user/ros2_ws/install/moveit_ros_move_group:/home/user/ros2_ws/install/moveit_planners_ompl:/home/user/ros2_ws/install/moveit_ros_planning:/home/user/ros2_ws/install/moveit_ros_occupancy_map_monitor:/home/user/ros2_ws/install/moveit_resources_prbt_support:/home/user/ros2_ws/install/moveit_resources_prbt_ikfast_manipulator_plugin:/home/user/ros2_ws/install/moveit_planners_chomp:/home/user/ros2_ws/install/moveit_kinematics:/home/user/ros2_ws/install/moveit_chomp_optimizer_adapter:/home/user/ros2_ws/install/chomp_motion_planner:/home/user/ros2_ws/install/moveit_core:/home/user/ros2_ws/install/moveit_common:/home/user/ros2_ws/install/main_navigation:/home/user/ros2_ws/install/get_cube_pose:/home/user/ros2_ws/install/gazebo_grasp_plugin_ros:/home/user/ros2_ws/install/gazebo_grasp_plugin:/home/user/ros2_ws/install/gazebo_version_helpers:/home/user/ros2_ws/install/gazebo_ros2_control_demos:/home/user/ros2_ws/install/gazebo_ros2_control:/home/user/ros2_ws/install/barista_table_finder:/home/user/ros2_ws/install/barista_gazebo:/home/user/ros2_ws/install/barista_extra_models:/home/user/ros2_ws/install/barista_dock_charger_station:/home/user/ros2_ws/install/barista_description:/home/user/ros2_ws/install/barista_alignment:/home/simulations/ros2_sims_ws/install/rclrs_tests:/home/simulations/ros2_sims_ws/install/examples_rclrs_minimal_client_service:/home/simulations/ros2_sims_ws/install/sensor_msgs_py:/home/simulations/ros2_sims_ws/install/examples_rclrs_minimal_pub_sub:/home/simulations/ros2_sims_ws/install/examples_rclrs_message_demo:/home/simulations/ros2_sims_ws/install/rclrs:/home/simulations/ros2_sims_ws/install/rosidl_runtime_rs:/home/user/ros2_ws/install/tf2_web_republisher_py:/home/user/ros2_ws/install/ros2test:/home/user/ros2_ws/install/robotiq_85_driver:/home/user/ros2_ws/install/path_planner_server:/home/user/ros2_ws/install/moveit_configs_utils:/home/user/ros2_ws/install/localization_server:/home/user/ros2_ws/install/cartographer_slam:/opt/ros/humble:/home/user/ros2_ws/install/async_web_server_cpp _=/usr/bin/env /usr/bin/cmake --install /home/user/FinalProject/ros2_ws/build/hole_detector
