[0.265s] Invoking command in '/home/user/FinalProject/ros2_ws/build/hole_detector': CMAKE_PREFIX_PATH=/home/user/FinalProject/ros2_ws/install/web_video_server:/home/user/FinalProject/ros2_ws/install/ur_simulation_gazebo:/home/user/FinalProject/ros2_ws/install/real_my_moveit_config:/home/user/FinalProject/ros2_ws/install/my_moveit_config:/home/user/FinalProject/ros2_ws/install/ur_description:/home/user/FinalProject/ros2_ws/install/the_construct_office_gazebo:/home/user/FinalProject/ros2_ws/install/robotnik_sensors:/home/user/FinalProject/ros2_ws/install/rg2_gripper_description:/home/user/FinalProject/ros2_ws/install/pick_and_place:/home/user/FinalProject/ros2_ws/install/hole_detector:/home/user/FinalProject/ros2_ws/install/gazebo_ros_pkgs:/home/user/FinalProject/ros2_ws/install/gazebo_plugins:/home/user/FinalProject/ros2_ws/install/gazebo_ros:/home/user/FinalProject/ros2_ws/install/gazebo_msgs:/home/user/FinalProject/ros2_ws/install/gazebo_dev:/home/simulations/ros2_sims_ws/install/common_interfaces:/home/simulations/ros2_sims_ws/install/visualization_msgs:/home/simulations/ros2_sims_ws/install/test_msgs:/home/simulations/ros2_sims_ws/install/example_interfaces:/home/simulations/ros2_sims_ws/install/action_msgs:/home/simulations/ros2_sims_ws/install/unique_identifier_msgs:/home/simulations/ros2_sims_ws/install/trajectory_msgs:/home/simulations/ros2_sims_ws/install/test_interface_files:/home/simulations/ros2_sims_ws/install/stereo_msgs:/home/simulations/ros2_sims_ws/install/std_srvs:/home/simulations/ros2_sims_ws/install/shape_msgs:/home/simulations/ros2_sims_ws/install/sensor_msgs:/home/simulations/ros2_sims_ws/install/nav_msgs:/home/simulations/ros2_sims_ws/install/diagnostic_msgs:/home/simulations/ros2_sims_ws/install/geometry_msgs:/home/simulations/ros2_sims_ws/install/actionlib_msgs:/home/simulations/ros2_sims_ws/install/std_msgs:/home/simulations/ros2_sims_ws/install/statistics_msgs:/home/simulations/ros2_sims_ws/install/rosgraph_msgs:/home/simulations/ros2_sims_ws/install/rclrs_example_msgs:/home/simulations/ros2_sims_ws/install/composition_interfaces:/home/simulations/ros2_sims_ws/install/rcl_interfaces:/home/simulations/ros2_sims_ws/install/lifecycle_msgs:/home/simulations/ros2_sims_ws/install/builtin_interfaces:/home/simulations/ros2_sims_ws/install/rosidl_default_runtime:/home/simulations/ros2_sims_ws/install/rosidl_default_generators:/home/simulations/ros2_sims_ws/install/rosidl_generator_rs:/home/user/ros2_ws/install/web_interface:/home/user/ros2_ws/install/web_video_server:/home/user/ros2_ws/install/ur_simulation_gazebo:/home/user/ros2_ws/install/ur3e_moveit_config:/home/user/ros2_ws/install/test_moveit_config:/home/user/ros2_ws/install/real_moveit_config:/home/user/ros2_ws/install/my_moveit_config:/home/user/ros2_ws/install/ur_description:/home/user/ros2_ws/install/the_construct_office_gazebo:/home/user/ros2_ws/install/tf2_web_republisher:/home/user/ros2_ws/install/ros_testing:/home/user/ros2_ws/install/robotnik_sensors_gazebo:/home/user/ros2_ws/install/robotnik_sensors:/home/user/ros2_ws/install/robotiq_85_gripper:/home/user/ros2_ws/install/robotiq_85_msgs:/home/user/ros2_ws/install/robotiq_85_description:/home/user/ros2_ws/install/rg2_gripper_description:/home/user/ros2_ws/install/pilz_industrial_motion_planner_testutils:/home/user/ros2_ws/install/moveit_runtime:/home/user/ros2_ws/install/moveit:/home/user/ros2_ws/install/moveit_planners:/home/user/ros2_ws/install/pilz_industrial_motion_planner:/home/user/ros2_ws/install/moveit_ros_control_interface:/home/user/ros2_ws/install/moveit_plugins:/home/user/ros2_ws/install/moveit_simple_controller_manager:/home/user/ros2_ws/install/moveit_setup_assistant:/home/user/ros2_ws/install/moveit_setup_srdf_plugins:/home/user/ros2_ws/install/moveit_setup_core_plugins:/home/user/ros2_ws/install/moveit_setup_controllers:/home/user/ros2_ws/install/moveit_setup_app_plugins:/home/user/ros2_ws/install/moveit_setup_framework:/home/user/ros2_ws/install/moveit_servo:/home/user/ros2_ws/install/moveit_ros:/home/user/ros2_ws/install/moveit_ros_visualization:/home/user/ros2_ws/install/moveit_hybrid_planning:/home/user/ros2_ws/install/moveit2_scripts:/home/user/ros2_ws/install/moveit_ros_planning_interface:/home/user/ros2_ws/install/moveit_ros_benchmarks:/home/user/ros2_ws/install/moveit_ros_warehouse:/home/user/ros2_ws/install/moveit_ros_robot_interaction:/home/user/ros2_ws/install/moveit_ros_perception:/home/user/ros2_ws/install/moveit_resources_prbt_pg70_support:/home/user/ros2_ws/install/moveit_resources_prbt_moveit_config:/home/user/ros2_ws/install/moveit_ros_move_group:/home/user/ros2_ws/install/moveit_planners_ompl:/home/user/ros2_ws/install/moveit_ros_planning:/home/user/ros2_ws/install/moveit_ros_occupancy_map_monitor:/home/user/ros2_ws/install/moveit_resources_prbt_support:/home/user/ros2_ws/install/moveit_resources_prbt_ikfast_manipulator_plugin:/home/user/ros2_ws/install/moveit_planners_chomp:/home/user/ros2_ws/install/moveit_kinematics:/home/user/ros2_ws/install/moveit_chomp_optimizer_adapter:/home/user/ros2_ws/install/chomp_motion_planner:/home/user/ros2_ws/install/moveit_core:/home/user/ros2_ws/install/moveit_common:/home/user/ros2_ws/install/main_navigation:/home/user/ros2_ws/install/get_cube_pose:/home/user/ros2_ws/install/gazebo_grasp_plugin_ros:/home/user/ros2_ws/install/gazebo_grasp_plugin:/home/user/ros2_ws/install/gazebo_version_helpers:/home/user/ros2_ws/install/gazebo_ros2_control_demos:/home/user/ros2_ws/install/gazebo_ros2_control:/home/user/ros2_ws/install/barista_table_finder:/home/user/ros2_ws/install/barista_gazebo:/home/user/ros2_ws/install/barista_extra_models:/home/user/ros2_ws/install/barista_dock_charger_station:/home/user/ros2_ws/install/barista_description:/home/user/ros2_ws/install/barista_alignment:/home/simulations/ros2_sims_ws/install/rclrs_tests:/home/simulations/ros2_sims_ws/install/examples_rclrs_minimal_client_service:/home/simulations/ros2_sims_ws/install/sensor_msgs_py:/home/simulations/ros2_sims_ws/install/examples_rclrs_minimal_pub_sub:/home/simulations/ros2_sims_ws/install/examples_rclrs_message_demo:/home/simulations/ros2_sims_ws/install/rclrs:/home/simulations/ros2_sims_ws/install/rosidl_runtime_rs:/home/user/ros2_ws/install/tf2_web_republisher_py:/home/user/ros2_ws/install/ros2test:/home/user/ros2_ws/install/robotiq_85_driver:/home/user/ros2_ws/install/path_planner_server:/home/user/ros2_ws/install/moveit_configs_utils:/home/user/ros2_ws/install/localization_server:/home/user/ros2_ws/install/cartographer_slam:/opt/ros/humble:/home/user/ros2_ws/install/async_web_server_cpp _=/usr/bin/env /usr/bin/cmake --build /home/user/FinalProject/ros2_ws/build/hole_detector -- -j8 -l8
[0.516s] [  3%] [34m[1mGenerating Rust code for ROS interfaces[0m
[1.341s] [  3%] Built target hole_detector__rs
[1.514s] [  3%] Built target ament_cmake_python_copy_hole_detector
[1.611s] [  6%] Built target hole_detector__cpp
[2.289s] running egg_info
[2.292s] writing hole_detector.egg-info/PKG-INFO
[2.292s] writing dependency_links to hole_detector.egg-info/dependency_links.txt
[2.292s] writing top-level names to hole_detector.egg-info/top_level.txt
[2.295s] reading manifest file 'hole_detector.egg-info/SOURCES.txt'
[2.297s] writing manifest file 'hole_detector.egg-info/SOURCES.txt'
[2.392s] [  6%] Built target ament_cmake_python_build_hole_detector_egg
[2.495s] [ 15%] Built target hole_detector__rosidl_typesupport_cpp
[2.570s] [ 25%] Built target hole_detector__rosidl_typesupport_introspection_cpp
[2.690s] [ 34%] Built target hole_detector__rosidl_typesupport_fastrtps_cpp
[2.791s] [ 43%] Built target hole_detector__rosidl_generator_c
[2.921s] [ 53%] Built target hole_detector__rosidl_typesupport_fastrtps_c
[2.994s] [ 62%] Built target hole_detector__rosidl_typesupport_c
[3.092s] [ 71%] Built target hole_detector__rosidl_typesupport_introspection_c
[3.234s] [ 71%] Built target hole_detector
[3.389s] [ 75%] Built target hole_detector__py
[3.480s] [ 81%] Built target hole_detector__rosidl_generator_py
[3.571s] [ 87%] Built target hole_detector__rosidl_typesupport_fastrtps_c__pyext
[3.681s] [ 93%] Built target hole_detector__rosidl_typesupport_c__pyext
[3.877s] [100%] Built target hole_detector__rosidl_typesupport_introspection_c__pyext
[3.901s] Invoked command in '/home/user/FinalProject/ros2_ws/build/hole_detector' returned '0': CMAKE_PREFIX_PATH=/home/user/FinalProject/ros2_ws/install/web_video_server:/home/user/FinalProject/ros2_ws/install/ur_simulation_gazebo:/home/user/FinalProject/ros2_ws/install/real_my_moveit_config:/home/user/FinalProject/ros2_ws/install/my_moveit_config:/home/user/FinalProject/ros2_ws/install/ur_description:/home/user/FinalProject/ros2_ws/install/the_construct_office_gazebo:/home/user/FinalProject/ros2_ws/install/robotnik_sensors:/home/user/FinalProject/ros2_ws/install/rg2_gripper_description:/home/user/FinalProject/ros2_ws/install/pick_and_place:/home/user/FinalProject/ros2_ws/install/hole_detector:/home/user/FinalProject/ros2_ws/install/gazebo_ros_pkgs:/home/user/FinalProject/ros2_ws/install/gazebo_plugins:/home/user/FinalProject/ros2_ws/install/gazebo_ros:/home/user/FinalProject/ros2_ws/install/gazebo_msgs:/home/user/FinalProject/ros2_ws/install/gazebo_dev:/home/simulations/ros2_sims_ws/install/common_interfaces:/home/simulations/ros2_sims_ws/install/visualization_msgs:/home/simulations/ros2_sims_ws/install/test_msgs:/home/simulations/ros2_sims_ws/install/example_interfaces:/home/simulations/ros2_sims_ws/install/action_msgs:/home/simulations/ros2_sims_ws/install/unique_identifier_msgs:/home/simulations/ros2_sims_ws/install/trajectory_msgs:/home/simulations/ros2_sims_ws/install/test_interface_files:/home/simulations/ros2_sims_ws/install/stereo_msgs:/home/simulations/ros2_sims_ws/install/std_srvs:/home/simulations/ros2_sims_ws/install/shape_msgs:/home/simulations/ros2_sims_ws/install/sensor_msgs:/home/simulations/ros2_sims_ws/install/nav_msgs:/home/simulations/ros2_sims_ws/install/diagnostic_msgs:/home/simulations/ros2_sims_ws/install/geometry_msgs:/home/simulations/ros2_sims_ws/install/actionlib_msgs:/home/simulations/ros2_sims_ws/install/std_msgs:/home/simulations/ros2_sims_ws/install/statistics_msgs:/home/simulations/ros2_sims_ws/install/rosgraph_msgs:/home/simulations/ros2_sims_ws/install/rclrs_example_msgs:/home/simulations/ros2_sims_ws/install/composition_interfaces:/home/simulations/ros2_sims_ws/install/rcl_interfaces:/home/simulations/ros2_sims_ws/install/lifecycle_msgs:/home/simulations/ros2_sims_ws/install/builtin_interfaces:/home/simulations/ros2_sims_ws/install/rosidl_default_runtime:/home/simulations/ros2_sims_ws/install/rosidl_default_generators:/home/simulations/ros2_sims_ws/install/rosidl_generator_rs:/home/user/ros2_ws/install/web_interface:/home/user/ros2_ws/install/web_video_server:/home/user/ros2_ws/install/ur_simulation_gazebo:/home/user/ros2_ws/install/ur3e_moveit_config:/home/user/ros2_ws/install/test_moveit_config:/home/user/ros2_ws/install/real_moveit_config:/home/user/ros2_ws/install/my_moveit_config:/home/user/ros2_ws/install/ur_description:/home/user/ros2_ws/install/the_construct_office_gazebo:/home/user/ros2_ws/install/tf2_web_republisher:/home/user/ros2_ws/install/ros_testing:/home/user/ros2_ws/install/robotnik_sensors_gazebo:/home/user/ros2_ws/install/robotnik_sensors:/home/user/ros2_ws/install/robotiq_85_gripper:/home/user/ros2_ws/install/robotiq_85_msgs:/home/user/ros2_ws/install/robotiq_85_description:/home/user/ros2_ws/install/rg2_gripper_description:/home/user/ros2_ws/install/pilz_industrial_motion_planner_testutils:/home/user/ros2_ws/install/moveit_runtime:/home/user/ros2_ws/install/moveit:/home/user/ros2_ws/install/moveit_planners:/home/user/ros2_ws/install/pilz_industrial_motion_planner:/home/user/ros2_ws/install/moveit_ros_control_interface:/home/user/ros2_ws/install/moveit_plugins:/home/user/ros2_ws/install/moveit_simple_controller_manager:/home/user/ros2_ws/install/moveit_setup_assistant:/home/user/ros2_ws/install/moveit_setup_srdf_plugins:/home/user/ros2_ws/install/moveit_setup_core_plugins:/home/user/ros2_ws/install/moveit_setup_controllers:/home/user/ros2_ws/install/moveit_setup_app_plugins:/home/user/ros2_ws/install/moveit_setup_framework:/home/user/ros2_ws/install/moveit_servo:/home/user/ros2_ws/install/moveit_ros:/home/user/ros2_ws/install/moveit_ros_visualization:/home/user/ros2_ws/install/moveit_hybrid_planning:/home/user/ros2_ws/install/moveit2_scripts:/home/user/ros2_ws/install/moveit_ros_planning_interface:/home/user/ros2_ws/install/moveit_ros_benchmarks:/home/user/ros2_ws/install/moveit_ros_warehouse:/home/user/ros2_ws/install/moveit_ros_robot_interaction:/home/user/ros2_ws/install/moveit_ros_perception:/home/user/ros2_ws/install/moveit_resources_prbt_pg70_support:/home/user/ros2_ws/install/moveit_resources_prbt_moveit_config:/home/user/ros2_ws/install/moveit_ros_move_group:/home/user/ros2_ws/install/moveit_planners_ompl:/home/user/ros2_ws/install/moveit_ros_planning:/home/user/ros2_ws/install/moveit_ros_occupancy_map_monitor:/home/user/ros2_ws/install/moveit_resources_prbt_support:/home/user/ros2_ws/install/moveit_resources_prbt_ikfast_manipulator_plugin:/home/user/ros2_ws/install/moveit_planners_chomp:/home/user/ros2_ws/install/moveit_kinematics:/home/user/ros2_ws/install/moveit_chomp_optimizer_adapter:/home/user/ros2_ws/install/chomp_motion_planner:/home/user/ros2_ws/install/moveit_core:/home/user/ros2_ws/install/moveit_common:/home/user/ros2_ws/install/main_navigation:/home/user/ros2_ws/install/get_cube_pose:/home/user/ros2_ws/install/gazebo_grasp_plugin_ros:/home/user/ros2_ws/install/gazebo_grasp_plugin:/home/user/ros2_ws/install/gazebo_version_helpers:/home/user/ros2_ws/install/gazebo_ros2_control_demos:/home/user/ros2_ws/install/gazebo_ros2_control:/home/user/ros2_ws/install/barista_table_finder:/home/user/ros2_ws/install/barista_gazebo:/home/user/ros2_ws/install/barista_extra_models:/home/user/ros2_ws/install/barista_dock_charger_station:/home/user/ros2_ws/install/barista_description:/home/user/ros2_ws/install/barista_alignment:/home/simulations/ros2_sims_ws/install/rclrs_tests:/home/simulations/ros2_sims_ws/install/examples_rclrs_minimal_client_service:/home/simulations/ros2_sims_ws/install/sensor_msgs_py:/home/simulations/ros2_sims_ws/install/examples_rclrs_minimal_pub_sub:/home/simulations/ros2_sims_ws/install/examples_rclrs_message_demo:/home/simulations/ros2_sims_ws/install/rclrs:/home/simulations/ros2_sims_ws/install/rosidl_runtime_rs:/home/user/ros2_ws/install/tf2_web_republisher_py:/home/user/ros2_ws/install/ros2test:/home/user/ros2_ws/install/robotiq_85_driver:/home/user/ros2_ws/install/path_planner_server:/home/user/ros2_ws/install/moveit_configs_utils:/home/user/ros2_ws/install/localization_server:/home/user/ros2_ws/install/cartographer_slam:/opt/ros/humble:/home/user/ros2_ws/install/async_web_server_cpp _=/usr/bin/env /usr/bin/cmake --build /home/user/FinalProject/ros2_ws/build/hole_detector -- -j8 -l8
[4.524s] Invoking command in '/home/user/FinalProject/ros2_ws/build/hole_detector': CMAKE_PREFIX_PATH=/home/user/FinalProject/ros2_ws/install/web_video_server:/home/user/FinalProject/ros2_ws/install/ur_simulation_gazebo:/home/user/FinalProject/ros2_ws/install/real_my_moveit_config:/home/user/FinalProject/ros2_ws/install/my_moveit_config:/home/user/FinalProject/ros2_ws/install/ur_description:/home/user/FinalProject/ros2_ws/install/the_construct_office_gazebo:/home/user/FinalProject/ros2_ws/install/robotnik_sensors:/home/user/FinalProject/ros2_ws/install/rg2_gripper_description:/home/user/FinalProject/ros2_ws/install/pick_and_place:/home/user/FinalProject/ros2_ws/install/hole_detector:/home/user/FinalProject/ros2_ws/install/gazebo_ros_pkgs:/home/user/FinalProject/ros2_ws/install/gazebo_plugins:/home/user/FinalProject/ros2_ws/install/gazebo_ros:/home/user/FinalProject/ros2_ws/install/gazebo_msgs:/home/user/FinalProject/ros2_ws/install/gazebo_dev:/home/simulations/ros2_sims_ws/install/common_interfaces:/home/simulations/ros2_sims_ws/install/visualization_msgs:/home/simulations/ros2_sims_ws/install/test_msgs:/home/simulations/ros2_sims_ws/install/example_interfaces:/home/simulations/ros2_sims_ws/install/action_msgs:/home/simulations/ros2_sims_ws/install/unique_identifier_msgs:/home/simulations/ros2_sims_ws/install/trajectory_msgs:/home/simulations/ros2_sims_ws/install/test_interface_files:/home/simulations/ros2_sims_ws/install/stereo_msgs:/home/simulations/ros2_sims_ws/install/std_srvs:/home/simulations/ros2_sims_ws/install/shape_msgs:/home/simulations/ros2_sims_ws/install/sensor_msgs:/home/simulations/ros2_sims_ws/install/nav_msgs:/home/simulations/ros2_sims_ws/install/diagnostic_msgs:/home/simulations/ros2_sims_ws/install/geometry_msgs:/home/simulations/ros2_sims_ws/install/actionlib_msgs:/home/simulations/ros2_sims_ws/install/std_msgs:/home/simulations/ros2_sims_ws/install/statistics_msgs:/home/simulations/ros2_sims_ws/install/rosgraph_msgs:/home/simulations/ros2_sims_ws/install/rclrs_example_msgs:/home/simulations/ros2_sims_ws/install/composition_interfaces:/home/simulations/ros2_sims_ws/install/rcl_interfaces:/home/simulations/ros2_sims_ws/install/lifecycle_msgs:/home/simulations/ros2_sims_ws/install/builtin_interfaces:/home/simulations/ros2_sims_ws/install/rosidl_default_runtime:/home/simulations/ros2_sims_ws/install/rosidl_default_generators:/home/simulations/ros2_sims_ws/install/rosidl_generator_rs:/home/user/ros2_ws/install/web_interface:/home/user/ros2_ws/install/web_video_server:/home/user/ros2_ws/install/ur_simulation_gazebo:/home/user/ros2_ws/install/ur3e_moveit_config:/home/user/ros2_ws/install/test_moveit_config:/home/user/ros2_ws/install/real_moveit_config:/home/user/ros2_ws/install/my_moveit_config:/home/user/ros2_ws/install/ur_description:/home/user/ros2_ws/install/the_construct_office_gazebo:/home/user/ros2_ws/install/tf2_web_republisher:/home/user/ros2_ws/install/ros_testing:/home/user/ros2_ws/install/robotnik_sensors_gazebo:/home/user/ros2_ws/install/robotnik_sensors:/home/user/ros2_ws/install/robotiq_85_gripper:/home/user/ros2_ws/install/robotiq_85_msgs:/home/user/ros2_ws/install/robotiq_85_description:/home/user/ros2_ws/install/rg2_gripper_description:/home/user/ros2_ws/install/pilz_industrial_motion_planner_testutils:/home/user/ros2_ws/install/moveit_runtime:/home/user/ros2_ws/install/moveit:/home/user/ros2_ws/install/moveit_planners:/home/user/ros2_ws/install/pilz_industrial_motion_planner:/home/user/ros2_ws/install/moveit_ros_control_interface:/home/user/ros2_ws/install/moveit_plugins:/home/user/ros2_ws/install/moveit_simple_controller_manager:/home/user/ros2_ws/install/moveit_setup_assistant:/home/user/ros2_ws/install/moveit_setup_srdf_plugins:/home/user/ros2_ws/install/moveit_setup_core_plugins:/home/user/ros2_ws/install/moveit_setup_controllers:/home/user/ros2_ws/install/moveit_setup_app_plugins:/home/user/ros2_ws/install/moveit_setup_framework:/home/user/ros2_ws/install/moveit_servo:/home/user/ros2_ws/install/moveit_ros:/home/user/ros2_ws/install/moveit_ros_visualization:/home/user/ros2_ws/install/moveit_hybrid_planning:/home/user/ros2_ws/install/moveit2_scripts:/home/user/ros2_ws/install/moveit_ros_planning_interface:/home/user/ros2_ws/install/moveit_ros_benchmarks:/home/user/ros2_ws/install/moveit_ros_warehouse:/home/user/ros2_ws/install/moveit_ros_robot_interaction:/home/user/ros2_ws/install/moveit_ros_perception:/home/user/ros2_ws/install/moveit_resources_prbt_pg70_support:/home/user/ros2_ws/install/moveit_resources_prbt_moveit_config:/home/user/ros2_ws/install/moveit_ros_move_group:/home/user/ros2_ws/install/moveit_planners_ompl:/home/user/ros2_ws/install/moveit_ros_planning:/home/user/ros2_ws/install/moveit_ros_occupancy_map_monitor:/home/user/ros2_ws/install/moveit_resources_prbt_support:/home/user/ros2_ws/install/moveit_resources_prbt_ikfast_manipulator_plugin:/home/user/ros2_ws/install/moveit_planners_chomp:/home/user/ros2_ws/install/moveit_kinematics:/home/user/ros2_ws/install/moveit_chomp_optimizer_adapter:/home/user/ros2_ws/install/chomp_motion_planner:/home/user/ros2_ws/install/moveit_core:/home/user/ros2_ws/install/moveit_common:/home/user/ros2_ws/install/main_navigation:/home/user/ros2_ws/install/get_cube_pose:/home/user/ros2_ws/install/gazebo_grasp_plugin_ros:/home/user/ros2_ws/install/gazebo_grasp_plugin:/home/user/ros2_ws/install/gazebo_version_helpers:/home/user/ros2_ws/install/gazebo_ros2_control_demos:/home/user/ros2_ws/install/gazebo_ros2_control:/home/user/ros2_ws/install/barista_table_finder:/home/user/ros2_ws/install/barista_gazebo:/home/user/ros2_ws/install/barista_extra_models:/home/user/ros2_ws/install/barista_dock_charger_station:/home/user/ros2_ws/install/barista_description:/home/user/ros2_ws/install/barista_alignment:/home/simulations/ros2_sims_ws/install/rclrs_tests:/home/simulations/ros2_sims_ws/install/examples_rclrs_minimal_client_service:/home/simulations/ros2_sims_ws/install/sensor_msgs_py:/home/simulations/ros2_sims_ws/install/examples_rclrs_minimal_pub_sub:/home/simulations/ros2_sims_ws/install/examples_rclrs_message_demo:/home/simulations/ros2_sims_ws/install/rclrs:/home/simulations/ros2_sims_ws/install/rosidl_runtime_rs:/home/user/ros2_ws/install/tf2_web_republisher_py:/home/user/ros2_ws/install/ros2test:/home/user/ros2_ws/install/robotiq_85_driver:/home/user/ros2_ws/install/path_planner_server:/home/user/ros2_ws/install/moveit_configs_utils:/home/user/ros2_ws/install/localization_server:/home/user/ros2_ws/install/cartographer_slam:/opt/ros/humble:/home/user/ros2_ws/install/async_web_server_cpp _=/usr/bin/env /usr/bin/cmake --install /home/user/FinalProject/ros2_ws/build/hole_detector
[4.552s] -- Install configuration: ""
[4.552s] -- Up-to-date: /home/user/FinalProject/ros2_ws/install/hole_detector/share/ament_index/resource_index/rosidl_interfaces/hole_detector
[4.552s] -- Up-to-date: /home/user/FinalProject/ros2_ws/install/hole_detector/include/hole_detector/hole_detector
[4.553s] -- Up-to-date: /home/user/FinalProject/ros2_ws/install/hole_detector/include/hole_detector/hole_detector/srv
[4.553s] -- Up-to-date: /home/user/FinalProject/ros2_ws/install/hole_detector/include/hole_detector/hole_detector/srv/detail
[4.553s] -- Up-to-date: /home/user/FinalProject/ros2_ws/install/hole_detector/include/hole_detector/hole_detector/srv/detail/hole_coordinates__type_support.h
[4.553s] -- Up-to-date: /home/user/FinalProject/ros2_ws/install/hole_detector/include/hole_detector/hole_detector/srv/detail/hole_coordinates__functions.c
[4.554s] -- Up-to-date: /home/user/FinalProject/ros2_ws/install/hole_detector/include/hole_detector/hole_detector/srv/detail/hole_coordinates__struct.h
[4.554s] -- Up-to-date: /home/user/FinalProject/ros2_ws/install/hole_detector/include/hole_detector/hole_detector/srv/detail/hole_coordinates__functions.h
[4.554s] -- Up-to-date: /home/user/FinalProject/ros2_ws/install/hole_detector/include/hole_detector/hole_detector/srv/hole_coordinates.h
[4.554s] -- Up-to-date: /home/user/FinalProject/ros2_ws/install/hole_detector/include/hole_detector/hole_detector/msg
[4.554s] -- Up-to-date: /home/user/FinalProject/ros2_ws/install/hole_detector/include/hole_detector/hole_detector/msg/rosidl_generator_c__visibility_control.h
[4.555s] -- Up-to-date: /home/user/FinalProject/ros2_ws/install/hole_detector/share/hole_detector/environment/library_path.sh
[4.555s] -- Up-to-date: /home/user/FinalProject/ros2_ws/install/hole_detector/share/hole_detector/environment/library_path.dsv
[4.555s] -- Up-to-date: /home/user/FinalProject/ros2_ws/install/hole_detector/lib/libhole_detector__rosidl_generator_c.so
[4.556s] -- Up-to-date: /home/user/FinalProject/ros2_ws/install/hole_detector/include/hole_detector/hole_detector
[4.557s] -- Up-to-date: /home/user/FinalProject/ros2_ws/install/hole_detector/include/hole_detector/hole_detector/srv
[4.558s] -- Up-to-date: /home/user/FinalProject/ros2_ws/install/hole_detector/include/hole_detector/hole_detector/srv/detail
[4.558s] -- Up-to-date: /home/user/FinalProject/ros2_ws/install/hole_detector/include/hole_detector/hole_detector/srv/detail/hole_coordinates__rosidl_typesupport_fastrtps_c.h
[4.558s] -- Up-to-date: /home/user/FinalProject/ros2_ws/install/hole_detector/include/hole_detector/hole_detector/msg
[4.558s] -- Up-to-date: /home/user/FinalProject/ros2_ws/install/hole_detector/include/hole_detector/hole_detector/msg/rosidl_typesupport_fastrtps_c__visibility_control.h
[4.559s] -- Up-to-date: /home/user/FinalProject/ros2_ws/install/hole_detector/lib/libhole_detector__rosidl_typesupport_fastrtps_c.so
[4.559s] -- Up-to-date: /home/user/FinalProject/ros2_ws/install/hole_detector/include/hole_detector/hole_detector
[4.560s] -- Up-to-date: /home/user/FinalProject/ros2_ws/install/hole_detector/include/hole_detector/hole_detector/srv
[4.560s] -- Up-to-date: /home/user/FinalProject/ros2_ws/install/hole_detector/include/hole_detector/hole_detector/srv/detail
[4.560s] -- Up-to-date: /home/user/FinalProject/ros2_ws/install/hole_detector/include/hole_detector/hole_detector/srv/detail/hole_coordinates__traits.hpp
[4.560s] -- Up-to-date: /home/user/FinalProject/ros2_ws/install/hole_detector/include/hole_detector/hole_detector/srv/detail/hole_coordinates__builder.hpp
[4.561s] -- Up-to-date: /home/user/FinalProject/ros2_ws/install/hole_detector/include/hole_detector/hole_detector/srv/detail/hole_coordinates__struct.hpp
[4.561s] -- Up-to-date: /home/user/FinalProject/ros2_ws/install/hole_detector/include/hole_detector/hole_detector/srv/hole_coordinates.hpp
[4.561s] -- Up-to-date: /home/user/FinalProject/ros2_ws/install/hole_detector/include/hole_detector/hole_detector
[4.561s] -- Up-to-date: /home/user/FinalProject/ros2_ws/install/hole_detector/include/hole_detector/hole_detector/srv
[4.562s] -- Up-to-date: /home/user/FinalProject/ros2_ws/install/hole_detector/include/hole_detector/hole_detector/srv/detail
[4.562s] -- Up-to-date: /home/user/FinalProject/ros2_ws/install/hole_detector/include/hole_detector/hole_detector/srv/detail/dds_fastrtps
[4.562s] -- Up-to-date: /home/user/FinalProject/ros2_ws/install/hole_detector/include/hole_detector/hole_detector/srv/detail/hole_coordinates__rosidl_typesupport_fastrtps_cpp.hpp
[4.562s] -- Up-to-date: /home/user/FinalProject/ros2_ws/install/hole_detector/include/hole_detector/hole_detector/msg
[4.563s] -- Up-to-date: /home/user/FinalProject/ros2_ws/install/hole_detector/include/hole_detector/hole_detector/msg/rosidl_typesupport_fastrtps_cpp__visibility_control.h
[4.563s] -- Up-to-date: /home/user/FinalProject/ros2_ws/install/hole_detector/lib/libhole_detector__rosidl_typesupport_fastrtps_cpp.so
[4.563s] -- Up-to-date: /home/user/FinalProject/ros2_ws/install/hole_detector/include/hole_detector/hole_detector
[4.564s] -- Up-to-date: /home/user/FinalProject/ros2_ws/install/hole_detector/include/hole_detector/hole_detector/srv
[4.564s] -- Up-to-date: /home/user/FinalProject/ros2_ws/install/hole_detector/include/hole_detector/hole_detector/srv/detail
[4.564s] -- Up-to-date: /home/user/FinalProject/ros2_ws/install/hole_detector/include/hole_detector/hole_detector/srv/detail/hole_coordinates__type_support.c
[4.565s] -- Up-to-date: /home/user/FinalProject/ros2_ws/install/hole_detector/include/hole_detector/hole_detector/srv/detail/hole_coordinates__rosidl_typesupport_introspection_c.h
[4.565s] -- Up-to-date: /home/user/FinalProject/ros2_ws/install/hole_detector/include/hole_detector/hole_detector/msg
[4.565s] -- Up-to-date: /home/user/FinalProject/ros2_ws/install/hole_detector/include/hole_detector/hole_detector/msg/rosidl_typesupport_introspection_c__visibility_control.h
[4.565s] -- Up-to-date: /home/user/FinalProject/ros2_ws/install/hole_detector/lib/libhole_detector__rosidl_typesupport_introspection_c.so
[4.566s] -- Up-to-date: /home/user/FinalProject/ros2_ws/install/hole_detector/lib/libhole_detector__rosidl_typesupport_c.so
[4.566s] -- Up-to-date: /home/user/FinalProject/ros2_ws/install/hole_detector/include/hole_detector/hole_detector
[4.567s] -- Up-to-date: /home/user/FinalProject/ros2_ws/install/hole_detector/include/hole_detector/hole_detector/srv
[4.567s] -- Up-to-date: /home/user/FinalProject/ros2_ws/install/hole_detector/include/hole_detector/hole_detector/srv/detail
[4.567s] -- Up-to-date: /home/user/FinalProject/ros2_ws/install/hole_detector/include/hole_detector/hole_detector/srv/detail/hole_coordinates__rosidl_typesupport_introspection_cpp.hpp
[4.567s] -- Up-to-date: /home/user/FinalProject/ros2_ws/install/hole_detector/include/hole_detector/hole_detector/srv/detail/hole_coordinates__type_support.cpp
[4.567s] -- Up-to-date: /home/user/FinalProject/ros2_ws/install/hole_detector/lib/libhole_detector__rosidl_typesupport_introspection_cpp.so
[4.568s] -- Up-to-date: /home/user/FinalProject/ros2_ws/install/hole_detector/lib/libhole_detector__rosidl_typesupport_cpp.so
[4.568s] -- Up-to-date: /home/user/FinalProject/ros2_ws/install/hole_detector/share/ament_index/resource_index/rust_packages/hole_detector
[4.568s] -- Up-to-date: /home/user/FinalProject/ros2_ws/install/hole_detector/share/hole_detector/rust
[4.568s] -- Installing: /home/user/FinalProject/ros2_ws/install/hole_detector/share/hole_detector/rust/Cargo.toml
[4.568s] -- Up-to-date: /home/user/FinalProject/ros2_ws/install/hole_detector/share/hole_detector/rust/src
[4.568s] -- Installing: /home/user/FinalProject/ros2_ws/install/hole_detector/share/hole_detector/rust/src/srv.rs
[4.569s] -- Installing: /home/user/FinalProject/ros2_ws/install/hole_detector/share/hole_detector/rust/src/lib.rs
[4.569s] -- Installing: /home/user/FinalProject/ros2_ws/install/hole_detector/share/hole_detector/rust/build.rs
[4.569s] -- Up-to-date: /home/user/FinalProject/ros2_ws/install/hole_detector/share/hole_detector/rust
[4.569s] -- Up-to-date: /home/user/FinalProject/ros2_ws/install/hole_detector/share/hole_detector/rust/Cargo.toml
[4.569s] -- Up-to-date: /home/user/FinalProject/ros2_ws/install/hole_detector/share/hole_detector/rust/src
[4.569s] -- Up-to-date: /home/user/FinalProject/ros2_ws/install/hole_detector/share/hole_detector/rust/src/srv.rs
[4.569s] -- Up-to-date: /home/user/FinalProject/ros2_ws/install/hole_detector/share/hole_detector/rust/src/lib.rs
[4.570s] -- Up-to-date: /home/user/FinalProject/ros2_ws/install/hole_detector/share/hole_detector/rust/build.rs
[4.570s] -- Up-to-date: /home/user/FinalProject/ros2_ws/install/hole_detector/share/hole_detector/rust
[4.570s] -- Up-to-date: /home/user/FinalProject/ros2_ws/install/hole_detector/share/hole_detector/rust/Cargo.toml
[4.570s] -- Up-to-date: /home/user/FinalProject/ros2_ws/install/hole_detector/share/hole_detector/rust/src
[4.570s] -- Up-to-date: /home/user/FinalProject/ros2_ws/install/hole_detector/share/hole_detector/rust/src/srv.rs
[4.570s] -- Up-to-date: /home/user/FinalProject/ros2_ws/install/hole_detector/share/hole_detector/rust/src/lib.rs
[4.570s] -- Up-to-date: /home/user/FinalProject/ros2_ws/install/hole_detector/share/hole_detector/rust/build.rs
[4.570s] -- Up-to-date: /home/user/FinalProject/ros2_ws/install/hole_detector/share/hole_detector/environment/pythonpath.sh
[4.570s] -- Up-to-date: /home/user/FinalProject/ros2_ws/install/hole_detector/share/hole_detector/environment/pythonpath.dsv
[4.571s] -- Up-to-date: /home/user/FinalProject/ros2_ws/install/hole_detector/local/lib/python3.10/dist-packages/hole_detector-0.0.0-py3.10.egg-info
[4.571s] -- Installing: /home/user/FinalProject/ros2_ws/install/hole_detector/local/lib/python3.10/dist-packages/hole_detector-0.0.0-py3.10.egg-info/PKG-INFO
[4.571s] -- Installing: /home/user/FinalProject/ros2_ws/install/hole_detector/local/lib/python3.10/dist-packages/hole_detector-0.0.0-py3.10.egg-info/top_level.txt
[4.571s] -- Installing: /home/user/FinalProject/ros2_ws/install/hole_detector/local/lib/python3.10/dist-packages/hole_detector-0.0.0-py3.10.egg-info/SOURCES.txt
[4.571s] -- Installing: /home/user/FinalProject/ros2_ws/install/hole_detector/local/lib/python3.10/dist-packages/hole_detector-0.0.0-py3.10.egg-info/dependency_links.txt
[4.572s] -- Up-to-date: /home/user/FinalProject/ros2_ws/install/hole_detector/local/lib/python3.10/dist-packages/hole_detector
[4.572s] -- Up-to-date: /home/user/FinalProject/ros2_ws/install/hole_detector/local/lib/python3.10/dist-packages/hole_detector/srv
[4.572s] -- Up-to-date: /home/user/FinalProject/ros2_ws/install/hole_detector/local/lib/python3.10/dist-packages/hole_detector/srv/_hole_coordinates_s.c
[4.572s] -- Up-to-date: /home/user/FinalProject/ros2_ws/install/hole_detector/local/lib/python3.10/dist-packages/hole_detector/srv/__init__.py
[4.572s] -- Up-to-date: /home/user/FinalProject/ros2_ws/install/hole_detector/local/lib/python3.10/dist-packages/hole_detector/srv/_hole_coordinates.py
[4.572s] -- Up-to-date: /home/user/FinalProject/ros2_ws/install/hole_detector/local/lib/python3.10/dist-packages/hole_detector/libhole_detector__rosidl_generator_py.so
[4.572s] -- Up-to-date: /home/user/FinalProject/ros2_ws/install/hole_detector/local/lib/python3.10/dist-packages/hole_detector/_hole_detector_s.ep.rosidl_typesupport_introspection_c.c
[4.572s] -- Up-to-date: /home/user/FinalProject/ros2_ws/install/hole_detector/local/lib/python3.10/dist-packages/hole_detector/hole_detector_s__rosidl_typesupport_c.cpython-310-x86_64-linux-gnu.so
[4.572s] -- Up-to-date: /home/user/FinalProject/ros2_ws/install/hole_detector/local/lib/python3.10/dist-packages/hole_detector/__init__.py
[4.572s] -- Up-to-date: /home/user/FinalProject/ros2_ws/install/hole_detector/local/lib/python3.10/dist-packages/hole_detector/hole_detector_s__rosidl_typesupport_introspection_c.cpython-310-x86_64-linux-gnu.so
[4.572s] -- Up-to-date: /home/user/FinalProject/ros2_ws/install/hole_detector/local/lib/python3.10/dist-packages/hole_detector/_hole_detector_s.ep.rosidl_typesupport_fastrtps_c.c
[4.573s] -- Up-to-date: /home/user/FinalProject/ros2_ws/install/hole_detector/local/lib/python3.10/dist-packages/hole_detector/_hole_detector_s.ep.rosidl_typesupport_c.c
[4.573s] -- Up-to-date: /home/user/FinalProject/ros2_ws/install/hole_detector/local/lib/python3.10/dist-packages/hole_detector/hole_detector_s__rosidl_typesupport_fastrtps_c.cpython-310-x86_64-linux-gnu.so
[4.711s] Listing '/home/user/FinalProject/ros2_ws/install/hole_detector/local/lib/python3.10/dist-packages/hole_detector'...
[4.711s] Listing '/home/user/FinalProject/ros2_ws/install/hole_detector/local/lib/python3.10/dist-packages/hole_detector/srv'...
[4.717s] -- Up-to-date: /home/user/FinalProject/ros2_ws/install/hole_detector/local/lib/python3.10/dist-packages/hole_detector/hole_detector_s__rosidl_typesupport_fastrtps_c.cpython-310-x86_64-linux-gnu.so
[4.719s] -- Up-to-date: /home/user/FinalProject/ros2_ws/install/hole_detector/local/lib/python3.10/dist-packages/hole_detector/hole_detector_s__rosidl_typesupport_introspection_c.cpython-310-x86_64-linux-gnu.so
[4.719s] -- Up-to-date: /home/user/FinalProject/ros2_ws/install/hole_detector/local/lib/python3.10/dist-packages/hole_detector/hole_detector_s__rosidl_typesupport_c.cpython-310-x86_64-linux-gnu.so
[4.719s] -- Up-to-date: /home/user/FinalProject/ros2_ws/install/hole_detector/lib/libhole_detector__rosidl_generator_py.so
[4.720s] -- Up-to-date: /home/user/FinalProject/ros2_ws/install/hole_detector/share/hole_detector/srv/HoleCoordinates.idl
[4.720s] -- Up-to-date: /home/user/FinalProject/ros2_ws/install/hole_detector/share/hole_detector/srv/HoleCoordinates.srv
[4.720s] -- Up-to-date: /home/user/FinalProject/ros2_ws/install/hole_detector/share/hole_detector/srv/HoleCoordinates_Request.msg
[4.720s] -- Up-to-date: /home/user/FinalProject/ros2_ws/install/hole_detector/share/hole_detector/srv/HoleCoordinates_Response.msg
[4.720s] -- Up-to-date: /home/user/FinalProject/ros2_ws/install/hole_detector/lib/hole_detector/holedetector_sim.py
[4.721s] -- Up-to-date: /home/user/FinalProject/ros2_ws/install/hole_detector/lib/hole_detector/holedetector_real.py
[4.721s] -- Up-to-date: /home/user/FinalProject/ros2_ws/install/hole_detector/share/hole_detector/launch
[4.721s] -- Up-to-date: /home/user/FinalProject/ros2_ws/install/hole_detector/share/hole_detector/launch/hole_detector_sim.launch.py
[4.721s] -- Up-to-date: /home/user/FinalProject/ros2_ws/install/hole_detector/share/hole_detector/launch/hole_detector_real.launch.py
[4.721s] -- Up-to-date: /home/user/FinalProject/ros2_ws/install/hole_detector/share/ament_index/resource_index/package_run_dependencies/hole_detector
[4.721s] -- Up-to-date: /home/user/FinalProject/ros2_ws/install/hole_detector/share/ament_index/resource_index/parent_prefix_path/hole_detector
[4.722s] -- Up-to-date: /home/user/FinalProject/ros2_ws/install/hole_detector/share/hole_detector/environment/ament_prefix_path.sh
[4.722s] -- Up-to-date: /home/user/FinalProject/ros2_ws/install/hole_detector/share/hole_detector/environment/ament_prefix_path.dsv
[4.722s] -- Up-to-date: /home/user/FinalProject/ros2_ws/install/hole_detector/share/hole_detector/environment/path.sh
[4.722s] -- Up-to-date: /home/user/FinalProject/ros2_ws/install/hole_detector/share/hole_detector/environment/path.dsv
[4.722s] -- Up-to-date: /home/user/FinalProject/ros2_ws/install/hole_detector/share/hole_detector/local_setup.bash
[4.722s] -- Up-to-date: /home/user/FinalProject/ros2_ws/install/hole_detector/share/hole_detector/local_setup.sh
[4.722s] -- Up-to-date: /home/user/FinalProject/ros2_ws/install/hole_detector/share/hole_detector/local_setup.zsh
[4.722s] -- Up-to-date: /home/user/FinalProject/ros2_ws/install/hole_detector/share/hole_detector/local_setup.dsv
[4.723s] -- Installing: /home/user/FinalProject/ros2_ws/install/hole_detector/share/hole_detector/package.dsv
[4.723s] -- Up-to-date: /home/user/FinalProject/ros2_ws/install/hole_detector/share/ament_index/resource_index/packages/hole_detector
[4.723s] -- Up-to-date: /home/user/FinalProject/ros2_ws/install/hole_detector/share/hole_detector/cmake/export_hole_detector__rosidl_generator_cExport.cmake
[4.723s] -- Up-to-date: /home/user/FinalProject/ros2_ws/install/hole_detector/share/hole_detector/cmake/export_hole_detector__rosidl_generator_cExport-noconfig.cmake
[4.723s] -- Up-to-date: /home/user/FinalProject/ros2_ws/install/hole_detector/share/hole_detector/cmake/export_hole_detector__rosidl_typesupport_fastrtps_cExport.cmake
[4.723s] -- Up-to-date: /home/user/FinalProject/ros2_ws/install/hole_detector/share/hole_detector/cmake/export_hole_detector__rosidl_typesupport_fastrtps_cExport-noconfig.cmake
[4.723s] -- Up-to-date: /home/user/FinalProject/ros2_ws/install/hole_detector/share/hole_detector/cmake/export_hole_detector__rosidl_generator_cppExport.cmake
[4.723s] -- Up-to-date: /home/user/FinalProject/ros2_ws/install/hole_detector/share/hole_detector/cmake/export_hole_detector__rosidl_typesupport_fastrtps_cppExport.cmake
[4.724s] -- Up-to-date: /home/user/FinalProject/ros2_ws/install/hole_detector/share/hole_detector/cmake/export_hole_detector__rosidl_typesupport_fastrtps_cppExport-noconfig.cmake
[4.724s] -- Up-to-date: /home/user/FinalProject/ros2_ws/install/hole_detector/share/hole_detector/cmake/hole_detector__rosidl_typesupport_introspection_cExport.cmake
[4.724s] -- Up-to-date: /home/user/FinalProject/ros2_ws/install/hole_detector/share/hole_detector/cmake/hole_detector__rosidl_typesupport_introspection_cExport-noconfig.cmake
[4.724s] -- Up-to-date: /home/user/FinalProject/ros2_ws/install/hole_detector/share/hole_detector/cmake/hole_detector__rosidl_typesupport_cExport.cmake
[4.725s] -- Up-to-date: /home/user/FinalProject/ros2_ws/install/hole_detector/share/hole_detector/cmake/hole_detector__rosidl_typesupport_cExport-noconfig.cmake
[4.725s] -- Up-to-date: /home/user/FinalProject/ros2_ws/install/hole_detector/share/hole_detector/cmake/hole_detector__rosidl_typesupport_introspection_cppExport.cmake
[4.725s] -- Up-to-date: /home/user/FinalProject/ros2_ws/install/hole_detector/share/hole_detector/cmake/hole_detector__rosidl_typesupport_introspection_cppExport-noconfig.cmake
[4.725s] -- Up-to-date: /home/user/FinalProject/ros2_ws/install/hole_detector/share/hole_detector/cmake/hole_detector__rosidl_typesupport_cppExport.cmake
[4.725s] -- Up-to-date: /home/user/FinalProject/ros2_ws/install/hole_detector/share/hole_detector/cmake/hole_detector__rosidl_typesupport_cppExport-noconfig.cmake
[4.725s] -- Up-to-date: /home/user/FinalProject/ros2_ws/install/hole_detector/share/hole_detector/cmake/export_hole_detector__rosidl_generator_pyExport.cmake
[4.725s] -- Up-to-date: /home/user/FinalProject/ros2_ws/install/hole_detector/share/hole_detector/cmake/export_hole_detector__rosidl_generator_pyExport-noconfig.cmake
[4.725s] -- Up-to-date: /home/user/FinalProject/ros2_ws/install/hole_detector/share/hole_detector/cmake/rosidl_cmake-extras.cmake
[4.725s] -- Up-to-date: /home/user/FinalProject/ros2_ws/install/hole_detector/share/hole_detector/cmake/ament_cmake_export_dependencies-extras.cmake
[4.726s] -- Up-to-date: /home/user/FinalProject/ros2_ws/install/hole_detector/share/hole_detector/cmake/ament_cmake_export_include_directories-extras.cmake
[4.726s] -- Up-to-date: /home/user/FinalProject/ros2_ws/install/hole_detector/share/hole_detector/cmake/ament_cmake_export_libraries-extras.cmake
[4.726s] -- Up-to-date: /home/user/FinalProject/ros2_ws/install/hole_detector/share/hole_detector/cmake/ament_cmake_export_targets-extras.cmake
[4.726s] -- Up-to-date: /home/user/FinalProject/ros2_ws/install/hole_detector/share/hole_detector/cmake/rosidl_cmake_export_typesupport_targets-extras.cmake
[4.726s] -- Up-to-date: /home/user/FinalProject/ros2_ws/install/hole_detector/share/hole_detector/cmake/rosidl_cmake_export_typesupport_libraries-extras.cmake
[4.726s] -- Up-to-date: /home/user/FinalProject/ros2_ws/install/hole_detector/share/hole_detector/cmake/hole_detectorConfig.cmake
[4.726s] -- Up-to-date: /home/user/FinalProject/ros2_ws/install/hole_detector/share/hole_detector/cmake/hole_detectorConfig-version.cmake
[4.726s] -- Up-to-date: /home/user/FinalProject/ros2_ws/install/hole_detector/share/hole_detector/package.xml
[4.730s] Invoked command in '/home/user/FinalProject/ros2_ws/build/hole_detector' returned '0': CMAKE_PREFIX_PATH=/home/user/FinalProject/ros2_ws/install/web_video_server:/home/user/FinalProject/ros2_ws/install/ur_simulation_gazebo:/home/user/FinalProject/ros2_ws/install/real_my_moveit_config:/home/user/FinalProject/ros2_ws/install/my_moveit_config:/home/user/FinalProject/ros2_ws/install/ur_description:/home/user/FinalProject/ros2_ws/install/the_construct_office_gazebo:/home/user/FinalProject/ros2_ws/install/robotnik_sensors:/home/user/FinalProject/ros2_ws/install/rg2_gripper_description:/home/user/FinalProject/ros2_ws/install/pick_and_place:/home/user/FinalProject/ros2_ws/install/hole_detector:/home/user/FinalProject/ros2_ws/install/gazebo_ros_pkgs:/home/user/FinalProject/ros2_ws/install/gazebo_plugins:/home/user/FinalProject/ros2_ws/install/gazebo_ros:/home/user/FinalProject/ros2_ws/install/gazebo_msgs:/home/user/FinalProject/ros2_ws/install/gazebo_dev:/home/simulations/ros2_sims_ws/install/common_interfaces:/home/simulations/ros2_sims_ws/install/visualization_msgs:/home/simulations/ros2_sims_ws/install/test_msgs:/home/simulations/ros2_sims_ws/install/example_interfaces:/home/simulations/ros2_sims_ws/install/action_msgs:/home/simulations/ros2_sims_ws/install/unique_identifier_msgs:/home/simulations/ros2_sims_ws/install/trajectory_msgs:/home/simulations/ros2_sims_ws/install/test_interface_files:/home/simulations/ros2_sims_ws/install/stereo_msgs:/home/simulations/ros2_sims_ws/install/std_srvs:/home/simulations/ros2_sims_ws/install/shape_msgs:/home/simulations/ros2_sims_ws/install/sensor_msgs:/home/simulations/ros2_sims_ws/install/nav_msgs:/home/simulations/ros2_sims_ws/install/diagnostic_msgs:/home/simulations/ros2_sims_ws/install/geometry_msgs:/home/simulations/ros2_sims_ws/install/actionlib_msgs:/home/simulations/ros2_sims_ws/install/std_msgs:/home/simulations/ros2_sims_ws/install/statistics_msgs:/home/simulations/ros2_sims_ws/install/rosgraph_msgs:/home/simulations/ros2_sims_ws/install/rclrs_example_msgs:/home/simulations/ros2_sims_ws/install/composition_interfaces:/home/simulations/ros2_sims_ws/install/rcl_interfaces:/home/simulations/ros2_sims_ws/install/lifecycle_msgs:/home/simulations/ros2_sims_ws/install/builtin_interfaces:/home/simulations/ros2_sims_ws/install/rosidl_default_runtime:/home/simulations/ros2_sims_ws/install/rosidl_default_generators:/home/simulations/ros2_sims_ws/install/rosidl_generator_rs:/home/user/ros2_ws/install/web_interface:/home/user/ros2_ws/install/web_video_server:/home/user/ros2_ws/install/ur_simulation_gazebo:/home/user/ros2_ws/install/ur3e_moveit_config:/home/user/ros2_ws/install/test_moveit_config:/home/user/ros2_ws/install/real_moveit_config:/home/user/ros2_ws/install/my_moveit_config:/home/user/ros2_ws/install/ur_description:/home/user/ros2_ws/install/the_construct_office_gazebo:/home/user/ros2_ws/install/tf2_web_republisher:/home/user/ros2_ws/install/ros_testing:/home/user/ros2_ws/install/robotnik_sensors_gazebo:/home/user/ros2_ws/install/robotnik_sensors:/home/user/ros2_ws/install/robotiq_85_gripper:/home/user/ros2_ws/install/robotiq_85_msgs:/home/user/ros2_ws/install/robotiq_85_description:/home/user/ros2_ws/install/rg2_gripper_description:/home/user/ros2_ws/install/pilz_industrial_motion_planner_testutils:/home/user/ros2_ws/install/moveit_runtime:/home/user/ros2_ws/install/moveit:/home/user/ros2_ws/install/moveit_planners:/home/user/ros2_ws/install/pilz_industrial_motion_planner:/home/user/ros2_ws/install/moveit_ros_control_interface:/home/user/ros2_ws/install/moveit_plugins:/home/user/ros2_ws/install/moveit_simple_controller_manager:/home/user/ros2_ws/install/moveit_setup_assistant:/home/user/ros2_ws/install/moveit_setup_srdf_plugins:/home/user/ros2_ws/install/moveit_setup_core_plugins:/home/user/ros2_ws/install/moveit_setup_controllers:/home/user/ros2_ws/install/moveit_setup_app_plugins:/home/user/ros2_ws/install/moveit_setup_framework:/home/user/ros2_ws/install/moveit_servo:/home/user/ros2_ws/install/moveit_ros:/home/user/ros2_ws/install/moveit_ros_visualization:/home/user/ros2_ws/install/moveit_hybrid_planning:/home/user/ros2_ws/install/moveit2_scripts:/home/user/ros2_ws/install/moveit_ros_planning_interface:/home/user/ros2_ws/install/moveit_ros_benchmarks:/home/user/ros2_ws/install/moveit_ros_warehouse:/home/user/ros2_ws/install/moveit_ros_robot_interaction:/home/user/ros2_ws/install/moveit_ros_perception:/home/user/ros2_ws/install/moveit_resources_prbt_pg70_support:/home/user/ros2_ws/install/moveit_resources_prbt_moveit_config:/home/user/ros2_ws/install/moveit_ros_move_group:/home/user/ros2_ws/install/moveit_planners_ompl:/home/user/ros2_ws/install/moveit_ros_planning:/home/user/ros2_ws/install/moveit_ros_occupancy_map_monitor:/home/user/ros2_ws/install/moveit_resources_prbt_support:/home/user/ros2_ws/install/moveit_resources_prbt_ikfast_manipulator_plugin:/home/user/ros2_ws/install/moveit_planners_chomp:/home/user/ros2_ws/install/moveit_kinematics:/home/user/ros2_ws/install/moveit_chomp_optimizer_adapter:/home/user/ros2_ws/install/chomp_motion_planner:/home/user/ros2_ws/install/moveit_core:/home/user/ros2_ws/install/moveit_common:/home/user/ros2_ws/install/main_navigation:/home/user/ros2_ws/install/get_cube_pose:/home/user/ros2_ws/install/gazebo_grasp_plugin_ros:/home/user/ros2_ws/install/gazebo_grasp_plugin:/home/user/ros2_ws/install/gazebo_version_helpers:/home/user/ros2_ws/install/gazebo_ros2_control_demos:/home/user/ros2_ws/install/gazebo_ros2_control:/home/user/ros2_ws/install/barista_table_finder:/home/user/ros2_ws/install/barista_gazebo:/home/user/ros2_ws/install/barista_extra_models:/home/user/ros2_ws/install/barista_dock_charger_station:/home/user/ros2_ws/install/barista_description:/home/user/ros2_ws/install/barista_alignment:/home/simulations/ros2_sims_ws/install/rclrs_tests:/home/simulations/ros2_sims_ws/install/examples_rclrs_minimal_client_service:/home/simulations/ros2_sims_ws/install/sensor_msgs_py:/home/simulations/ros2_sims_ws/install/examples_rclrs_minimal_pub_sub:/home/simulations/ros2_sims_ws/install/examples_rclrs_message_demo:/home/simulations/ros2_sims_ws/install/rclrs:/home/simulations/ros2_sims_ws/install/rosidl_runtime_rs:/home/user/ros2_ws/install/tf2_web_republisher_py:/home/user/ros2_ws/install/ros2test:/home/user/ros2_ws/install/robotiq_85_driver:/home/user/ros2_ws/install/path_planner_server:/home/user/ros2_ws/install/moveit_configs_utils:/home/user/ros2_ws/install/localization_server:/home/user/ros2_ws/install/cartographer_slam:/opt/ros/humble:/home/user/ros2_ws/install/async_web_server_cpp _=/usr/bin/env /usr/bin/cmake --install /home/user/FinalProject/ros2_ws/build/hole_detector
