-- The C compiler identification is GNU 11.3.0
-- The CXX compiler identification is GNU 11.3.0
-- Detecting C compiler ABI info
-- Detecting C compiler ABI info - done
-- Check for working C compiler: /usr/bin/cc - skipped
-- Detecting C compile features
-- Detecting C compile features - done
-- Detecting CXX compiler ABI info
-- Detecting CXX compiler ABI info - done
-- Check for working CXX compiler: /usr/bin/c++ - skipped
-- Detecting CXX compile features
-- Detecting CXX compile features - done
-- Found ament_cmake: 1.3.4 (/opt/ros/humble/share/ament_cmake/cmake)
-- Found Python3: /usr/bin/python3.10 (found version "3.10.6") found components: Interpreter 
-- Found rclcpp: 16.0.4 (/opt/ros/humble/share/rclcpp/cmake)
-- Found rosidl_generator_c: 3.1.4 (/opt/ros/humble/share/rosidl_generator_c/cmake)
-- Found rosidl_adapter: 3.1.4 (/opt/ros/humble/share/rosidl_adapter/cmake)
-- Found rosidl_generator_cpp: 3.1.4 (/opt/ros/humble/share/rosidl_generator_cpp/cmake)
-- Using all available rosidl_typesupport_c: rosidl_typesupport_fastrtps_c;rosidl_typesupport_introspection_c
-- Using all available rosidl_typesupport_cpp: rosidl_typesupport_fastrtps_cpp;rosidl_typesupport_introspection_cpp
-- Found rmw_implementation_cmake: 6.1.1 (/opt/ros/humble/share/rmw_implementation_cmake/cmake)
-- Found rmw_fastrtps_cpp: 6.2.2 (/opt/ros/humble/share/rmw_fastrtps_cpp/cmake)
-- Found OpenSSL: /usr/lib/x86_64-linux-gnu/libcrypto.so (found version "3.0.2")  
-- Found FastRTPS: /opt/ros/humble/include  
-- Using RMW implementation 'rmw_fastrtps_cpp' as default
-- Looking for pthread.h
-- Looking for pthread.h - found
-- Performing Test CMAKE_HAVE_LIBC_PTHREAD
-- Performing Test CMAKE_HAVE_LIBC_PTHREAD - Success
-- Found Threads: TRUE  
-- Found rclcpp_action: 16.0.4 (/opt/ros/humble/share/rclcpp_action/cmake)
-- Found moveit_core: 2.5.4 (/home/user/ros2_ws/install/moveit_core/share/moveit_core/cmake)
-- Found Boost: /usr/lib/x86_64-linux-gnu/cmake/Boost-1.74.0/BoostConfig.cmake (found version "1.74.0") found components: chrono date_time filesystem iostreams program_options regex serialization system thread 
-- Found parameter_traits: 0.3.3 (/opt/ros/humble/share/parameter_traits/cmake)
-- Found rclcpp_lifecycle: 16.0.4 (/opt/ros/humble/share/rclcpp_lifecycle/cmake)
-- Found Boost: /usr/lib/x86_64-linux-gnu/cmake/Boost-1.74.0/BoostConfig.cmake (found version "1.74.0") found components: filesystem 
-- library: /usr/lib/x86_64-linux-gnu/libcurl.so
-- Found Eigen3: TRUE (found version "3.4.0") 
-- Ensuring Eigen3 include directory is part of orocos-kdl CMake target
-- Found moveit_ros_planning: 2.5.4 (/home/user/ros2_ws/install/moveit_ros_planning/share/moveit_ros_planning/cmake)
-- Found Boost: /usr/lib/x86_64-linux-gnu/cmake/Boost-1.74.0/BoostConfig.cmake (found version "1.74.0") found components: system filesystem date_time program_options thread chrono 
-- Found moveit_ros_planning_interface: 2.5.4 (/home/user/ros2_ws/install/moveit_ros_planning_interface/share/moveit_ros_planning_interface/cmake)
-- Found Boost: /usr/lib/x86_64-linux-gnu/cmake/Boost-1.74.0/BoostConfig.cmake (found version "1.74.0") found components: date_time filesystem program_options system thread 
-- Found Boost: /usr/lib/x86_64-linux-gnu/cmake/Boost-1.74.0/BoostConfig.cmake (found version "1.74.0") found components: thread system filesystem regex date_time program_options 
-- Found Boost: /usr/lib/x86_64-linux-gnu/cmake/Boost-1.74.0/BoostConfig.cmake (found version "1.74.0") found components: system filesystem date_time program_options thread 
-- Found interactive_markers: 2.3.2 (/opt/ros/humble/share/interactive_markers/cmake)
-- Found control_msgs: 4.4.0 (/opt/ros/humble/share/control_msgs/cmake)
-- Found grasping_msgs: 0.4.0 (/opt/ros/humble/share/grasping_msgs/cmake)
-- Found hole_detector: 0.0.0 (/home/user/FinalProject/ros2_ws/install/hole_detector/share/hole_detector/cmake)
-- Found ament_lint_auto: 0.12.6 (/opt/ros/humble/share/ament_lint_auto/cmake)
-- Added test 'copyright' to check source files copyright and LICENSE
-- Added test 'cppcheck' to perform static code analysis on C / C++ code
-- Configured cppcheck include dirs: /home/user/FinalProject/ros2_ws/src/pick_and_place/include
-- Configured cppcheck exclude dirs and/or files: 
-- Added test 'cpplint' to check C / C++ code against the Google style
-- Configured cpplint exclude dirs and/or files: 
-- Added test 'flake8' to check Python code syntax and style conventions
-- Added test 'lint_cmake' to check CMake code style
-- Added test 'pep257' to check Python code against some of the docstring style conventions in PEP 257
-- Added test 'uncrustify' to check C / C++ code style
-- Configured uncrustify additional arguments: 
-- Added test 'xmllint' to check XML markup files
-- Configuring done
-- Generating done
-- Build files have been written to: /home/user/FinalProject/ros2_ws/build/pick_and_place
[ 25%] [32mBuilding CXX object CMakeFiles/pick_and_place_perception_sim.dir/src/pick_and_place_perception_sim.cpp.o[0m
[ 50%] [32m[1mLinking CXX executable pick_and_place_perception_sim[0m
[ 50%] Built target pick_and_place_perception_sim
[ 75%] [32mBuilding CXX object CMakeFiles/pick_and_place_perception.dir/src/pick_and_place_perception.cpp.o[0m
[100%] [32m[1mLinking CXX executable pick_and_place_perception[0m
[100%] Built target pick_and_place_perception
-- Install configuration: ""
-- Installing: /home/user/FinalProject/ros2_ws/install/pick_and_place/lib/pick_and_place/pick_and_place_perception_sim
-- Set runtime path of "/home/user/FinalProject/ros2_ws/install/pick_and_place/lib/pick_and_place/pick_and_place_perception_sim" to ""
-- Installing: /home/user/FinalProject/ros2_ws/install/pick_and_place/lib/pick_and_place/pick_and_place_perception
-- Set runtime path of "/home/user/FinalProject/ros2_ws/install/pick_and_place/lib/pick_and_place/pick_and_place_perception" to ""
-- Installing: /home/user/FinalProject/ros2_ws/install/pick_and_place/share/pick_and_place/launch
-- Installing: /home/user/FinalProject/ros2_ws/install/pick_and_place/share/pick_and_place/launch/pick_and_place_perception_sim.launch.py
-- Installing: /home/user/FinalProject/ros2_ws/install/pick_and_place/share/pick_and_place/launch/pick_and_place_perception_real.launch.py
-- Installing: /home/user/FinalProject/ros2_ws/install/pick_and_place/share/pick_and_place/rviz
-- Installing: /home/user/FinalProject/ros2_ws/install/pick_and_place/share/pick_and_place/rviz/rviz2.rviz
-- Installing: /home/user/FinalProject/ros2_ws/install/pick_and_place/share/ament_index/resource_index/package_run_dependencies/pick_and_place
-- Installing: /home/user/FinalProject/ros2_ws/install/pick_and_place/share/ament_index/resource_index/parent_prefix_path/pick_and_place
-- Installing: /home/user/FinalProject/ros2_ws/install/pick_and_place/share/pick_and_place/environment/ament_prefix_path.sh
-- Installing: /home/user/FinalProject/ros2_ws/install/pick_and_place/share/pick_and_place/environment/ament_prefix_path.dsv
-- Installing: /home/user/FinalProject/ros2_ws/install/pick_and_place/share/pick_and_place/environment/path.sh
-- Installing: /home/user/FinalProject/ros2_ws/install/pick_and_place/share/pick_and_place/environment/path.dsv
-- Installing: /home/user/FinalProject/ros2_ws/install/pick_and_place/share/pick_and_place/local_setup.bash
-- Installing: /home/user/FinalProject/ros2_ws/install/pick_and_place/share/pick_and_place/local_setup.sh
-- Installing: /home/user/FinalProject/ros2_ws/install/pick_and_place/share/pick_and_place/local_setup.zsh
-- Installing: /home/user/FinalProject/ros2_ws/install/pick_and_place/share/pick_and_place/local_setup.dsv
-- Installing: /home/user/FinalProject/ros2_ws/install/pick_and_place/share/pick_and_place/package.dsv
-- Installing: /home/user/FinalProject/ros2_ws/install/pick_and_place/share/ament_index/resource_index/packages/pick_and_place
-- Installing: /home/user/FinalProject/ros2_ws/install/pick_and_place/share/pick_and_place/cmake/pick_and_placeConfig.cmake
-- Installing: /home/user/FinalProject/ros2_ws/install/pick_and_place/share/pick_and_place/cmake/pick_and_placeConfig-version.cmake
-- Installing: /home/user/FinalProject/ros2_ws/install/pick_and_place/share/pick_and_place/package.xml
